socket server started on port 4000
Listening HTTP on port 3000
requested_plain_url ==>    /Employee/registerEmployee
required check ------------------------->  false
checkDuplicateEmployee 
select count(id) as count from employee_master where personal_email in('mohit@gmail.com') OR contact_number in('7897891423')
insertEmployee sql 
 insert into employee_master(
                    name,
                    personal_email,
                    official_email,
                    password,
                    current_address,
                    permanent_address,
                    contact_number,
                    emergency_number,
                    add_image,
                    department,
                    reporting_to
                ) values(
                    'mohit',
                    'mohit@gmail.com',
                    'mohit123@gmail.com',
                    '123456',
                    'Rajkot',
                    'Rajkot',
                    '7897891423',
                    '8989898989',
                    NULL,
                    6,
                    '2'
                )
users sql 
 
userres
