socket server started on port 4000
Listening HTTP on port 3000
requested_plain_url ==>    /User/YYQsCi.jpeg
multimedia[(multimedia.length - 1)]jpeg
required check ------------------------->  false
requested_plain_url ==>    /User/currentUser
required check ------------------------->  false
currentUser sql ------------->  select 
                    um.*,
                    if(um.user_group = 'admin_staff', sm.id , null) as type_id,
                    2 as type,
                    null as parent_id,
                    ur.id as user_role_id,
                    ur.name as user_role
                from user_master as um 
                left join staff_master as sm on sm.id = um.user_group_id 
                left join user_role as ur on ur.id = um.user_role_id
                where um.id = 2 and um.status = 1 group by um.id
requested_plain_url ==>    /User/removeUserImage
required check ------------------------->  false
null
requested_plain_url ==>    /Application/getAdvertiserAppHitCount
required check ------------------------->  false
getAdvertiserAppHitCount sql 
  select 
                        am.id,
                        am.name,
                        am.icon,
                        am.banner,
                        am.package,
                        (select count(id) from application_hit_count where request_id = am.id) as total_count,
                        (select count(id) from application_hit_count where request_id = am.id and cast(create_date as date) = '2020-02-11') as today_count
                    from application_master as am
                    where am.user_id = '2' 
                    group by am.id
                    order by am.name asc
requested_plain_url ==>    /User/getAuthTokens
required check ------------------------->  false
getAuthTokens login  sql ---------------------> 
	  select 
                            um.*, 
                            ur.id as user_role_id, 
                            ur.name as user_role,
                            um.status 
                        from user_master as um  
                        left join user_role as ur on ur.id = um.user_role_id 
                        where BINARY um.username ='adNetwork' or BINARY um.email_id ='adNetwork' 
                        and BINARY um.user_group = 'admin' group by um.id limit 1
expire in =>  6317  seconds
expire in =>  6317  seconds
requested_plain_url ==>    /Application/getAdvertiserAppHitCount
required check ------------------------->  false
getAdvertiserAppHitCount sql 
  select 
                        am.id,
                        am.name,
                        am.icon,
                        am.banner,
                        am.package,
                        (select count(id) from application_hit_count where request_id = am.id) as total_count,
                        (select count(id) from application_hit_count where request_id = am.id and cast(create_date as date) = '2020-02-11') as today_count
                    from application_master as am
                    where am.user_id = '2' 
                    group by am.id
                    order by am.name asc
requested_plain_url ==>    /User/currentUser
required check ------------------------->  false
currentUser sql ------------->  select 
                    um.*,
                    if(um.user_group = 'admin_staff', sm.id , null) as type_id,
                    2 as type,
                    null as parent_id,
                    ur.id as user_role_id,
                    ur.name as user_role
                from user_master as um 
                left join staff_master as sm on sm.id = um.user_group_id 
                left join user_role as ur on ur.id = um.user_role_id
                where um.id = 2 and um.status = 1 group by um.id
requested_plain_url ==>    /UserRole/getUserRoleToRight
required check ------------------------->  false
requested_plain_url ==>    /User/currentUser
required check ------------------------->  false
currentUser sql ------------->  select 
                    um.*,
                    if(um.user_group = 'admin_staff', sm.id , null) as type_id,
                    2 as type,
                    null as parent_id,
                    ur.id as user_role_id,
                    ur.name as user_role
                from user_master as um 
                left join staff_master as sm on sm.id = um.user_group_id 
                left join user_role as ur on ur.id = um.user_role_id
                where um.id = 2 and um.status = 1 group by um.id
requested_plain_url ==>    /User/uploadUserImage
required check ------------------------->  false
requested_plain_url ==>    /User/DZxuCq.jpeg
multimedia[(multimedia.length - 1)]jpeg
required check ------------------------->  false
requested_plain_url ==>    /User/removeUserImage
required check ------------------------->  false
requested_plain_url ==>    /User/removeUserImage
required check ------------------------->  false
Delete  SocketId:G_u0V--lE771edYpAAAA
requested_plain_url ==>    /User/currentUser
required check ------------------------->  false
currentUser sql ------------->  select 
                    um.*,
                    if(um.user_group = 'admin_staff', sm.id , null) as type_id,
                    2 as type,
                    null as parent_id,
                    ur.id as user_role_id,
                    ur.name as user_role
                from user_master as um 
                left join staff_master as sm on sm.id = um.user_group_id 
                left join user_role as ur on ur.id = um.user_role_id
                where um.id = 2 and um.status = 1 group by um.id
requested_plain_url ==>    /User/DZxuCq.jpeg
multimedia[(multimedia.length - 1)]jpeg
required check ------------------------->  false
requested_plain_url ==>    /User/removeUserImage
required check ------------------------->  false
null
requested_plain_url ==>    /User/uploadUserImage
required check ------------------------->  false
requested_plain_url ==>    /User/P4nrHc.jpeg
multimedia[(multimedia.length - 1)]jpeg
required check ------------------------->  false
requested_plain_url ==>    /User/removeUserImage
required check ------------------------->  false
{ [Error: ENOENT: no such file or directory, unlink '/var/www/html/hrm/server/Images/User/DZxuCq.jpeg']
  errno: -2,
  code: 'ENOENT',
  syscall: 'unlink',
  path: '/var/www/html/hrm/server/Images/User/DZxuCq.jpeg' }
Delete  SocketId:F_BpX85x6zgLsYTFAAAB
requested_plain_url ==>    /User/DZxuCq.jpeg
multimedia[(multimedia.length - 1)]jpeg
required check ------------------------->  false
requested_plain_url ==>    /User/currentUser
required check ------------------------->  false
currentUser sql ------------->  select 
                    um.*,
                    if(um.user_group = 'admin_staff', sm.id , null) as type_id,
                    2 as type,
                    null as parent_id,
                    ur.id as user_role_id,
                    ur.name as user_role
                from user_master as um 
                left join staff_master as sm on sm.id = um.user_group_id 
                left join user_role as ur on ur.id = um.user_role_id
                where um.id = 2 and um.status = 1 group by um.id
Delete  SocketId:lU_1_4BfakLMlazLAAAC
requested_plain_url ==>    /User/currentUser
required check ------------------------->  false
currentUser sql ------------->  select 
                    um.*,
                    if(um.user_group = 'admin_staff', sm.id , null) as type_id,
                    2 as type,
                    null as parent_id,
                    ur.id as user_role_id,
                    ur.name as user_role
                from user_master as um 
                left join staff_master as sm on sm.id = um.user_group_id 
                left join user_role as ur on ur.id = um.user_role_id
                where um.id = 2 and um.status = 1 group by um.id
requested_plain_url ==>    /User/uploadUserImage
required check ------------------------->  false
requested_plain_url ==>    /User/b79rFp.jpeg
multimedia[(multimedia.length - 1)]jpeg
required check ------------------------->  false
Delete  SocketId:lw2Md1KKRf3d8vGrAAAD
requested_plain_url ==>    /User/currentUser
required check ------------------------->  false
currentUser sql ------------->  select 
                    um.*,
                    if(um.user_group = 'admin_staff', sm.id , null) as type_id,
                    2 as type,
                    null as parent_id,
                    ur.id as user_role_id,
                    ur.name as user_role
                from user_master as um 
                left join staff_master as sm on sm.id = um.user_group_id 
                left join user_role as ur on ur.id = um.user_role_id
                where um.id = 2 and um.status = 1 group by um.id
requested_plain_url ==>    /User/b79rFp.jpeg
multimedia[(multimedia.length - 1)]jpeg
required check ------------------------->  false
requested_plain_url ==>    /User/removeUserImage
required check ------------------------->  false
null
Delete  SocketId:gV-9FFiZEIFi670xAAAE
requested_plain_url ==>    /User/b79rFp.jpeg
multimedia[(multimedia.length - 1)]jpeg
required check ------------------------->  false
requested_plain_url ==>    /User/currentUser
required check ------------------------->  false
currentUser sql ------------->  select 
                    um.*,
                    if(um.user_group = 'admin_staff', sm.id , null) as type_id,
                    2 as type,
                    null as parent_id,
                    ur.id as user_role_id,
                    ur.name as user_role
                from user_master as um 
                left join staff_master as sm on sm.id = um.user_group_id 
                left join user_role as ur on ur.id = um.user_role_id
                where um.id = 2 and um.status = 1 group by um.id
requested_plain_url ==>    /User/uploadUserImage
required check ------------------------->  false
requested_plain_url ==>    /User/o1tvKK.jpeg
multimedia[(multimedia.length - 1)]jpeg
required check ------------------------->  false
requested_plain_url ==>    /User/removeUserImage
required check ------------------------->  false
requested_plain_url ==>    /User/removeUserImage
required check ------------------------->  false
Delete  SocketId:sNZeamtyRdZm8QLGAAAF
requested_plain_url ==>    /User/currentUser
required check ------------------------->  false
currentUser sql ------------->  select 
                    um.*,
                    if(um.user_group = 'admin_staff', sm.id , null) as type_id,
                    2 as type,
                    null as parent_id,
                    ur.id as user_role_id,
                    ur.name as user_role
                from user_master as um 
                left join staff_master as sm on sm.id = um.user_group_id 
                left join user_role as ur on ur.id = um.user_role_id
                where um.id = 2 and um.status = 1 group by um.id
requested_plain_url ==>    /User/o1tvKK.jpeg
multimedia[(multimedia.length - 1)]jpeg
required check ------------------------->  false
requested_plain_url ==>    /User/removeUserImage
required check ------------------------->  false
null
Delete  SocketId:LE81IoGq110ya4KeAAAG
requested_plain_url ==>    /User/o1tvKK.jpeg
multimedia[(multimedia.length - 1)]jpeg
required check ------------------------->  false
requested_plain_url ==>    /User/currentUser
required check ------------------------->  false
currentUser sql ------------->  select 
                    um.*,
                    if(um.user_group = 'admin_staff', sm.id , null) as type_id,
                    2 as type,
                    null as parent_id,
                    ur.id as user_role_id,
                    ur.name as user_role
                from user_master as um 
                left join staff_master as sm on sm.id = um.user_group_id 
                left join user_role as ur on ur.id = um.user_role_id
                where um.id = 2 and um.status = 1 group by um.id
