socket server started on port 4000
Listening HTTP on port 3000
Delete  SocketId:YV4ldzzBmi9SuXymAAAA
requested_plain_url ==>    /Employee/countEmployee
required check ------------------------->  false
requested_plain_url ==>    /User/wddUpq.jpeg
multimedia[(multimedia.length - 1)]jpeg
required check ------------------------->  false
requested_plain_url ==>    /Employee/employeeByPg
required check ------------------------->  false
getEmployee sql ===> select * from employee_master
Delete  SocketId:C8YqUKu9l6H7fWPdAAAB
requested_plain_url ==>    /User/wddUpq.jpeg
multimedia[(multimedia.length - 1)]jpeg
required check ------------------------->  false
requested_plain_url ==>    /Employee/countEmployee
required check ------------------------->  false
requested_plain_url ==>    /Employee/employeeByPg
required check ------------------------->  false
getEmployee sql ===> select * from employee_master
requested_plain_url ==>    /Employee/employeeByPg
required check ------------------------->  false
getEmployee sql ===> select * from employee_master
