socket server started on port 4002
Listening HTTP on port 3004
requested_plain_url ==>    /User/getAuthTokens
required check ------------------------->  false
getAuthTokens login  sql ---------------------> 
	  select 
                            um.*, 
                            ur.id as user_role_id, 
                            ur.name as user_role,
                            um.status 
                        from user_master as um  
                        left join user_role as ur on ur.id = um.user_role_id 
                        where BINARY um.username ='adNetwork' or BINARY um.email_id ='adNetwork' 
                        and BINARY um.user_group = 'admin' group by um.id limit 1
a[c] ------> $
salt ----------------------------------> b.join('')hL7NhcRDEqMyvCEX$oPBWDnJxssXcVry
_updateTokenDetails sql ============> 	
 update user_master set  
                    access_token = "hL7NhcRDEqMyvCEX$oPBWDnJxssXcVry",
                    refresh_token = "wIWyBkiXCWm8Xt0h{Pk7hb83HOmimuws",
                    expire_time = "2020-02-10 11:24:15"
                    where id = 2
expire in =>  7140  seconds
expire in =>  7140  seconds
requested_plain_url ==>    /Application/getAdvertiserAppHitCount
required check ------------------------->  false
getAdvertiserAppHitCount sql 
  select 
                        am.id,
                        am.name,
                        am.icon,
                        am.banner,
                        am.package,
                        (select count(id) from application_hit_count where request_id = am.id) as total_count,
                        (select count(id) from application_hit_count where request_id = am.id and cast(create_date as date) = '2020-02-10') as today_count
                    from application_master as am
                    where am.user_id = '2' 
                    group by am.id
                    order by am.name asc
requested_plain_url ==>    /User/currentUser
required check ------------------------->  false
currentUser sql ------------->  select 
                    um.*,
                    if(um.user_group = 'admin_staff', sm.id , null) as type_id,
                    2 as type,
                    null as parent_id,
                    ur.id as user_role_id,
                    ur.name as user_role
                from user_master as um 
                left join staff_master as sm on sm.id = um.user_group_id 
                left join user_role as ur on ur.id = um.user_role_id
                where um.id = 2 and um.status = 1 group by um.id
requested_plain_url ==>    /UserRole/getUserRoleToRight
required check ------------------------->  false
requested_plain_url ==>    /User/EtiN5C.jpeg
multimedia[(multimedia.length - 1)]jpeg
required check ------------------------->  false
requested_plain_url ==>    /User/getAuthTokens
required check ------------------------->  false
getAuthTokens login  sql ---------------------> 
	  select 
                            um.*, 
                            ur.id as user_role_id, 
                            ur.name as user_role,
                            um.status 
                        from user_master as um  
                        left join user_role as ur on ur.id = um.user_role_id 
                        where BINARY um.username ='raj@gmail.com' or BINARY um.email_id ='raj@gmail.com' 
                        and BINARY um.user_group = 'advertiser' group by um.id limit 1
a[c] ------> )
salt ----------------------------------> b.join('')jeuA6u3qcnSBhgLq)ftQHyj0rbQL9iyo
_updateTokenDetails sql ============> 	
 update user_master set  
                    access_token = "jeuA6u3qcnSBhgLq)ftQHyj0rbQL9iyo",
                    refresh_token = "lwomoaMMsLFHbfWx(QUyCgXeh9MgTgkh",
                    expire_time = "2020-02-10 11:24:27"
                    where id = 20
expire in =>  7140  seconds
expire in =>  7140  seconds
requested_plain_url ==>    /Application/getAdvertiserAppHitCount
required check ------------------------->  false
getAdvertiserAppHitCount sql 
  select 
                        am.id,
                        am.name,
                        am.icon,
                        am.banner,
                        am.package,
                        (select count(id) from application_hit_count where request_id = am.id) as total_count,
                        (select count(id) from application_hit_count where request_id = am.id and cast(create_date as date) = '2020-02-10') as today_count
                    from application_master as am
                    where am.user_id = '20' 
                    group by am.id
                    order by am.name asc
requested_plain_url ==>    /User/currentUser
required check ------------------------->  false
currentUser sql ------------->  select 
                    um.*,
                    if(um.user_group = 'admin_staff', sm.id , null) as type_id,
                    2 as type,
                    null as parent_id,
                    ur.id as user_role_id,
                    ur.name as user_role
                from user_master as um 
                left join staff_master as sm on sm.id = um.user_group_id 
                left join user_role as ur on ur.id = um.user_role_id
                where um.id = 20 and um.status = 1 group by um.id
requested_plain_url ==>    /User/J8Xx47.jpg
multimedia[(multimedia.length - 1)]jpg
required check ------------------------->  false
requested_plain_url ==>    /UserRole/getUserRoleToRight
required check ------------------------->  false
requested_plain_url ==>    /Application/q5cGVp.jpg
multimedia[(multimedia.length - 1)]jpg
required check ------------------------->  false
requested_plain_url ==>    /Application/nSok38.jpeg
multimedia[(multimedia.length - 1)]jpeg
required check ------------------------->  false
requested_plain_url ==>    /User/getAuthTokens
required check ------------------------->  false
getAuthTokens login  sql ---------------------> 
	  select 
                            um.*, 
                            ur.id as user_role_id, 
                            ur.name as user_role,
                            um.status 
                        from user_master as um  
                        left join user_role as ur on ur.id = um.user_role_id 
                        where BINARY um.username ='dixit20051998@gmail.com' or BINARY um.email_id ='dixit20051998@gmail.com' 
                        and BINARY um.user_group = 'publisher' group by um.id limit 1
a[c] ------> *
salt ----------------------------------> b.join('')VJdVCKhmamYfHK1i*BRYoUEaaQ9iPyHs
_updateTokenDetails sql ============> 	
 update user_master set  
                    access_token = "VJdVCKhmamYfHK1i*BRYoUEaaQ9iPyHs",
                    refresh_token = "nsMLVCLGToUEdFlZ{AcrvZZxu1jBP5N3",
                    expire_time = "2020-02-10 11:24:42"
                    where id = 19
expire in =>  7140  seconds
expire in =>  7140  seconds
requested_plain_url ==>    /Application/getPublisherAppHitCount
required check ------------------------->  false
getPublisherAppHitCount sql 
  select 
                        am.id,
                        am.name,
                        am.icon,
                        am.banner,
                        am.package,
                        (select count(request_id) from application_hit_count where request_id = am.id) as total_impression_count,
                        (select count(request_id) from application_hit_count where request_id = am.id and cast(create_date as date) = '2020-02-10') as today_impression_count,
                        (select count(id) from application_hit_count where app_id = am.id) as total_hit_count,
                        (select count(id) from application_hit_count where app_id = am.id and cast(create_date as date) = '2020-02-10') as today_hit_count
                    from application_master as am
                    where am.user_id = '19' 
                    group by am.id
                    order by am.name asc
requested_plain_url ==>    /User/currentUser
required check ------------------------->  false
currentUser sql ------------->  select 
                    um.*,
                    if(um.user_group = 'admin_staff', sm.id , null) as type_id,
                    2 as type,
                    null as parent_id,
                    ur.id as user_role_id,
                    ur.name as user_role
                from user_master as um 
                left join staff_master as sm on sm.id = um.user_group_id 
                left join user_role as ur on ur.id = um.user_role_id
                where um.id = 19 and um.status = 1 group by um.id
requested_plain_url ==>    /User/CUyzTB.jpeg
multimedia[(multimedia.length - 1)]jpeg
required check ------------------------->  false
requested_plain_url ==>    /UserRole/getUserRoleToRight
required check ------------------------->  false
requested_plain_url ==>    /Application/AbQyVA.jpeg
multimedia[(multimedia.length - 1)]jpeg
required check ------------------------->  false
requested_plain_url ==>    /Application/Fvq1WO.jpeg
multimedia[(multimedia.length - 1)]jpeg
required check ------------------------->  false
Delete  SocketId:G73MgmR_BLzebYOBAAAA
Delete  SocketId:Auwg5YydG_ru8fq3AAAB
requested_plain_url ==>    /User/EtiN5C.jpeg
multimedia[(multimedia.length - 1)]jpeg
required check ------------------------->  false
requested_plain_url ==>    /Application/getAdvertiserAppHitCount
required check ------------------------->  false
getAdvertiserAppHitCount sql 
  select 
                        am.id,
                        am.name,
                        am.icon,
                        am.banner,
                        am.package,
                        (select count(id) from application_hit_count where request_id = am.id) as total_count,
                        (select count(id) from application_hit_count where request_id = am.id and cast(create_date as date) = '2020-02-10') as today_count
                    from application_master as am
                    where am.user_id = '2' 
                    group by am.id
                    order by am.name asc
requested_plain_url ==>    /User/CUyzTB.jpeg
multimedia[(multimedia.length - 1)]jpeg
required check ------------------------->  false
requested_plain_url ==>    /Application/getPublisherAppHitCount
required check ------------------------->  false
getPublisherAppHitCount sql 
  select 
                        am.id,
                        am.name,
                        am.icon,
                        am.banner,
                        am.package,
                        (select count(request_id) from application_hit_count where request_id = am.id) as total_impression_count,
                        (select count(request_id) from application_hit_count where request_id = am.id and cast(create_date as date) = '2020-02-10') as today_impression_count,
                        (select count(id) from application_hit_count where app_id = am.id) as total_hit_count,
                        (select count(id) from application_hit_count where app_id = am.id and cast(create_date as date) = '2020-02-10') as today_hit_count
                    from application_master as am
                    where am.user_id = '19' 
                    group by am.id
                    order by am.name asc
requested_plain_url ==>    /Application/AbQyVA.jpeg
multimedia[(multimedia.length - 1)]jpeg
required check ------------------------->  false
requested_plain_url ==>    /Application/Fvq1WO.jpeg
multimedia[(multimedia.length - 1)]jpeg
required check ------------------------->  false
requested_plain_url ==>    /UserRole/getUserRole
required check ------------------------->  false
getUserRole sql ===> select ur.* from user_role as ur 
requested_plain_url ==>    /UserRole/getUserRight
required check ------------------------->  false
requested_plain_url ==>    /UserRole/getUserRoleToRight
required check ------------------------->  false
requested_plain_url ==>    /UserRole/registerUserRoleToRight
required check ------------------------->  false
						 
 new_right_updated brodcasted 
requested_plain_url ==>    /UserRole/getUserRoleToRight
required check ------------------------->  false
requested_plain_url ==>    /UserRole/getUserRoleToRight
required check ------------------------->  false
requested_plain_url ==>    /UserRole/registerUserRoleToRight
required check ------------------------->  false
						 
 new_right_updated brodcasted 
requested_plain_url ==>    /UserRole/getUserRoleToRight
required check ------------------------->  false
requested_plain_url ==>    /UserRole/getUserRoleToRight
required check ------------------------->  false
requested_plain_url ==>    /UserRole/registerUserRoleToRight
required check ------------------------->  false
						 
 new_right_updated brodcasted 
requested_plain_url ==>    /UserRole/getUserRoleToRight
required check ------------------------->  false
requested_plain_url ==>    /UserRole/getUserRoleToRight
required check ------------------------->  false
requested_plain_url ==>    /UserRole/registerUserRoleToRight
required check ------------------------->  false
						 
 new_right_updated brodcasted 
requested_plain_url ==>    /UserRole/getUserRoleToRight
required check ------------------------->  false
requested_plain_url ==>    /UserRole/getUserRoleToRight
required check ------------------------->  false
Delete  SocketId:pFcViJNuz87xKAcDAAAD
requested_plain_url ==>    /User/CUyzTB.jpeg
multimedia[(multimedia.length - 1)]jpeg
required check ------------------------->  false
requested_plain_url ==>    /Application/getPublisherAppHitCount
required check ------------------------->  false
getPublisherAppHitCount sql 
  select 
                        am.id,
                        am.name,
                        am.icon,
                        am.banner,
                        am.package,
                        (select count(request_id) from application_hit_count where request_id = am.id) as total_impression_count,
                        (select count(request_id) from application_hit_count where request_id = am.id and cast(create_date as date) = '2020-02-10') as today_impression_count,
                        (select count(id) from application_hit_count where app_id = am.id) as total_hit_count,
                        (select count(id) from application_hit_count where app_id = am.id and cast(create_date as date) = '2020-02-10') as today_hit_count
                    from application_master as am
                    where am.user_id = '19' 
                    group by am.id
                    order by am.name asc
requested_plain_url ==>    /Application/AbQyVA.jpeg
multimedia[(multimedia.length - 1)]jpeg
required check ------------------------->  false
requested_plain_url ==>    /Application/Fvq1WO.jpeg
multimedia[(multimedia.length - 1)]jpeg
required check ------------------------->  false
Delete  SocketId:BJoaJY2t8yx4-0VcAAAC
requested_plain_url ==>    /User/EtiN5C.jpeg
multimedia[(multimedia.length - 1)]jpeg
required check ------------------------->  false
requested_plain_url ==>    /UserRole/getUserRole
required check ------------------------->  false
getUserRole sql ===> select ur.* from user_role as ur 
requested_plain_url ==>    /UserRole/getUserRight
required check ------------------------->  false
requested_plain_url ==>    /User/getAuthTokens
required check ------------------------->  false
getAuthTokens login  sql ---------------------> 
	  select 
                            um.*, 
                            ur.id as user_role_id, 
                            ur.name as user_role,
                            um.status 
                        from user_master as um  
                        left join user_role as ur on ur.id = um.user_role_id 
                        where BINARY um.username ='raj@gmail.com' or BINARY um.email_id ='raj@gmail.com' 
                        and BINARY um.user_group = 'publisher' group by um.id limit 1
Delete  SocketId:MoD5Q8h1mF3VRtf8AAAG
Delete  SocketId:mcyWNQsuW0Sqt0pAAAAH
requested_plain_url ==>    /User/getAuthTokens
required check ------------------------->  false
getAuthTokens login  sql ---------------------> 
	  select 
                            um.*, 
                            ur.id as user_role_id, 
                            ur.name as user_role,
                            um.status 
                        from user_master as um  
                        left join user_role as ur on ur.id = um.user_role_id 
                        where BINARY um.username ='dixit20051998@gmail.com' or BINARY um.email_id ='dixit20051998@gmail.com' 
                        and BINARY um.user_group = 'publisher' group by um.id limit 1
expire in =>  6701  seconds
expire in =>  6701  seconds
requested_plain_url ==>    /Application/getPublisherAppHitCount
required check ------------------------->  false
getPublisherAppHitCount sql 
  select 
                        am.id,
                        am.name,
                        am.icon,
                        am.banner,
                        am.package,
                        (select count(request_id) from application_hit_count where request_id = am.id) as total_impression_count,
                        (select count(request_id) from application_hit_count where request_id = am.id and cast(create_date as date) = '2020-02-10') as today_impression_count,
                        (select count(id) from application_hit_count where app_id = am.id) as total_hit_count,
                        (select count(id) from application_hit_count where app_id = am.id and cast(create_date as date) = '2020-02-10') as today_hit_count
                    from application_master as am
                    where am.user_id = '19' 
                    group by am.id
                    order by am.name asc
requested_plain_url ==>    /User/currentUser
required check ------------------------->  false
currentUser sql ------------->  select 
                    um.*,
                    if(um.user_group = 'admin_staff', sm.id , null) as type_id,
                    2 as type,
                    null as parent_id,
                    ur.id as user_role_id,
                    ur.name as user_role
                from user_master as um 
                left join staff_master as sm on sm.id = um.user_group_id 
                left join user_role as ur on ur.id = um.user_role_id
                where um.id = 19 and um.status = 1 group by um.id
requested_plain_url ==>    /User/CUyzTB.jpeg
multimedia[(multimedia.length - 1)]jpeg
required check ------------------------->  false
requested_plain_url ==>    /UserRole/getUserRoleToRight
required check ------------------------->  false
requested_plain_url ==>    /Application/AbQyVA.jpeg
multimedia[(multimedia.length - 1)]jpeg
required check ------------------------->  false
requested_plain_url ==>    /Application/Fvq1WO.jpeg
multimedia[(multimedia.length - 1)]jpeg
required check ------------------------->  false
requested_plain_url ==>    /AP/countUsers
required check ------------------------->  false
requested_plain_url ==>    /AP/usersByPg
required check ------------------------->  false
requested_plain_url ==>    /UserRole/getUserRole
required check ------------------------->  false
getUserRole sql ===> select ur.* from user_role as ur 
requested_plain_url ==>    /UserRole/getUserRight
required check ------------------------->  false
requested_plain_url ==>    /UserRole/getUserRoleToRight
required check ------------------------->  false
requested_plain_url ==>    /UserRole/registerUserRoleToRight
required check ------------------------->  false
						 
 new_right_updated brodcasted 
requested_plain_url ==>    /UserRole/getUserRoleToRight
required check ------------------------->  false
requested_plain_url ==>    /UserRole/getUserRoleToRight
required check ------------------------->  false
requested_plain_url ==>    /UserRole/getUserRoleToRight
required check ------------------------->  false
requested_plain_url ==>    /UserRole/registerUserRoleToRight
required check ------------------------->  false
						 
 new_right_updated brodcasted 
requested_plain_url ==>    /UserRole/getUserRoleToRight
required check ------------------------->  false
requested_plain_url ==>    /UserRole/getUserRoleToRight
required check ------------------------->  false
requested_plain_url ==>    /UserRole/getUserRoleToRight
required check ------------------------->  false
requested_plain_url ==>    /Application/AbQyVA.jpeg
multimedia[(multimedia.length - 1)]jpeg
required check ------------------------->  false
requested_plain_url ==>    /Application/Fvq1WO.jpeg
multimedia[(multimedia.length - 1)]jpeg
required check ------------------------->  false
requested_plain_url ==>    /Application/countApplication
required check ------------------------->  false
requested_plain_url ==>    /Application/applicationByPg
required check ------------------------->  false
requested_plain_url ==>    /Application/AbQyVA.jpeg
multimedia[(multimedia.length - 1)]jpeg
required check ------------------------->  false
requested_plain_url ==>    /Application/Fvq1WO.jpeg
multimedia[(multimedia.length - 1)]jpeg
required check ------------------------->  false
requested_plain_url ==>    /UserRole/registerUserRoleToRight
required check ------------------------->  false
						 
 new_right_updated brodcasted 
requested_plain_url ==>    /UserRole/getUserRoleToRight
required check ------------------------->  false
requested_plain_url ==>    /UserRole/getUserRoleToRight
required check ------------------------->  false
requested_plain_url ==>    /UserRole/getUserRoleToRight
required check ------------------------->  false
Delete  SocketId:sr77IYfQxGjCmLPtAAAF
Delete  SocketId:6dwHNj4Oq6OMwJvoAAAE
requested_plain_url ==>    /User/EtiN5C.jpeg
multimedia[(multimedia.length - 1)]jpeg
required check ------------------------->  false
requested_plain_url ==>    /UserRole/getUserRole
required check ------------------------->  false
getUserRole sql ===> select ur.* from user_role as ur 
requested_plain_url ==>    /UserRole/getUserRight
required check ------------------------->  false
requested_plain_url ==>    /User/CUyzTB.jpeg
multimedia[(multimedia.length - 1)]jpeg
required check ------------------------->  false
requested_plain_url ==>    /Application/getPublisherAppHitCount
required check ------------------------->  false
getPublisherAppHitCount sql 
  select 
                        am.id,
                        am.name,
                        am.icon,
                        am.banner,
                        am.package,
                        (select count(request_id) from application_hit_count where request_id = am.id) as total_impression_count,
                        (select count(request_id) from application_hit_count where request_id = am.id and cast(create_date as date) = '2020-02-10') as today_impression_count,
                        (select count(id) from application_hit_count where app_id = am.id) as total_hit_count,
                        (select count(id) from application_hit_count where app_id = am.id and cast(create_date as date) = '2020-02-10') as today_hit_count
                    from application_master as am
                    where am.user_id = '19' 
                    group by am.id
                    order by am.name asc
requested_plain_url ==>    /Application/AbQyVA.jpeg
multimedia[(multimedia.length - 1)]jpeg
required check ------------------------->  false
requested_plain_url ==>    /Application/Fvq1WO.jpeg
multimedia[(multimedia.length - 1)]jpeg
required check ------------------------->  false
Delete  SocketId:cUwBYT43Ny1EjKMHAAAK
Delete  SocketId:d4riRkD70zfQzPC8AAAJ
requested_plain_url ==>    /User/EtiN5C.jpeg
multimedia[(multimedia.length - 1)]jpeg
required check ------------------------->  false
requested_plain_url ==>    /UserRole/getUserRole
required check ------------------------->  false
getUserRole sql ===> select ur.* from user_role as ur 
requested_plain_url ==>    /UserRole/getUserRight
required check ------------------------->  false
requested_plain_url ==>    /User/CUyzTB.jpeg
multimedia[(multimedia.length - 1)]jpeg
required check ------------------------->  false
requested_plain_url ==>    /Application/getPublisherAppHitCount
required check ------------------------->  false
getPublisherAppHitCount sql 
  select 
                        am.id,
                        am.name,
                        am.icon,
                        am.banner,
                        am.package,
                        (select count(request_id) from application_hit_count where request_id = am.id) as total_impression_count,
                        (select count(request_id) from application_hit_count where request_id = am.id and cast(create_date as date) = '2020-02-10') as today_impression_count,
                        (select count(id) from application_hit_count where app_id = am.id) as total_hit_count,
                        (select count(id) from application_hit_count where app_id = am.id and cast(create_date as date) = '2020-02-10') as today_hit_count
                    from application_master as am
                    where am.user_id = '19' 
                    group by am.id
                    order by am.name asc
requested_plain_url ==>    /Application/AbQyVA.jpeg
multimedia[(multimedia.length - 1)]jpeg
required check ------------------------->  false
requested_plain_url ==>    /Application/Fvq1WO.jpeg
multimedia[(multimedia.length - 1)]jpeg
required check ------------------------->  false
requested_plain_url ==>    /Application/countApplication
required check ------------------------->  false
requested_plain_url ==>    /Application/applicationByPg
required check ------------------------->  false
requested_plain_url ==>    /UserRole/getUserRoleToRight
required check ------------------------->  false
requested_plain_url ==>    /UserRole/registerUserRoleToRight
required check ------------------------->  false
						 
 new_right_updated brodcasted 
requested_plain_url ==>    /UserRole/getUserRoleToRight
required check ------------------------->  false
requested_plain_url ==>    /UserRole/getUserRoleToRight
required check ------------------------->  false
requested_plain_url ==>    /UserRole/getUserRoleToRight
required check ------------------------->  false
requested_plain_url ==>    /Notification/notificationCount
required check ------------------------->  false
requested_plain_url ==>    /Notification/notificationCount
required check ------------------------->  false
requested_plain_url ==>    /Notification/notificationByPage
required check ------------------------->  false
requested_plain_url ==>    /Notification/notificationByPage
required check ------------------------->  false
requested_plain_url ==>    /AP/countUsers
required check ------------------------->  false
requested_plain_url ==>    /AP/usersByPg
required check ------------------------->  false
Delete  SocketId:fs5IbAvKa2a1pXuSAAAM
Delete  SocketId:BRcA20jj3zFpU7BtAAAL
requested_plain_url ==>    /User/EtiN5C.jpeg
multimedia[(multimedia.length - 1)]jpeg
required check ------------------------->  false
requested_plain_url ==>    /AP/countUsers
required check ------------------------->  false
requested_plain_url ==>    /AP/usersByPg
required check ------------------------->  false
requested_plain_url ==>    /User/CUyzTB.jpeg
multimedia[(multimedia.length - 1)]jpeg
required check ------------------------->  false
requested_plain_url ==>    /Notification/notificationCount
required check ------------------------->  false
requested_plain_url ==>    /Notification/notificationCount
required check ------------------------->  false
requested_plain_url ==>    /Notification/notificationByPage
required check ------------------------->  false
requested_plain_url ==>    /Notification/notificationByPage
required check ------------------------->  false
Delete  SocketId:cZkOjvaP_1zyVmgrAAAN
requested_plain_url ==>    /User/EtiN5C.jpeg
multimedia[(multimedia.length - 1)]jpeg
required check ------------------------->  false
requested_plain_url ==>    /AP/countUsers
required check ------------------------->  false
requested_plain_url ==>    /AP/usersByPg
required check ------------------------->  false
Delete  SocketId:PEwWE6Jfx9E3feQUAAAO
Delete  SocketId:BCgAxhJyO4qUUyqfAAAP
requested_plain_url ==>    /User/EtiN5C.jpeg
multimedia[(multimedia.length - 1)]jpeg
required check ------------------------->  false
requested_plain_url ==>    /AP/countUsers
required check ------------------------->  false
requested_plain_url ==>    /AP/usersByPg
required check ------------------------->  false
requested_plain_url ==>    /User/CUyzTB.jpeg
multimedia[(multimedia.length - 1)]jpeg
required check ------------------------->  false
requested_plain_url ==>    /Notification/notificationCount
required check ------------------------->  false
requested_plain_url ==>    /Notification/notificationCount
required check ------------------------->  false
requested_plain_url ==>    /Notification/notificationByPage
required check ------------------------->  false
requested_plain_url ==>    /Notification/notificationByPage
required check ------------------------->  false
Delete  SocketId:KACugABka13m2I02AAAR
Delete  SocketId:NLTZT7YuMu78_IZnAAAQ
requested_plain_url ==>    /User/EtiN5C.jpeg
multimedia[(multimedia.length - 1)]jpeg
required check ------------------------->  false
requested_plain_url ==>    /AP/countUsers
required check ------------------------->  false
requested_plain_url ==>    /AP/usersByPg
required check ------------------------->  false
requested_plain_url ==>    /User/CUyzTB.jpeg
multimedia[(multimedia.length - 1)]jpeg
required check ------------------------->  false
requested_plain_url ==>    /Notification/notificationCount
required check ------------------------->  false
requested_plain_url ==>    /Notification/notificationCount
required check ------------------------->  false
requested_plain_url ==>    /Notification/notificationByPage
required check ------------------------->  false
requested_plain_url ==>    /Notification/notificationByPage
required check ------------------------->  false
Delete  SocketId:DWqU6A46lWuXaErMAAAT
Delete  SocketId:bRIU-bNJUN4tdQpiAAAS
requested_plain_url ==>    /User/EtiN5C.jpeg
multimedia[(multimedia.length - 1)]jpeg
required check ------------------------->  false
requested_plain_url ==>    /AP/countUsers
required check ------------------------->  false
requested_plain_url ==>    /AP/usersByPg
required check ------------------------->  false
requested_plain_url ==>    /User/CUyzTB.jpeg
multimedia[(multimedia.length - 1)]jpeg
required check ------------------------->  false
requested_plain_url ==>    /Notification/notificationCount
required check ------------------------->  false
requested_plain_url ==>    /Notification/notificationCount
required check ------------------------->  false
requested_plain_url ==>    /Notification/notificationByPage
required check ------------------------->  false
requested_plain_url ==>    /Notification/notificationByPage
required check ------------------------->  false
Delete  SocketId:2POGs7EziRjTdg-lAAAU
requested_plain_url ==>    /User/EtiN5C.jpeg
multimedia[(multimedia.length - 1)]jpeg
required check ------------------------->  false
requested_plain_url ==>    /AP/countUsers
required check ------------------------->  false
requested_plain_url ==>    /AP/usersByPg
required check ------------------------->  false
Delete  SocketId:sebXaCaVh4MC2gu4AAAW
requested_plain_url ==>    /User/EtiN5C.jpeg
multimedia[(multimedia.length - 1)]jpeg
required check ------------------------->  false
requested_plain_url ==>    /AP/countUsers
required check ------------------------->  false
requested_plain_url ==>    /AP/usersByPg
required check ------------------------->  false
Delete  SocketId:jjxz2CKPRjwyMuOSAAAX
requested_plain_url ==>    /User/EtiN5C.jpeg
multimedia[(multimedia.length - 1)]jpeg
required check ------------------------->  false
requested_plain_url ==>    /AP/countUsers
required check ------------------------->  false
requested_plain_url ==>    /AP/usersByPg
required check ------------------------->  false
Delete  SocketId:hwIdyqsXWecy54AjAAAY
requested_plain_url ==>    /User/EtiN5C.jpeg
multimedia[(multimedia.length - 1)]jpeg
required check ------------------------->  false
requested_plain_url ==>    /AP/countUsers
required check ------------------------->  false
requested_plain_url ==>    /AP/usersByPg
required check ------------------------->  false
requested_plain_url ==>    /AP/countUsers
required check ------------------------->  false
requested_plain_url ==>    /AP/usersByPg
required check ------------------------->  false
Delete  SocketId:dNMI_tUDzFKr5abyAAAZ
Delete  SocketId:MB3jREl-EqjjN0DWAAAV
requested_plain_url ==>    /User/CUyzTB.jpeg
multimedia[(multimedia.length - 1)]jpeg
required check ------------------------->  false
requested_plain_url ==>    /Notification/notificationCount
required check ------------------------->  false
requested_plain_url ==>    /Notification/notificationCount
required check ------------------------->  false
requested_plain_url ==>    /AP/countUsers
required check ------------------------->  false
requested_plain_url ==>    /User/EtiN5C.jpeg
multimedia[(multimedia.length - 1)]jpeg
required check ------------------------->  false
requested_plain_url ==>    /AP/usersByPg
required check ------------------------->  false
requested_plain_url ==>    /Notification/notificationByPage
required check ------------------------->  false
requested_plain_url ==>    /Notification/notificationByPage
required check ------------------------->  false
Delete  SocketId:MxPMxEw6Q4mSNIBKAAAb
Delete  SocketId:3SxpV3O7yyAiusI2AAAa
requested_plain_url ==>    /User/CUyzTB.jpeg
multimedia[(multimedia.length - 1)]jpeg
required check ------------------------->  false
requested_plain_url ==>    /User/EtiN5C.jpeg
multimedia[(multimedia.length - 1)]jpeg
required check ------------------------->  false
requested_plain_url ==>    /Notification/notificationCount
required check ------------------------->  false
requested_plain_url ==>    /Notification/notificationCount
required check ------------------------->  false
requested_plain_url ==>    /AP/countUsers
required check ------------------------->  false
requested_plain_url ==>    /Notification/notificationByPage
required check ------------------------->  false
requested_plain_url ==>    /AP/usersByPg
required check ------------------------->  false
requested_plain_url ==>    /Notification/notificationByPage
required check ------------------------->  false
Delete  SocketId:vMQq6sGw2XetVGHDAAAc
Delete  SocketId:tt8VuNv1flYRa3_OAAAd
requested_plain_url ==>    /User/CUyzTB.jpeg
multimedia[(multimedia.length - 1)]jpeg
required check ------------------------->  false
requested_plain_url ==>    /User/EtiN5C.jpeg
multimedia[(multimedia.length - 1)]jpeg
required check ------------------------->  false
requested_plain_url ==>    /Notification/notificationCount
required check ------------------------->  false
requested_plain_url ==>    /Notification/notificationCount
required check ------------------------->  false
requested_plain_url ==>    /AP/countUsers
required check ------------------------->  false
requested_plain_url ==>    /AP/usersByPg
required check ------------------------->  false
requested_plain_url ==>    /Notification/notificationByPage
required check ------------------------->  false
requested_plain_url ==>    /Notification/notificationByPage
required check ------------------------->  false
requested_plain_url ==>    /AP/countUsers
required check ------------------------->  false
requested_plain_url ==>    /AP/usersByPg
required check ------------------------->  false
Delete  SocketId:I1LZEJxJNVqljRvhAAAe
requested_plain_url ==>    /User/CUyzTB.jpeg
multimedia[(multimedia.length - 1)]jpeg
required check ------------------------->  false
requested_plain_url ==>    /Notification/notificationCount
required check ------------------------->  false
requested_plain_url ==>    /Notification/notificationCount
required check ------------------------->  false
requested_plain_url ==>    /Notification/notificationByPage
required check ------------------------->  false
requested_plain_url ==>    /Notification/notificationByPage
required check ------------------------->  false
requested_plain_url ==>    /UserRole/getUserRole
required check ------------------------->  false
getUserRole sql ===> select ur.* from user_role as ur 
requested_plain_url ==>    /UserRole/getUserRight
required check ------------------------->  false
requested_plain_url ==>    /Application/getPublisherAppHitCount
required check ------------------------->  false
getPublisherAppHitCount sql 
  select 
                        am.id,
                        am.name,
                        am.icon,
                        am.banner,
                        am.package,
                        (select count(request_id) from application_hit_count where request_id = am.id) as total_impression_count,
                        (select count(request_id) from application_hit_count where request_id = am.id and cast(create_date as date) = '2020-02-10') as today_impression_count,
                        (select count(id) from application_hit_count where app_id = am.id) as total_hit_count,
                        (select count(id) from application_hit_count where app_id = am.id and cast(create_date as date) = '2020-02-10') as today_hit_count
                    from application_master as am
                    where am.user_id = '19' 
                    group by am.id
                    order by am.name asc
requested_plain_url ==>    /Application/AbQyVA.jpeg
multimedia[(multimedia.length - 1)]jpeg
required check ------------------------->  false
requested_plain_url ==>    /Application/Fvq1WO.jpeg
multimedia[(multimedia.length - 1)]jpeg
required check ------------------------->  false
