socket server started on port 4000
Listening HTTP on port 3000
requested_plain_url ==>    /Employee/registerEmployee
required check ------------------------->  false
checkDuplicateEmployee 
select count(id) as count from employee_master where personal_email in('vivek@gmail.com') OR contact_number in('8989895656')
insertEmployee sql 
 insert into employee_master(
                    name,
                    personal_email,
                    official_email,
                    password,
                    current_address,
                    permanent_address,
                    contact_number,
                    emergency_number,
                    add_image,
                    department,
                    reporting_to
                ) values(
                    'vivek',
                    'vivek@gmail.com',
                    'vivek123@gmail.com',
                    '123456',
                    'Rajkot',
                    'Rajkot',
                    '8989895656',
                    '8989898989',
                    NULL,
                    3,
                    '6'
                )
userres
registerUsers sql --------------->  insert into users_master(
                                                            email_id
                                                            ) values (
                                                             'vivek@gmail.com'
                                                            )
createLogin sql ---------------> insert into user_master(
                    email_id,
                    password
                ) values (
                    'vivek@gmail.com',
                    '$2a$05$h7tUVL96zUfz0uTT/vtTm.UPPQTqCb6RVrcc04u00NljeBcMFA3pK'
                )
row1
Delete  SocketId:tZwHzNGsQMT0psqlAAAA
requested_plain_url ==>    /User/getAuthTokens
required check ------------------------->  false
getAuthTokens login  sql ---------------------> 
	  select 
        um.*, 
        ur.id as user_role_id, 
        ur.name as user_role,
        um.status 
    from user_master as um  
    left join user_role as ur on ur.id = um.user_role_id 
    where BINARY um.username ='vivek@gmail.com' or BINARY um.email_id ='vivek@gmail.com'
requested_plain_url ==>    /User/getAuthTokens
required check ------------------------->  false
getAuthTokens login  sql ---------------------> 
	  select 
        um.*, 
        ur.id as user_role_id, 
        ur.name as user_role,
        um.status 
    from user_master as um  
    left join user_role as ur on ur.id = um.user_role_id 
    where BINARY um.username ='vivek@gmail.com' or BINARY um.email_id ='vivek@gmail.com'
