socket server started on port 4000
Listening HTTP on port 3000
requested_plain_url ==>    /Employee/deleteEmployee
required check ------------------------->  false
requested_plain_url ==>    /Employee/employeeByPg
required check ------------------------->  false
Delete  SocketId:90ZTh1_V1iMvBjQzAAAA
requested_plain_url ==>    /User/wddUpq.jpeg
multimedia[(multimedia.length - 1)]jpeg
required check ------------------------->  false
requested_plain_url ==>    /Employee/employeeByPg
required check ------------------------->  false
requested_plain_url ==>    /Employee/deleteEmployee
required check ------------------------->  false
requested_plain_url ==>    /Employee/employeeByPg
required check ------------------------->  false
requested_plain_url ==>    /Employee/getEmployee
required check ------------------------->  false
getEmployee sql ===>  select 
                        c.*
                    from employee_master as c 
                    where 
                        c.id= 35
                    limit 1
requested_plain_url ==>    /Employee/yjYXXK.jpeg
multimedia[(multimedia.length - 1)]jpeg
required check ------------------------->  false
requested_plain_url ==>    /Employee/updateEmployee
required check ------------------------->  false
updateEmployee sql 

update employee_master set 
                        emp_id = '12Abc',
                        status = '1',
                        name = 'brayan',
                        personal_email = "brayan@gmail.com",
                        official_email = "brayan123@gmail.com",
                        password = "123456",
                        current_address = "demo-1",
                        permanent_address = "demo-1",
                        emergency_number = "8989898989",
                        personal_email = "brayan@gmail.com",
                        add_image = 'Employee/yjYXXK.jpeg',
                        department = "6",
                        reporting_to = "2"
                    where id =35
requested_plain_url ==>    /Employee/employeeByPg
required check ------------------------->  false
requested_plain_url ==>    /Employee/getViewEmployeeDetailsById
required check ------------------------->  false
getApplication sql ===>  select 
                        c.*
                    from employee_master as c 
                    where 
                        c.id= 35
                    limit 1
Delete  SocketId:eSX6TFZji0gCd3koAAAB
requested_plain_url ==>    /User/wddUpq.jpeg
multimedia[(multimedia.length - 1)]jpeg
required check ------------------------->  false
requested_plain_url ==>    /Employee/getViewEmployeeDetailsById
required check ------------------------->  false
getApplication sql ===>  select 
                        c.*
                    from employee_master as c 
                    where 
                        c.id= 35
                    limit 1
requested_plain_url ==>    /Employee/yjYXXK.jpeg
multimedia[(multimedia.length - 1)]jpeg
required check ------------------------->  false
requested_plain_url ==>    /Employee/employeeByPg
required check ------------------------->  false
requested_plain_url ==>    /Employee/deleteEmployee
required check ------------------------->  false
requested_plain_url ==>    /Employee/employeeByPg
required check ------------------------->  false
requested_plain_url ==>    /Employee/getEmployee
required check ------------------------->  false
getEmployee sql ===>  select 
                        c.*
                    from employee_master as c 
                    where 
                        c.id= 6
                    limit 1
requested_plain_url ==>    /Employee/iKJjwZ.jpeg
multimedia[(multimedia.length - 1)]jpeg
required check ------------------------->  false
requested_plain_url ==>    /Employee/updateEmployee
required check ------------------------->  false
updateEmployee sql 

update employee_master set 
                        emp_id = '12KHJ',
                        status = '1',
                        name = 'raj',
                        personal_email = "raj@gmail.com",
                        official_email = "raj@gmail.com",
                        password = "123456",
                        current_address = "Rajkot",
                        permanent_address = "Rajkot",
                        emergency_number = "8989898989",
                        personal_email = "raj@gmail.com",
                        add_image = 'Employee/iKJjwZ.jpeg',
                        department = "3",
                        reporting_to = "6"
                    where id =6
requested_plain_url ==>    /Employee/employeeByPg
required check ------------------------->  false
requested_plain_url ==>    /Employee/getViewEmployeeDetailsById
required check ------------------------->  false
getApplication sql ===>  select 
                        c.*
                    from employee_master as c 
                    where 
                        c.id= 34
                    limit 1
requested_plain_url ==>    /Employee/ftJewE.jpg
multimedia[(multimedia.length - 1)]jpg
required check ------------------------->  false
requested_plain_url ==>    /Employee/employeeByPg
required check ------------------------->  false
requested_plain_url ==>    /Application/getAdvertiserAppHitCount
required check ------------------------->  false
getAdvertiserAppHitCount sql 
  select 
                        am.id,
                        am.name,
                        am.icon,
                        am.banner,
                        am.package,
                        (select count(id) from application_hit_count where request_id = am.id) as total_count,
                        (select count(id) from application_hit_count where request_id = am.id and cast(create_date as date) = '2020-02-22') as today_count
                    from application_master as am
                    where am.user_id = '38' 
                    group by am.id
                    order by am.name asc
requested_plain_url ==>    /Employee/employeeByPg
required check ------------------------->  false
requested_plain_url ==>    /Employee/getEmployee
required check ------------------------->  false
getEmployee sql ===>  select 
                        c.*
                    from employee_master as c 
                    where 
                        c.id= 1
                    limit 1
requested_plain_url ==>    /Employee/1bTUdr.jpg
multimedia[(multimedia.length - 1)]jpg
required check ------------------------->  false
requested_plain_url ==>    /Employee/updateEmployee
required check ------------------------->  false
updateEmployee sql 

update employee_master set 
                        emp_id = 'DE12345',
                        status = '1',
                        name = 'dax',
                        personal_email = "dixit20051998@gmail.com",
                        official_email = "dixit@rkwebtechnology.com",
                        password = "123456",
                        current_address = "Rajkot",
                        permanent_address = "Rajkot",
                        emergency_number = "7016231822",
                        personal_email = "dixit20051998@gmail.com",
                        add_image = 'Employee/1bTUdr.jpg',
                        department = "2",
                        reporting_to = "2"
                    where id =1
requested_plain_url ==>    /Employee/employeeByPg
required check ------------------------->  false
requested_plain_url ==>    /Employee/getViewEmployeeDetailsById
required check ------------------------->  false
getApplication sql ===>  select 
                        c.*
                    from employee_master as c 
                    where 
                        c.id= 35
                    limit 1
requested_plain_url ==>    /Employee/employeeByPg
required check ------------------------->  false
