socket server started on port 4000
Listening HTTP on port 3000
requested_plain_url ==>    /Document/removeDocument
required check ------------------------->  false
file_path =================> /Document/4n2hJ2.jpg
null
Delete  SocketId:QJ48_KLWRrdkAxwLAAAA
requested_plain_url ==>    /User/O9zpT3.jpeg
multimedia[(multimedia.length - 1)]jpeg
required check ------------------------->  false
requested_plain_url ==>    /Application/getAdvertiserAppHitCount
required check ------------------------->  false
getAdvertiserAppHitCount sql 
  select 
                        am.id,
                        am.name,
                        am.icon,
                        am.banner,
                        am.package,
                        (select count(id) from application_hit_count where request_id = am.id) as total_count,
                        (select count(id) from application_hit_count where request_id = am.id and cast(create_date as date) = '2020-02-13') as today_count
                    from application_master as am
                    where am.user_id = '38' 
                    group by am.id
                    order by am.name asc
Delete  SocketId:S6qBct-QlCRCe3PlAAAB
