socket server started on port 4000
Listening HTTP on port 3000
Delete  SocketId:pSKXWNrGHB5nkpLKAAAA
requested_plain_url ==>    /User/wddUpq.jpeg
multimedia[(multimedia.length - 1)]jpeg
required check ------------------------->  false
requested_plain_url ==>    /Invoice/createInvoice
required check ------------------------->  false
req
useritems
insertArray
user
createInvoice sql ---------------> insert into invoice_master(
        biller_name,
        address_1,
        address_2,
        items,
        tax,
        gst_number,
        created_date
    ) values (
        'rkweb',
        '413,anmol complex',
        '413,anmol complex',
        '[object Object]',
        '12',
        '123',
        '2020-02-26'
    )
setSecretKey sql ==========>  update invoice_master set invoice_number = 'RK20200224'
                        where id = 24
requested_plain_url ==>    /Invoice/getInvoice
required check ------------------------->  false
getDocument sql ===>  select 
                        c.*
                    from invoice_master as c 
                    where 
                        c.id= 24
                    limit 1
rows[0]
