socket server started on port 4000
Listening HTTP on port 3000
Delete  SocketId:LeXtezS_nRwJTmODAAAA
requested_plain_url ==>    /User/wddUpq.jpeg
multimedia[(multimedia.length - 1)]jpeg
required check ------------------------->  false
requested_plain_url ==>    /Employee/searchEmployeeData
required check ------------------------->  false
requested_plain_url ==>    /Employee/yjYXXK.jpeg
multimedia[(multimedia.length - 1)]jpeg
required check ------------------------->  false
requested_plain_url ==>    /Document/getDocumentById
required check ------------------------->  false
getDocument sql ===>  select 
                        c.*
                    from document_master as c 
                    where 
                        c.employee_id= 35
                    limit 1
requested_plain_url ==>    /Document/tlI6tA.jpeg
multimedia[(multimedia.length - 1)]jpeg
required check ------------------------->  false
requested_plain_url ==>    /Document/LN26u2.jpeg
multimedia[(multimedia.length - 1)]jpeg
required check ------------------------->  false
requested_plain_url ==>    /Document/Wj531A.jpeg
multimedia[(multimedia.length - 1)]jpeg
required check ------------------------->  false
requested_plain_url ==>    /Document/rg5Lao.jpeg
multimedia[(multimedia.length - 1)]jpeg
required check ------------------------->  false
requested_plain_url ==>    /Document/tMRFud.jpg
multimedia[(multimedia.length - 1)]jpg
required check ------------------------->  false
requested_plain_url ==>    /Document/gDgH1k.jpeg
multimedia[(multimedia.length - 1)]jpeg
required check ------------------------->  false
requested_plain_url ==>    /Document/2uGaIy.jpg
multimedia[(multimedia.length - 1)]jpg
required check ------------------------->  false
requested_plain_url ==>    /Document/P9w2ch.jpg
multimedia[(multimedia.length - 1)]jpg
required check ------------------------->  false
requested_plain_url ==>    /Document/removeBankStatementDocumentImage
required check ------------------------->  false
file_path =================> Document/P9w2ch.jpg
null
requested_plain_url ==>    /Document/removeOriginalCertificateDocumentImage
required check ------------------------->  false
file_path =================> Document/2uGaIy.jpg
null
requested_plain_url ==>    /Document/removeLeavingLetterDocumentImage
required check ------------------------->  false
file_path =================> Document/gDgH1k.jpeg
null
requested_plain_url ==>    /Document/removePassportDocumentImage
required check ------------------------->  false
file_path =================> Document/tMRFud.jpg
null
requested_plain_url ==>    /Document/removePassportPhotoDocumentImage
required check ------------------------->  false
file_path =================> Document/rg5Lao.jpeg
null
requested_plain_url ==>    /Document/removePancardDocumentImage
required check ------------------------->  false
file_path =================> Document/Wj531A.jpeg
null
requested_plain_url ==>    /Document/removeAdharCardBackDocumentImage
required check ------------------------->  false
file_path =================> Document/LN26u2.jpeg
null
requested_plain_url ==>    /Document/removeDocumentImage
required check ------------------------->  false
file_path =================> Document/tlI6tA.jpeg
null
requested_plain_url ==>    /Document/createDocumentImage
required check ------------------------->  false
requested_plain_url ==>    /Document/pbtkVD.jpg
multimedia[(multimedia.length - 1)]jpg
required check ------------------------->  false
requested_plain_url ==>    /Document/createDocumentImage
required check ------------------------->  false
requested_plain_url ==>    /Document/nDnIZm.jpeg
multimedia[(multimedia.length - 1)]jpeg
required check ------------------------->  false
requested_plain_url ==>    /Document/createDocumentImage
required check ------------------------->  false
requested_plain_url ==>    /Document/HD6aFO.jpeg
multimedia[(multimedia.length - 1)]jpeg
required check ------------------------->  false
requested_plain_url ==>    /Document/createDocumentImage
required check ------------------------->  false
requested_plain_url ==>    /Document/cNzYBx.jpg
multimedia[(multimedia.length - 1)]jpg
required check ------------------------->  false
requested_plain_url ==>    /Document/createDocumentImage
required check ------------------------->  false
requested_plain_url ==>    /Document/Pt5WTm.jpeg
multimedia[(multimedia.length - 1)]jpeg
required check ------------------------->  false
requested_plain_url ==>    /Document/createDocumentImage
required check ------------------------->  false
requested_plain_url ==>    /Document/wMM7e5.png
multimedia[(multimedia.length - 1)]png
required check ------------------------->  false
requested_plain_url ==>    /Document/createDocumentImage
required check ------------------------->  false
requested_plain_url ==>    /Document/8AIqus.jpeg
multimedia[(multimedia.length - 1)]jpeg
required check ------------------------->  false
requested_plain_url ==>    /Document/createDocumentImage
required check ------------------------->  false
requested_plain_url ==>    /Document/SfrG2r.jpg
multimedia[(multimedia.length - 1)]jpg
required check ------------------------->  false
requested_plain_url ==>    /Document/createDocument
required check ------------------------->  false
createDocument sql ---------------> insert into document_master(
        adhar_card_front,
        adhar_card_back,
        pan_card,
        passport_photo,
        passport,
        leaving_letter,
        original_certificate,
        bank_statement,
        employee_id
    ) values (
        'Document/pbtkVD.jpg',
        'Document/nDnIZm.jpeg',
        'Document/HD6aFO.jpeg',
        'Document/cNzYBx.jpg',
        'Document/SfrG2r.jpg',
        'Document/8AIqus.jpeg',
        'Document/wMM7e5.png',
        'Document/Pt5WTm.jpeg',
        '35'
    )
Delete  SocketId:GvS8otyxbEHHfX3hAAAB
requested_plain_url ==>    /User/wddUpq.jpeg
multimedia[(multimedia.length - 1)]jpeg
required check ------------------------->  false
requested_plain_url ==>    /Employee/searchEmployeeData
required check ------------------------->  false
requested_plain_url ==>    /Employee/yjYXXK.jpeg
multimedia[(multimedia.length - 1)]jpeg
required check ------------------------->  false
requested_plain_url ==>    /Document/getDocumentById
required check ------------------------->  false
getDocument sql ===>  select 
                        c.*
                    from document_master as c 
                    where 
                        c.employee_id= 35
                    limit 1
Delete  SocketId:-cgIMU1JvU-gN5H3AAAC
requested_plain_url ==>    /User/wddUpq.jpeg
multimedia[(multimedia.length - 1)]jpeg
required check ------------------------->  false
