socket server started on port 4000
Listening HTTP on port 3000
Delete  SocketId:ctrhNzVSbAtBh7j9AAAA
requested_plain_url ==>    /User/getAuthTokens
required check ------------------------->  false
getAuthTokens login  sql ---------------------> 
	  select 
        um.*, 
        ur.id as user_role_id, 
        ur.name as user_role,
        um.status 
    from user_master as um  
    left join user_role as ur on ur.id = um.user_role_id 
    where BINARY um.username ='vivek@gmail.com' or BINARY um.email_id ='vivek@gmail.com'
a[c] ------> *
salt ----------------------------------> b.join('')JCYQeCeASfqUOz4Y*7Mclls2oBddYD51
a[c] ------> $
salt ----------------------------------> b.join('')yp2MdXfK5TMuJeAC$04s5GZJ9Lgi6t27
_updateTokenDetails sql ============> 	
 update user_master set  
                    access_token = "JCYQeCeASfqUOz4Y*7Mclls2oBddYD51",
                    refresh_token = "yp2MdXfK5TMuJeAC$04s5GZJ9Lgi6t27",
                    expire_time = "2020-02-13 12:27:24"
                    where id = 22
redis_obj stored
{ id: 22,
  secret_key: null,
  username: '',
  user_email: 'vivek@gmail.com',
  access_token: 'JCYQeCeASfqUOz4Y*7Mclls2oBddYD51',
  refresh_token: 'yp2MdXfK5TMuJeAC$04s5GZJ9Lgi6t27',
  expire_time: '2020-02-13 12:27:24',
  server_time: '2020-02-13 10:27:24',
  updated_at: '2020-02-13 10:27:24',
  user_group: undefined,
  user_group_id: undefined }
expire in =>  7140  seconds
expire in =>  7140  seconds
requested_plain_url ==>    /Application/getAdvertiserAppHitCount
required check ------------------------->  false
getAdvertiserAppHitCount sql 
  select 
                        am.id,
                        am.name,
                        am.icon,
                        am.banner,
                        am.package,
                        (select count(id) from application_hit_count where request_id = am.id) as total_count,
                        (select count(id) from application_hit_count where request_id = am.id and cast(create_date as date) = '2020-02-13') as today_count
                    from application_master as am
                    where am.user_id = '22' 
                    group by am.id
                    order by am.name asc
requested_plain_url ==>    /User/currentUser
required check ------------------------->  false
currentUser sql ------------->  select 
                    um.*,
                    if(um.user_group = 'admin_staff', sm.id , null) as type_id,
                    2 as type,
                    null as parent_id,
                    ur.id as user_role_id,
                    ur.name as user_role
                from user_master as um 
                left join staff_master as sm on sm.id = um.user_group_id 
                left join user_role as ur on ur.id = um.user_role_id
                where um.id = 22 and um.status = 1 group by um.id
