socket server started on port 4000
Listening HTTP on port 3000
requested_plain_url ==>    /Employee/searchEmployeeData
required check ------------------------->  false
requested_plain_url ==>    /Employee/searchEmployeeData
required check ------------------------->  false
requested_plain_url ==>    /Employee/1bTUdr.jpg
multimedia[(multimedia.length - 1)]jpg
required check ------------------------->  false
requested_plain_url ==>    /Employee/QslTNM.jpg
multimedia[(multimedia.length - 1)]jpg
required check ------------------------->  false
requested_plain_url ==>    /Employee/YiIcR4.jpg
multimedia[(multimedia.length - 1)]jpg
required check ------------------------->  false
Delete  SocketId:Sx5zimrUNoM2e62XAAAA
requested_plain_url ==>    /User/wddUpq.jpeg
multimedia[(multimedia.length - 1)]jpeg
required check ------------------------->  false
Delete  SocketId:yV3Vhhz3V9xLHDxWAAAB
requested_plain_url ==>    /User/wddUpq.jpeg
multimedia[(multimedia.length - 1)]jpeg
required check ------------------------->  false
requested_plain_url ==>    /Employee/searchEmployeeData
required check ------------------------->  false
requested_plain_url ==>    /Employee/1bTUdr.jpg
multimedia[(multimedia.length - 1)]jpg
required check ------------------------->  false
requested_plain_url ==>    /Employee/QslTNM.jpg
multimedia[(multimedia.length - 1)]jpg
required check ------------------------->  false
requested_plain_url ==>    /Employee/YiIcR4.jpg
multimedia[(multimedia.length - 1)]jpg
required check ------------------------->  false
Delete  SocketId:enPTysLtzgL0GYjGAAAC
requested_plain_url ==>    /User/wddUpq.jpeg
multimedia[(multimedia.length - 1)]jpeg
required check ------------------------->  false
Delete  SocketId:RTPoLONuAB6QPR8xAAAD
requested_plain_url ==>    /User/wddUpq.jpeg
multimedia[(multimedia.length - 1)]jpeg
required check ------------------------->  false
Delete  SocketId:o5rSMYdrMlWEgChLAAAE
requested_plain_url ==>    /User/wddUpq.jpeg
multimedia[(multimedia.length - 1)]jpeg
required check ------------------------->  false
requested_plain_url ==>    /Employee/searchEmployeeData
required check ------------------------->  false
requested_plain_url ==>    /Employee/1bTUdr.jpg
multimedia[(multimedia.length - 1)]jpg
required check ------------------------->  false
requested_plain_url ==>    /Employee/YiIcR4.jpg
multimedia[(multimedia.length - 1)]jpg
required check ------------------------->  false
requested_plain_url ==>    /Employee/QslTNM.jpg
multimedia[(multimedia.length - 1)]jpg
required check ------------------------->  false
requested_plain_url ==>    /Employee/searchEmployeeData
required check ------------------------->  false
Delete  SocketId:n7XbnqzDjVS6PZZjAAAF
requested_plain_url ==>    /User/wddUpq.jpeg
multimedia[(multimedia.length - 1)]jpeg
required check ------------------------->  false
Delete  SocketId:Rs3w0r5x2u61Cga4AAAG
requested_plain_url ==>    /User/wddUpq.jpeg
multimedia[(multimedia.length - 1)]jpeg
required check ------------------------->  false
requested_plain_url ==>    /Employee/searchEmployeeData
required check ------------------------->  false
requested_plain_url ==>    /Employee/searchEmployeeData
required check ------------------------->  false
requested_plain_url ==>    /Employee/1bTUdr.jpg
multimedia[(multimedia.length - 1)]jpg
required check ------------------------->  false
requested_plain_url ==>    /Employee/QslTNM.jpg
multimedia[(multimedia.length - 1)]jpg
required check ------------------------->  false
requested_plain_url ==>    /Employee/YiIcR4.jpg
multimedia[(multimedia.length - 1)]jpg
required check ------------------------->  false
requested_plain_url ==>    /Employee/iKJjwZ.jpeg
multimedia[(multimedia.length - 1)]jpeg
required check ------------------------->  false
requested_plain_url ==>    /Employee/p4IAh7.jpg
multimedia[(multimedia.length - 1)]jpg
required check ------------------------->  false
requested_plain_url ==>    /Employee/1RMXWW.jpg
multimedia[(multimedia.length - 1)]jpg
required check ------------------------->  false
requested_plain_url ==>    /Employee/SuasPG.jpeg
multimedia[(multimedia.length - 1)]jpeg
required check ------------------------->  false
requested_plain_url ==>    /Employee/adI2vF.jpeg
multimedia[(multimedia.length - 1)]jpeg
required check ------------------------->  false
requested_plain_url ==>    /Employee/ftJewE.jpg
multimedia[(multimedia.length - 1)]jpg
required check ------------------------->  false
requested_plain_url ==>    /Employee/yjYXXK.jpeg
multimedia[(multimedia.length - 1)]jpeg
required check ------------------------->  false
requested_plain_url ==>    /Employee/searchEmployeeData
required check ------------------------->  false
requested_plain_url ==>    /Employee/searchEmployeeData
required check ------------------------->  false
requested_plain_url ==>    /Employee/createDocumentImage
required check ------------------------->  false
