socket server started on port 4000
Listening HTTP on port 3000
requested_plain_url ==>    /Employee/registerEmployee
required check ------------------------->  false
checkDuplicateEmployee 
select count(id) as count from employee_master where personal_email in('prashant@gmail.com') && contact_number in('9726275280')
insertEmployee sql 
 insert into employee_master(
                    name,
                    personal_email,
                    official_email,
                    password,
                    current_address,
                    permanent_address,
                    contact_number,
                    emergency_number,
                    add_image,
                    department,
                    reporting_to
                ) values(
                    'prashant',
                    'prashant@gmail.com',
                    'prashant@rkwebtechnology.com',
                    '123456',
                    'Rajkot',
                    'Rajkot',
                    '9726275280',
                    '8989898989',
                    NULL,
                    3,
                    '6'
                )
