socket server started on port 4000
Listening HTTP on port 3000
requested_plain_url ==>    /Employee/deleteEmployee
required check ------------------------->  false
requested_plain_url ==>    /Employee/registerEmployee
required check ------------------------->  false
checkDuplicateEmployee 
select count(id) as count from employee_master where personal_email in('daxsavaliya@gmail.com')
insertEmployee sql 
 insert into employee_master(
                    name,
                    personal_email,
                    official_email,
                    password,
                    current_address,
                    permanent_address,
                    contact_number,
                    emergency_number,
                    add_image,
                    department,
                    reporting_to
                ) values(
                    'Dax',
                    'daxsavaliya@gmail.com',
                    'dax@rkwebtechnology.com',
                    '123456',
                    'Rajkot',
                    'Rajkot',
                    '9999999988',
                    '8989898989',
                    NULL,
                    3,
                    '6'
                )
requested_plain_url ==>    /Employee/registerEmployee
required check ------------------------->  false
checkDuplicateEmployee 
select count(id) as count from employee_master where personal_email in('hardik@gmail.com')
insertEmployee sql 
 insert into employee_master(
                    name,
                    personal_email,
                    official_email,
                    password,
                    current_address,
                    permanent_address,
                    contact_number,
                    emergency_number,
                    add_image,
                    department,
                    reporting_to
                ) values(
                    'hardik',
                    'hardik@gmail.com',
                    'hardik@rkwebtechnology.com',
                    '123456',
                    'Rajkot',
                    'Rajkot',
                    '9999999988',
                    '8989898989',
                    NULL,
                    3,
                    '6'
                )
requested_plain_url ==>    /Employee/countEmployee
required check ------------------------->  false
