socket server started on port 4000
Listening HTTP on port 3000
requested_plain_url ==>    /User/getAuthTokens
required check ------------------------->  false
getAuthTokens login  sql ---------------------> 
	  select 
        um.*, 
        ur.id as user_role_id, 
        ur.name as user_role,
        um.status 
    from user_master as um  
    left join user_role as ur on ur.id = um.user_role_id 
    where BINARY um.username ='vivek@gmail.com' or BINARY um.email_id ='vivek@gmail.com'
a[c] ------> )
salt ----------------------------------> b.join('')DTDc9uqIPG3WmxT7)xxR13Q5m4V6Q0IY
a[c] ------> }
salt ----------------------------------> b.join('')JgOPDRNMRKnraPms}y2hsRES9PTammmK
_updateTokenDetails sql ============> 	
 update user_master set  
                    access_token = "DTDc9uqIPG3WmxT7)xxR13Q5m4V6Q0IY",
                    refresh_token = "JgOPDRNMRKnraPms}y2hsRES9PTammmK",
                    expire_time = "2020-02-13 13:57:48"
                    where id = 33
redis_obj stored
{ id: 33,
  secret_key: 'bnVsbF92aXZla0BnbWFpbC5jb20=',
  username: '',
  user_email: 'vivek@gmail.com',
  access_token: 'DTDc9uqIPG3WmxT7)xxR13Q5m4V6Q0IY',
  refresh_token: 'JgOPDRNMRKnraPms}y2hsRES9PTammmK',
  expire_time: '2020-02-13 13:57:48',
  server_time: '2020-02-13 11:57:49',
  updated_at: '2020-02-13 11:57:49',
  user_group: undefined,
  user_group_id: undefined }
expire in =>  7139  seconds
expire in =>  7139  seconds
requested_plain_url ==>    /Application/getAdvertiserAppHitCount
required check ------------------------->  false
getAdvertiserAppHitCount sql 
  select 
                        am.id,
                        am.name,
                        am.icon,
                        am.banner,
                        am.package,
                        (select count(id) from application_hit_count where request_id = am.id) as total_count,
                        (select count(id) from application_hit_count where request_id = am.id and cast(create_date as date) = '2020-02-13') as today_count
                    from application_master as am
                    where am.user_id = '33' 
                    group by am.id
                    order by am.name asc
requested_plain_url ==>    /User/currentUser
required check ------------------------->  false
currentUser sql ------------->  select 
                    um.*,
                    2 as type,
                    null as parent_id,
                    ur.id as user_role_id,
                    ur.name as user_role
                from user_master as um 
                left join staff_master as sm on sm.id = um.user_group_id 
                left join user_role as ur on ur.id = um.user_role_id
                where um.id = 33 and um.status = 1 group by um.id
