socket server started on port 4000
Listening HTTP on port 3000
requested_plain_url ==>    /User/wddUpq.jpeg
multimedia[(multimedia.length - 1)]jpeg
required check ------------------------->  false
Delete  SocketId:rjm70Kvs4uUyLKXiAAAA
requested_plain_url ==>    /User/wddUpq.jpeg
multimedia[(multimedia.length - 1)]jpeg
required check ------------------------->  false
requested_plain_url ==>    /Employee/searchEmployeeData
required check ------------------------->  false
requested_plain_url ==>    /Employee/1bTUdr.jpg
multimedia[(multimedia.length - 1)]jpg
required check ------------------------->  false
requested_plain_url ==>    /Employee/QslTNM.jpg
multimedia[(multimedia.length - 1)]jpg
required check ------------------------->  false
requested_plain_url ==>    /Employee/YiIcR4.jpg
multimedia[(multimedia.length - 1)]jpg
required check ------------------------->  false
requested_plain_url ==>    /Employee/searchEmployeeData
required check ------------------------->  false
requested_plain_url ==>    /Document/createDocumentImage
required check ------------------------->  false
Delete  SocketId:7JZGGm3ipfpcJ2HOAAAB
requested_plain_url ==>    /User/wddUpq.jpeg
multimedia[(multimedia.length - 1)]jpeg
required check ------------------------->  false
Delete  SocketId:wdnVokYEYpkHvPbTAAAC
requested_plain_url ==>    /User/wddUpq.jpeg
multimedia[(multimedia.length - 1)]jpeg
required check ------------------------->  false
Delete  SocketId:UNRzTOzMi5mo0mJqAAAD
requested_plain_url ==>    /User/wddUpq.jpeg
multimedia[(multimedia.length - 1)]jpeg
required check ------------------------->  false
requested_plain_url ==>    /Document/createDocumentImage
required check ------------------------->  false
requested_plain_url ==>    /Document/W21np1.jpeg
multimedia[(multimedia.length - 1)]jpeg
required check ------------------------->  false
Delete  SocketId:AGnYVp3e3jbR9ZewAAAE
requested_plain_url ==>    /User/wddUpq.jpeg
multimedia[(multimedia.length - 1)]jpeg
required check ------------------------->  false
Delete  SocketId:Iq_uOkJ4CdRXNOo_AAAF
requested_plain_url ==>    /User/wddUpq.jpeg
multimedia[(multimedia.length - 1)]jpeg
required check ------------------------->  false
Delete  SocketId:fXOmDDs8rvu6NG4hAAAG
requested_plain_url ==>    /User/wddUpq.jpeg
multimedia[(multimedia.length - 1)]jpeg
required check ------------------------->  false
Delete  SocketId:0G-y0AQLbzvnRFRYAAAH
requested_plain_url ==>    /User/wddUpq.jpeg
multimedia[(multimedia.length - 1)]jpeg
required check ------------------------->  false
Delete  SocketId:YumCNYy3YctnqS7lAAAI
requested_plain_url ==>    /User/wddUpq.jpeg
multimedia[(multimedia.length - 1)]jpeg
required check ------------------------->  false
Delete  SocketId:IhJY1lYQTBYJ-o7WAAAJ
requested_plain_url ==>    /User/wddUpq.jpeg
multimedia[(multimedia.length - 1)]jpeg
required check ------------------------->  false
Delete  SocketId:tcIeUbm7IJYjTKGCAAAK
requested_plain_url ==>    /User/wddUpq.jpeg
multimedia[(multimedia.length - 1)]jpeg
required check ------------------------->  false
Delete  SocketId:ksRq5VKEqB5oB3nvAAAL
requested_plain_url ==>    /User/wddUpq.jpeg
multimedia[(multimedia.length - 1)]jpeg
required check ------------------------->  false
requested_plain_url ==>    /Document/createDocumentImage
required check ------------------------->  false
requested_plain_url ==>    /Document/GECEvs.jpg
multimedia[(multimedia.length - 1)]jpg
required check ------------------------->  false
requested_plain_url ==>    /Document/createDocumentImage
required check ------------------------->  false
requested_plain_url ==>    /Document/JXHrfY.jpeg
multimedia[(multimedia.length - 1)]jpeg
required check ------------------------->  false
requested_plain_url ==>    /Document/createDocumentImage
required check ------------------------->  false
requested_plain_url ==>    /Document/sVVVof.jpeg
multimedia[(multimedia.length - 1)]jpeg
required check ------------------------->  false
requested_plain_url ==>    /Document/createDocumentImage
required check ------------------------->  false
requested_plain_url ==>    /Document/fCQcOy.jpg
multimedia[(multimedia.length - 1)]jpg
required check ------------------------->  false
requested_plain_url ==>    /Document/createDocumentImage
required check ------------------------->  false
requested_plain_url ==>    /Document/TBi50M.jpeg
multimedia[(multimedia.length - 1)]jpeg
required check ------------------------->  false
requested_plain_url ==>    /Document/createDocumentImage
required check ------------------------->  false
requested_plain_url ==>    /Document/uzmbKh.jpg
multimedia[(multimedia.length - 1)]jpg
required check ------------------------->  false
requested_plain_url ==>    /Document/createDocumentImage
required check ------------------------->  false
requested_plain_url ==>    /Document/ez7ZNh.jpeg
multimedia[(multimedia.length - 1)]jpeg
required check ------------------------->  false
requested_plain_url ==>    /Document/createDocumentImage
required check ------------------------->  false
requested_plain_url ==>    /Document/n1WtCh.jpg
multimedia[(multimedia.length - 1)]jpg
required check ------------------------->  false
requested_plain_url ==>    /Employee/searchEmployeeData
required check ------------------------->  false
requested_plain_url ==>    /Employee/1bTUdr.jpg
multimedia[(multimedia.length - 1)]jpg
required check ------------------------->  false
requested_plain_url ==>    /Employee/QslTNM.jpg
multimedia[(multimedia.length - 1)]jpg
required check ------------------------->  false
requested_plain_url ==>    /Employee/YiIcR4.jpg
multimedia[(multimedia.length - 1)]jpg
required check ------------------------->  false
Delete  SocketId:WWuVQQQ_BnujielUAAAM
requested_plain_url ==>    /User/wddUpq.jpeg
multimedia[(multimedia.length - 1)]jpeg
required check ------------------------->  false
Delete  SocketId:RpZTUG16gruQkNsYAAAN
requested_plain_url ==>    /User/wddUpq.jpeg
multimedia[(multimedia.length - 1)]jpeg
required check ------------------------->  false
