socket server started on port 4000
Listening HTTP on port 3000
requested_plain_url ==>    /Invoice/createInvoice
required check ------------------------->  false
stringObj
createInvoice sql ---------------> insert into invoice_master(
        biller_name,
        address,
        items,
        tax,
        gst_number
    ) values (
        'fsf',
        'dfsdfsdfsd',
        '[object Object]',
        'null',
        'null'
    )
Delete  SocketId:gZ3c7az2-HUFQzXsAAAA
requested_plain_url ==>    /User/wddUpq.jpeg
multimedia[(multimedia.length - 1)]jpeg
required check ------------------------->  false
