socket server started on port 4000
Listening HTTP on port 3000
requested_plain_url ==>    /User/getAuthTokens
required check ------------------------->  false
getAuthTokens login  sql ---------------------> 
	  select 
        um.*, 
        ur.id as user_role_id, 
        ur.name as user_role,
        um.status 
    from user_master as um  
    left join user_role as ur on ur.id = um.user_role_id 
    where BINARY um.username ='ruchit@gmail.com' or BINARY um.email_id ='ruchit@gmail.com'
a[c] ------> )
salt ----------------------------------> b.join('')6J7CdRVA6z3UFcjx)9KM3QnvfJ2IrxXD
_updateTokenDetails sql ============> 	
 update user_master set  
                    access_token = "6J7CdRVA6z3UFcjx)9KM3QnvfJ2IrxXD",
                    refresh_token = "5i9P1KM8kO3e3l3S*VIrBTX5ZUFXOkEi",
                    expire_time = "2020-02-28 11:27:09"
                    where id = 38
redis_obj stored
{ id: 38,
  secret_key: 'MzhfbnVsbF9udWxsXzY=',
  username: '',
  user_email: 'ruchit@gmail.com',
  access_token: '6J7CdRVA6z3UFcjx)9KM3QnvfJ2IrxXD',
  refresh_token: '5i9P1KM8kO3e3l3S*VIrBTX5ZUFXOkEi',
  expire_time: '2020-02-28 11:27:09',
  server_time: '2020-02-28 09:27:09',
  updated_at: '2020-02-28 09:27:09',
  user_group: undefined,
  user_group_id: undefined }
expire in =>  7140  seconds
expire in =>  7140  seconds
requested_plain_url ==>    /Application/getAdvertiserAppHitCount
required check ------------------------->  false
getAdvertiserAppHitCount sql 
  select 
                        am.id,
                        am.name,
                        am.icon,
                        am.banner,
                        am.package,
                        (select count(id) from application_hit_count where request_id = am.id) as total_count,
                        (select count(id) from application_hit_count where request_id = am.id and cast(create_date as date) = '2020-02-28') as today_count
                    from application_master as am
                    where am.user_id = '38' 
                    group by am.id
                    order by am.name asc
requested_plain_url ==>    /User/currentUser
required check ------------------------->  false
currentUser sql ------------->  select 
                    um.*,
                    2 as type,
                    null as parent_id,
                    ur.id as user_role_id,
                    ur.name as user_role
                from user_master as um 
                left join user_role as ur on ur.id = um.user_role_id
                where um.id = 38
requested_plain_url ==>    /UserRole/getUserRoleToRight
required check ------------------------->  false
requested_plain_url ==>    /User/wddUpq.jpeg
multimedia[(multimedia.length - 1)]jpeg
required check ------------------------->  false
requested_plain_url ==>    /Invoice/createInvoice
required check ------------------------->  false
createInvoice sql ---------------> insert into invoice_master(
        biller_name,
        address_1,
        address_2,
        items,
        tax,
        gst_number,
        created_date
    ) values (
        'demo',
        '413,anmol complex',
        '413,anmol complex',
        '[{"item_name":"camera-mobile","description":"demo camera-mobile","unit_cost":"1500","qty":"1","amount":"1500"}]',
        '12',
        '123',
        '2020-02-28'
    )
setSecretKey sql ==========>  update invoice_master set invoice_number = 'RK20200233'
                        where id = 33
requested_plain_url ==>    /Invoice/getInvoice
required check ------------------------->  false
getDocument sql ===>  select 
                        c.*
                    from invoice_master as c 
                    where 
                        c.id= 33
                    limit 1
Delete  SocketId:3gYPMbKaerOiK8HIAAAA
requested_plain_url ==>    /User/wddUpq.jpeg
multimedia[(multimedia.length - 1)]jpeg
required check ------------------------->  false
Delete  SocketId:X1RZZmtWjJs9LSy9AAAB
requested_plain_url ==>    /User/wddUpq.jpeg
multimedia[(multimedia.length - 1)]jpeg
required check ------------------------->  false
Delete  SocketId:Acq11iLLlGQBA0n-AAAC
requested_plain_url ==>    /User/wddUpq.jpeg
multimedia[(multimedia.length - 1)]jpeg
required check ------------------------->  false
Delete  SocketId:pYIQ19RZ5HMAQ5xgAAAD
requested_plain_url ==>    /User/wddUpq.jpeg
multimedia[(multimedia.length - 1)]jpeg
required check ------------------------->  false
Delete  SocketId:gUtvs3L13lBXh8VjAAAE
requested_plain_url ==>    /User/wddUpq.jpeg
multimedia[(multimedia.length - 1)]jpeg
required check ------------------------->  false
Delete  SocketId:XbjOrAsspKomGSofAAAF
requested_plain_url ==>    /User/wddUpq.jpeg
multimedia[(multimedia.length - 1)]jpeg
required check ------------------------->  false
Delete  SocketId:rNEMwTUyW3VJiNETAAAG
requested_plain_url ==>    /User/wddUpq.jpeg
multimedia[(multimedia.length - 1)]jpeg
required check ------------------------->  false
Delete  SocketId:81e-fyBj1RV_4K4xAAAH
requested_plain_url ==>    /User/wddUpq.jpeg
multimedia[(multimedia.length - 1)]jpeg
required check ------------------------->  false
requested_plain_url ==>    /Invoice/createInvoice
required check ------------------------->  false
createInvoice sql ---------------> insert into invoice_master(
        biller_name,
        address_1,
        address_2,
        items,
        tax,
        gst_number,
        created_date
    ) values (
        'class-122',
        '413,anmol complex',
        '413,anmol complex',
        '[{"item_name":"camera","unit_cost":"1500000000","qty":"2","amount":"150000","description":"demo camera"},{"item_name":"camera-mobile","unit_cost":"150000","qty":"3","amount":"150000","description":"demo camera-mobile"}]',
        '150',
        '123',
        '2020-02-28'
    )
setSecretKey sql ==========>  update invoice_master set invoice_number = 'RK20200234'
                        where id = 34
requested_plain_url ==>    /Invoice/getInvoice
required check ------------------------->  false
getDocument sql ===>  select 
                        c.*
                    from invoice_master as c 
                    where 
                        c.id= 34
                    limit 1
Delete  SocketId:ok1UMS53Sl4CS94xAAAI
requested_plain_url ==>    /User/wddUpq.jpeg
multimedia[(multimedia.length - 1)]jpeg
required check ------------------------->  false
Delete  SocketId:S6ja9wRUYnI9t7e4AAAJ
requested_plain_url ==>    /User/wddUpq.jpeg
multimedia[(multimedia.length - 1)]jpeg
required check ------------------------->  false
Delete  SocketId:DOTb4iCnj70MFsQiAAAK
requested_plain_url ==>    /User/wddUpq.jpeg
multimedia[(multimedia.length - 1)]jpeg
required check ------------------------->  false
Delete  SocketId:LjkASfyHnmxqpea8AAAL
requested_plain_url ==>    /User/wddUpq.jpeg
multimedia[(multimedia.length - 1)]jpeg
required check ------------------------->  false
Delete  SocketId:iEMVFUlpYZ5G9ZPJAAAM
requested_plain_url ==>    /User/wddUpq.jpeg
multimedia[(multimedia.length - 1)]jpeg
required check ------------------------->  false
Delete  SocketId:StGClaN3n57TzB5CAAAN
requested_plain_url ==>    /User/wddUpq.jpeg
multimedia[(multimedia.length - 1)]jpeg
required check ------------------------->  false
Delete  SocketId:k1hESzFdu45rRYG1AAAO
requested_plain_url ==>    /User/wddUpq.jpeg
multimedia[(multimedia.length - 1)]jpeg
required check ------------------------->  false
Delete  SocketId:tlgjQWqkNbJXAztJAAAP
requested_plain_url ==>    /User/wddUpq.jpeg
multimedia[(multimedia.length - 1)]jpeg
required check ------------------------->  false
Delete  SocketId:pdWsPjDxvkf6ntziAAAQ
requested_plain_url ==>    /User/wddUpq.jpeg
multimedia[(multimedia.length - 1)]jpeg
required check ------------------------->  false
Delete  SocketId:GAl47YCRza4iK3VZAAAR
requested_plain_url ==>    /User/wddUpq.jpeg
multimedia[(multimedia.length - 1)]jpeg
required check ------------------------->  false
requested_plain_url ==>    /Invoice/createInvoice
required check ------------------------->  false
createInvoice sql ---------------> insert into invoice_master(
        biller_name,
        address_1,
        address_2,
        items,
        tax,
        gst_number,
        created_date
    ) values (
        'class-1',
        '413,anmol complex,360001',
        '413,anmol complex,360001',
        '[{"item_name":"camera","description":"demo camera","unit_cost":"1500","qty":"1","amount":"1500"}]',
        '12',
        '123456',
        '2020-02-28'
    )
setSecretKey sql ==========>  update invoice_master set invoice_number = 'RK20200235'
                        where id = 35
requested_plain_url ==>    /Invoice/getInvoice
required check ------------------------->  false
getDocument sql ===>  select 
                        c.*
                    from invoice_master as c 
                    where 
                        c.id= 35
                    limit 1
Delete  SocketId:u2pndJFMI6TmLv80AAAS
requested_plain_url ==>    /User/wddUpq.jpeg
multimedia[(multimedia.length - 1)]jpeg
required check ------------------------->  false
Delete  SocketId:mZTR-TCAxgCjh5gqAAAT
requested_plain_url ==>    /User/wddUpq.jpeg
multimedia[(multimedia.length - 1)]jpeg
required check ------------------------->  false
Delete  SocketId:WySqyGUZp_yyD52BAAAU
requested_plain_url ==>    /User/wddUpq.jpeg
multimedia[(multimedia.length - 1)]jpeg
required check ------------------------->  false
Delete  SocketId:9o9Qq9flvNwTjy96AAAV
requested_plain_url ==>    /User/wddUpq.jpeg
multimedia[(multimedia.length - 1)]jpeg
required check ------------------------->  false
requested_plain_url ==>    /Invoice/createInvoice
required check ------------------------->  false
createInvoice sql ---------------> insert into invoice_master(
        biller_name,
        address_1,
        address_2,
        items,
        tax,
        gst_number,
        created_date
    ) values (
        'rkweb',
        '413,anmol complex,360001',
        '413,anmol complex,360001',
        '[{"item_name":"camera","description":"demo camera","unit_cost":"1500","qty":"1","amount":"1500"}]',
        '12',
        '123',
        '2020-02-28'
    )
setSecretKey sql ==========>  update invoice_master set invoice_number = 'RK20200236'
                        where id = 36
requested_plain_url ==>    /Invoice/getInvoice
required check ------------------------->  false
getDocument sql ===>  select 
                        c.*
                    from invoice_master as c 
                    where 
                        c.id= 36
                    limit 1
Delete  SocketId:Jp1-HO2nAH_4gl7rAAAW
requested_plain_url ==>    /User/wddUpq.jpeg
multimedia[(multimedia.length - 1)]jpeg
required check ------------------------->  false
Delete  SocketId:MuOTHyu2_6K4iQMrAAAX
requested_plain_url ==>    /User/wddUpq.jpeg
multimedia[(multimedia.length - 1)]jpeg
required check ------------------------->  false
Delete  SocketId:oFk4mOafn1wJ6TuJAAAY
requested_plain_url ==>    /User/wddUpq.jpeg
multimedia[(multimedia.length - 1)]jpeg
required check ------------------------->  false
