socket server started on port 4000
Listening HTTP on port 3000
Delete  SocketId:zQSLuhrlwLQCsn_eAAAA
requested_plain_url ==>    /User/wddUpq.jpeg
multimedia[(multimedia.length - 1)]jpeg
required check ------------------------->  false
requested_plain_url ==>    /Employee/searchEmployeeData
required check ------------------------->  false
requested_plain_url ==>    /Employee/1bTUdr.jpg
multimedia[(multimedia.length - 1)]jpg
required check ------------------------->  false
requested_plain_url ==>    /Employee/QslTNM.jpg
multimedia[(multimedia.length - 1)]jpg
required check ------------------------->  false
requested_plain_url ==>    /Employee/YiIcR4.jpg
multimedia[(multimedia.length - 1)]jpg
required check ------------------------->  false
requested_plain_url ==>    /Employee/searchEmployeeData
required check ------------------------->  false
requested_plain_url ==>    /Employee/searchEmployeeData
required check ------------------------->  false
requested_plain_url ==>    /Document/getDocumentById
required check ------------------------->  false
getDocument sql ===>  select 
                        c.*
                    from document_master as c 
                    where 
                        c.employee_id= 3
                    limit 1
requested_plain_url ==>    /Document/GnfBWf.jpeg
multimedia[(multimedia.length - 1)]jpeg
required check ------------------------->  false
requested_plain_url ==>    /Document/6wbjgF.jpeg
multimedia[(multimedia.length - 1)]jpeg
required check ------------------------->  false
requested_plain_url ==>    /Document/9jR1QU.jpeg
multimedia[(multimedia.length - 1)]jpeg
required check ------------------------->  false
requested_plain_url ==>    /Document/YkkNGx.jpeg
multimedia[(multimedia.length - 1)]jpeg
required check ------------------------->  false
requested_plain_url ==>    /Document/cPksxD.jpeg
multimedia[(multimedia.length - 1)]jpeg
required check ------------------------->  false
requested_plain_url ==>    /Document/GLq44E.jpeg
multimedia[(multimedia.length - 1)]jpeg
required check ------------------------->  false
requested_plain_url ==>    /Document/PMmTf6.jpeg
multimedia[(multimedia.length - 1)]jpeg
required check ------------------------->  false
requested_plain_url ==>    /Document/removeDocumentImage
required check ------------------------->  false
file_path =================> Document/GnfBWf.jpeg
null
Delete  SocketId:IFIOXxeTwXoTeuj1AAAB
requested_plain_url ==>    /User/wddUpq.jpeg
multimedia[(multimedia.length - 1)]jpeg
required check ------------------------->  false
requested_plain_url ==>    /Employee/searchEmployeeData
required check ------------------------->  false
requested_plain_url ==>    /Employee/1bTUdr.jpg
multimedia[(multimedia.length - 1)]jpg
required check ------------------------->  false
requested_plain_url ==>    /Employee/QslTNM.jpg
multimedia[(multimedia.length - 1)]jpg
required check ------------------------->  false
requested_plain_url ==>    /Employee/YiIcR4.jpg
multimedia[(multimedia.length - 1)]jpg
required check ------------------------->  false
requested_plain_url ==>    /Employee/searchEmployeeData
required check ------------------------->  false
requested_plain_url ==>    /Document/getDocumentById
required check ------------------------->  false
getDocument sql ===>  select 
                        c.*
                    from document_master as c 
                    where 
                        c.employee_id= 3
                    limit 1
requested_plain_url ==>    /Document/GnfBWf.jpeg
multimedia[(multimedia.length - 1)]jpeg
required check ------------------------->  false
requested_plain_url ==>    /Document/6wbjgF.jpeg
multimedia[(multimedia.length - 1)]jpeg
required check ------------------------->  false
requested_plain_url ==>    /Document/9jR1QU.jpeg
multimedia[(multimedia.length - 1)]jpeg
required check ------------------------->  false
requested_plain_url ==>    /Document/YkkNGx.jpeg
multimedia[(multimedia.length - 1)]jpeg
required check ------------------------->  false
requested_plain_url ==>    /Document/cPksxD.jpeg
multimedia[(multimedia.length - 1)]jpeg
required check ------------------------->  false
requested_plain_url ==>    /Document/GLq44E.jpeg
multimedia[(multimedia.length - 1)]jpeg
required check ------------------------->  false
requested_plain_url ==>    /Document/PMmTf6.jpeg
multimedia[(multimedia.length - 1)]jpeg
required check ------------------------->  false
requested_plain_url ==>    /Document/removeDocumentImage
required check ------------------------->  false
file_path =================> Document/GnfBWf.jpeg
{ [Error: ENOENT: no such file or directory, unlink '/var/www/html/hrm/server/Images/Document/GnfBWf.jpeg']
  errno: -2,
  code: 'ENOENT',
  syscall: 'unlink',
  path: '/var/www/html/hrm/server/Images/Document/GnfBWf.jpeg' }
Delete  SocketId:CoLKhxbbuj5ufQudAAAC
requested_plain_url ==>    /User/wddUpq.jpeg
multimedia[(multimedia.length - 1)]jpeg
required check ------------------------->  false
requested_plain_url ==>    /Employee/searchEmployeeData
required check ------------------------->  false
requested_plain_url ==>    /Employee/YiIcR4.jpg
multimedia[(multimedia.length - 1)]jpg
required check ------------------------->  false
requested_plain_url ==>    /Employee/1RMXWW.jpg
multimedia[(multimedia.length - 1)]jpg
required check ------------------------->  false
requested_plain_url ==>    /Employee/SuasPG.jpeg
multimedia[(multimedia.length - 1)]jpeg
required check ------------------------->  false
requested_plain_url ==>    /Employee/adI2vF.jpeg
multimedia[(multimedia.length - 1)]jpeg
required check ------------------------->  false
requested_plain_url ==>    /Employee/ftJewE.jpg
multimedia[(multimedia.length - 1)]jpg
required check ------------------------->  false
requested_plain_url ==>    /Document/getDocumentById
required check ------------------------->  false
getDocument sql ===>  select 
                        c.*
                    from document_master as c 
                    where 
                        c.employee_id= 4
                    limit 1
requested_plain_url ==>    /Document/createDocumentImage
required check ------------------------->  false
requested_plain_url ==>    /Document/KWUpHe.jpeg
multimedia[(multimedia.length - 1)]jpeg
required check ------------------------->  false
requested_plain_url ==>    /Document/createDocumentImage
required check ------------------------->  false
requested_plain_url ==>    /Document/rwAmh9.jpeg
multimedia[(multimedia.length - 1)]jpeg
required check ------------------------->  false
requested_plain_url ==>    /Document/createDocumentImage
required check ------------------------->  false
requested_plain_url ==>    /Document/bUEhtA.jpg
multimedia[(multimedia.length - 1)]jpg
required check ------------------------->  false
requested_plain_url ==>    /Document/createDocumentImage
required check ------------------------->  false
requested_plain_url ==>    /Document/Z7jtBw.jpeg
multimedia[(multimedia.length - 1)]jpeg
required check ------------------------->  false
requested_plain_url ==>    /Document/createDocumentImage
required check ------------------------->  false
requested_plain_url ==>    /Document/DpUbPk.jpeg
multimedia[(multimedia.length - 1)]jpeg
required check ------------------------->  false
requested_plain_url ==>    /Document/createDocumentImage
required check ------------------------->  false
requested_plain_url ==>    /Document/GQvsVI.jpeg
multimedia[(multimedia.length - 1)]jpeg
required check ------------------------->  false
requested_plain_url ==>    /Document/createDocumentImage
required check ------------------------->  false
requested_plain_url ==>    /Document/4QR2Ck.jpeg
multimedia[(multimedia.length - 1)]jpeg
required check ------------------------->  false
requested_plain_url ==>    /Document/createDocumentImage
required check ------------------------->  false
requested_plain_url ==>    /Document/tMKedD.jpeg
multimedia[(multimedia.length - 1)]jpeg
required check ------------------------->  false
requested_plain_url ==>    /Document/createDocument
required check ------------------------->  false
createDocument sql ---------------> insert into document_master(
        adhar_card_front,
        adhar_card_back,
        pan_card,
        passport_photo,
        passport,
        leaving_letter,
        original_certificate,
        bank_statement,
        employee_id
    ) values (
        'Document/KWUpHe.jpeg',
        'Document/rwAmh9.jpeg',
        'Document/bUEhtA.jpg',
        'Document/Z7jtBw.jpeg',
        'Document/DpUbPk.jpeg',
        'Document/GQvsVI.jpeg',
        'Document/4QR2Ck.jpeg',
        'Document/tMKedD.jpeg',
        '4'
    )
Delete  SocketId:mVduM19frTEdaffuAAAD
requested_plain_url ==>    /User/wddUpq.jpeg
multimedia[(multimedia.length - 1)]jpeg
required check ------------------------->  false
requested_plain_url ==>    /Employee/searchEmployeeData
required check ------------------------->  false
requested_plain_url ==>    /Employee/YiIcR4.jpg
multimedia[(multimedia.length - 1)]jpg
required check ------------------------->  false
requested_plain_url ==>    /Employee/1RMXWW.jpg
multimedia[(multimedia.length - 1)]jpg
required check ------------------------->  false
requested_plain_url ==>    /Employee/SuasPG.jpeg
multimedia[(multimedia.length - 1)]jpeg
required check ------------------------->  false
requested_plain_url ==>    /Employee/adI2vF.jpeg
multimedia[(multimedia.length - 1)]jpeg
required check ------------------------->  false
requested_plain_url ==>    /Employee/ftJewE.jpg
multimedia[(multimedia.length - 1)]jpg
required check ------------------------->  false
requested_plain_url ==>    /Document/getDocumentById
required check ------------------------->  false
getDocument sql ===>  select 
                        c.*
                    from document_master as c 
                    where 
                        c.employee_id= 4
                    limit 1
requested_plain_url ==>    /Document/KWUpHe.jpeg
multimedia[(multimedia.length - 1)]jpeg
required check ------------------------->  false
requested_plain_url ==>    /Document/rwAmh9.jpeg
multimedia[(multimedia.length - 1)]jpeg
required check ------------------------->  false
requested_plain_url ==>    /Document/bUEhtA.jpg
multimedia[(multimedia.length - 1)]jpg
required check ------------------------->  false
requested_plain_url ==>    /Document/Z7jtBw.jpeg
multimedia[(multimedia.length - 1)]jpeg
required check ------------------------->  false
requested_plain_url ==>    /Document/DpUbPk.jpeg
multimedia[(multimedia.length - 1)]jpeg
required check ------------------------->  false
requested_plain_url ==>    /Document/GQvsVI.jpeg
multimedia[(multimedia.length - 1)]jpeg
required check ------------------------->  false
requested_plain_url ==>    /Document/4QR2Ck.jpeg
multimedia[(multimedia.length - 1)]jpeg
required check ------------------------->  false
requested_plain_url ==>    /Document/tMKedD.jpeg
multimedia[(multimedia.length - 1)]jpeg
required check ------------------------->  false
