socket server started on port 4000
Listening HTTP on port 3000
Delete  SocketId:XWM1AmutWr0exxjTAAAA
requested_plain_url ==>    /User/wddUpq.jpeg
multimedia[(multimedia.length - 1)]jpeg
required check ------------------------->  false
requested_plain_url ==>    /Employee/employeeByPg
required check ------------------------->  false
requested_plain_url ==>    /User/wddUpq.jpeg
multimedia[(multimedia.length - 1)]jpeg
required check ------------------------->  false
requested_plain_url ==>    /Employee/employeeByPg
required check ------------------------->  false
requested_plain_url ==>    /Employee/deleteEmployee
required check ------------------------->  false
requested_plain_url ==>    /Employee/employeeByPg
required check ------------------------->  false
requested_plain_url ==>    /Employee/getEmployee
required check ------------------------->  false
getEmployee sql ===>  select 
                        c.*
                    from employee_master as c 
                    where 
                        c.id= 24
                    limit 1
requested_plain_url ==>    /Employee/p4IAh7.jpg
multimedia[(multimedia.length - 1)]jpg
required check ------------------------->  false
Delete  SocketId:GCOSJQLQOjz9qtg0AAAB
requested_plain_url ==>    /Employee/updateEmployee
required check ------------------------->  false
updateEmployee sql 

update employee_master set 
                        status = '1',
                        name = 'vivek',
                        personal_email = "vivek@gmail.com",
                        official_email = "vivek123@gmail.com",
                        password = "123456",
                        current_address = "Rajkot",
                        permanent_address = "Rajkot",
                        emergency_number = "8989898989",
                        personal_email = "vivek@gmail.com",
                        add_image = 'Employee/p4IAh7.jpg',
                        department = "3",
                        reporting_to = "6"
                    where id =24
requested_plain_url ==>    /Employee/employeeByPg
required check ------------------------->  false
Delete  SocketId:FOfYbwNOSyZ9_ifzAAAC
requested_plain_url ==>    /User/wddUpq.jpeg
multimedia[(multimedia.length - 1)]jpeg
required check ------------------------->  false
requested_plain_url ==>    /Employee/employeeByPg
required check ------------------------->  false
requested_plain_url ==>    /Employee/searchEmployeeData
required check ------------------------->  false
requested_plain_url ==>    /Employee/searchEmployeeData
required check ------------------------->  false
requested_plain_url ==>    /Employee/searchEmployeeData
required check ------------------------->  false
requested_plain_url ==>    /Employee/searchEmployeeData
required check ------------------------->  false
Delete  SocketId:7wU0ydppQ39-gJ-bAAAD
requested_plain_url ==>    /User/wddUpq.jpeg
multimedia[(multimedia.length - 1)]jpeg
required check ------------------------->  false
requested_plain_url ==>    /Employee/employeeByPg
required check ------------------------->  false
requested_plain_url ==>    /Employee/getViewEmployeeDetailsById
required check ------------------------->  false
getApplication sql ===>  select 
                        c.*
                    from employee_master as c 
                    where 
                        c.id= 35
                    limit 1
requested_plain_url ==>    /Employee/yjYXXK.jpeg
multimedia[(multimedia.length - 1)]jpeg
required check ------------------------->  false
requested_plain_url ==>    /Employee/employeeByPg
required check ------------------------->  false
