socket server started on port 4000
Listening HTTP on port 3000
requested_plain_url ==>    /Invoice/createInvoice
required check ------------------------->  false
createInvoice sql ---------------> insert into invoice_master(
        biller_name,
        address,
        item_name,
        description,
        unit_cost,
        qty,
        amount,
        tax,
        gst_number
    ) values (
        'tyututryrtr',
        'demo abcddfdgdfgd',
        'Classicdgdgdgdg',
        'demo descdgdgdgdg',
        '1000',
        '1',
        '100011',
        '12',
        '1231'
    )
rows1
setSecretKey sql ==========>  update invoice_master set invoice_number = 'RK20200211'
                        where id = 11
