socket server started on port 4000
Listening HTTP on port 3000
Delete  SocketId:Foia3B77Cw5TPKybAAAA
requested_plain_url ==>    /User/wddUpq.jpeg
multimedia[(multimedia.length - 1)]jpeg
required check ------------------------->  false
requested_plain_url ==>    /Invoice/createInvoice
required check ------------------------->  false
insertArray
user
createInvoice sql ---------------> insert into invoice_master(
        biller_name,
        address_1,
        address_2,
        items,
        tax,
        gst_number,
        created_date
    ) values (
        'user-1',
        '413,anmol complex',
        '413,anmol complex',
        '[{"item_name":"Mobile","description":"demo mobile","unit_cost":"15000","qty":"1","amount":"15000"}]',
        '0',
        '01',
        '2020-02-26'
    )
setSecretKey sql ==========>  update invoice_master set invoice_number = 'RK20200233'
                        where id = 33
requested_plain_url ==>    /Invoice/getInvoice
required check ------------------------->  false
getDocument sql ===>  select 
                        c.*
                    from invoice_master as c 
                    where 
                        c.id= 33
                    limit 1
rows[0]
Delete  SocketId:OvLL50QZMLxrRVRGAAAB
requested_plain_url ==>    /User/wddUpq.jpeg
multimedia[(multimedia.length - 1)]jpeg
required check ------------------------->  false
