socket server started on port 4000
Listening HTTP on port 3000
Delete  SocketId:H9GguZ6gvo5U60fIAAAA
requested_plain_url ==>    /User/getAuthTokens
required check ------------------------->  false
getAuthTokens login  sql ---------------------> 
	  select 
        um.*, 
        ur.id as user_role_id, 
        ur.name as user_role,
        um.status 
    from user_master as um  
    left join user_role as ur on ur.id = um.user_role_id 
    where BINARY um.username ='vivek@gmail.com' or BINARY um.email_id ='vivek@gmail.com'
redis_obj stored
{ id: 32,
  secret_key: 'bnVsbF92aXZla0BnbWFpbC5jb20=',
  username: '',
  user_email: 'vivek@gmail.com',
  access_token: 'iSqroPw1EFzL57W1)JxHsJB0iCdgv9pn',
  refresh_token: 'X5NQZiYrJwtTjToj(TGVyVnrlVE9neJn',
  expire_time: '2020-02-13 13:35:58',
  server_time: '2020-02-13 11:39:38',
  updated_at: '2020-02-13 11:39:38',
  user_group: undefined,
  user_group_id: undefined }
expire in =>  6920  seconds
expire in =>  6920  seconds
requested_plain_url ==>    /Application/getAdvertiserAppHitCount
required check ------------------------->  false
getAdvertiserAppHitCount sql 
  select 
                        am.id,
                        am.name,
                        am.icon,
                        am.banner,
                        am.package,
                        (select count(id) from application_hit_count where request_id = am.id) as total_count,
                        (select count(id) from application_hit_count where request_id = am.id and cast(create_date as date) = '2020-02-13') as today_count
                    from application_master as am
                    where am.user_id = '32' 
                    group by am.id
                    order by am.name asc
requested_plain_url ==>    /User/currentUser
required check ------------------------->  false
currentUser sql ------------->  select 
                um.*
                from user_master as um 
                where um.id = 32
requested_plain_url ==>    /UserRole/getUserRoleToRight
required check ------------------------->  false
requested_plain_url ==>    /User/currentUser
required check ------------------------->  false
currentUser sql ------------->  select 
                um.*
                from user_master as um 
                where um.id = 32
Delete  SocketId:ytGbuEGBALegU-FNAAAB
requested_plain_url ==>    /User/currentUser
required check ------------------------->  false
currentUser sql ------------->  select 
                um.*
                from user_master as um 
                where um.id = 32
requested_plain_url ==>    /Application/getAdvertiserAppHitCount
required check ------------------------->  false
getAdvertiserAppHitCount sql 
  select 
                        am.id,
                        am.name,
                        am.icon,
                        am.banner,
                        am.package,
                        (select count(id) from application_hit_count where request_id = am.id) as total_count,
                        (select count(id) from application_hit_count where request_id = am.id and cast(create_date as date) = '2020-02-13') as today_count
                    from application_master as am
                    where am.user_id = '32' 
                    group by am.id
                    order by am.name asc
