socket server started on port 4000
Listening HTTP on port 3000
requested_plain_url ==>    /Employee/registerEmployee
required check ------------------------->  false
checkDuplicateEmployee 
select count(id) as count from employee_master where personal_email in('vivek@gmail.com') OR contact_number in('8989895656')
insertEmployee sql 
 insert into employee_master(
                    name,
                    personal_email,
                    official_email,
                    password,
                    current_address,
                    permanent_address,
                    contact_number,
                    emergency_number,
                    add_image,
                    department,
                    reporting_to
                ) values(
                    'vivek',
                    'vivek@gmail.com',
                    'vivek123@gmail.com',
                    '123456',
                    'Rajkot',
                    'Rajkot',
                    '8989895656',
                    '8989898989',
                    NULL,
                    3,
                    '6'
                )
users sql 
 
userres
registerUsers sql --------------->  insert into users_master(
                                                            email_id
                                                            ) values (
                                                             'vivek@gmail.com'
                                                            )
enterd in create login
createLogin sql ---------------> insert into user_master(
                    email_id,
                    password,
                    secret_key
                ) values (
                    'vivek@gmail.com',
                    '$2a$05$YSXx2y1SddoQF5QSdA1mCOV1C94Qb2CP0oN6lK8To442uGBm/bYfu',
                    'bnVsbF92aXZla0BnbWFpbC5jb20='
                )
row1
Delete  SocketId:v20t9oxoFHdLSmmbAAAA
requested_plain_url ==>    /User/getAuthTokens
required check ------------------------->  false
getAuthTokens login  sql ---------------------> 
	  select 
        um.*, 
        ur.id as user_role_id, 
        ur.name as user_role,
        um.status 
    from user_master as um  
    left join user_role as ur on ur.id = um.user_role_id 
    where BINARY um.username ='vivek@gmail.com' or BINARY um.email_id ='vivek@gmail.com'
a[c] ------> )
salt ----------------------------------> b.join('')iSqroPw1EFzL57W1)JxHsJB0iCdgv9pn
a[c] ------> (
salt ----------------------------------> b.join('')X5NQZiYrJwtTjToj(TGVyVnrlVE9neJn
_updateTokenDetails sql ============> 	
 update user_master set  
                    access_token = "iSqroPw1EFzL57W1)JxHsJB0iCdgv9pn",
                    refresh_token = "X5NQZiYrJwtTjToj(TGVyVnrlVE9neJn",
                    expire_time = "2020-02-13 13:35:58"
                    where id = 32
redis_obj stored
{ id: 32,
  secret_key: 'bnVsbF92aXZla0BnbWFpbC5jb20=',
  username: '',
  user_email: 'vivek@gmail.com',
  access_token: 'iSqroPw1EFzL57W1)JxHsJB0iCdgv9pn',
  refresh_token: 'X5NQZiYrJwtTjToj(TGVyVnrlVE9neJn',
  expire_time: '2020-02-13 13:35:58',
  server_time: '2020-02-13 11:35:58',
  updated_at: '2020-02-13 11:35:58',
  user_group: undefined,
  user_group_id: undefined }
expire in =>  7140  seconds
expire in =>  7140  seconds
requested_plain_url ==>    /Application/getAdvertiserAppHitCount
required check ------------------------->  false
getAdvertiserAppHitCount sql 
  select 
                        am.id,
                        am.name,
                        am.icon,
                        am.banner,
                        am.package,
                        (select count(id) from application_hit_count where request_id = am.id) as total_count,
                        (select count(id) from application_hit_count where request_id = am.id and cast(create_date as date) = '2020-02-13') as today_count
                    from application_master as am
                    where am.user_id = '32' 
                    group by am.id
                    order by am.name asc
requested_plain_url ==>    /User/currentUser
required check ------------------------->  false
currentUser sql ------------->  select 
                    um.*,
                    if(um.user_group = 'admin_staff', sm.id , null) as type_id,
                    2 as type,
                    null as parent_id,
                    ur.id as user_role_id,
                    ur.name as user_role
                from user_master as um 
                left join staff_master as sm on sm.id = um.user_group_id 
                left join user_role as ur on ur.id = um.user_role_id
                where um.id = 32 and um.status = 1 group by um.id
