socket server started on port 4000
Listening HTTP on port 3000
Delete  SocketId:WLjbtuNsfFrcLHl3AAAA
requested_plain_url ==>    /User/wddUpq.jpeg
multimedia[(multimedia.length - 1)]jpeg
required check ------------------------->  false
requested_plain_url ==>    /Invoice/createInvoice
required check ------------------------->  false
createInvoice sql ---------------> insert into invoice_master(
        biller_name,
        address_1,
        address_2,
        items,
        tax,
        gst_number,
        created_date
    ) values (
        'class-1',
        '413,anmol complex',
        '413,anmol complex,360001',
        '[{"item_name":"camera","unit_cost":"200","qty":"1","amount":"200","description":"demo camera"},{"item_name":"tv","unit_cost":"1500","qty":"1","amount":"1500","description":"demo tv"}]',
        '150',
        '123',
        '2020-02-26'
    )
setSecretKey sql ==========>  update invoice_master set invoice_number = 'RK20200258'
                        where id = 58
requested_plain_url ==>    /Invoice/getInvoice
required check ------------------------->  false
getDocument sql ===>  select 
                        c.*
                    from invoice_master as c 
                    where 
                        c.id= 58
                    limit 1
Delete  SocketId:I2dDiBJcwYjqsMm-AAAB
requested_plain_url ==>    /User/wddUpq.jpeg
multimedia[(multimedia.length - 1)]jpeg
required check ------------------------->  false
requested_plain_url ==>    /Invoice/createInvoice
required check ------------------------->  false
createInvoice sql ---------------> insert into invoice_master(
        biller_name,
        address_1,
        address_2,
        items,
        tax,
        gst_number,
        created_date
    ) values (
        'rkweb',
        '413,anmol complex',
        '413,anmol complex,360001',
        '[{"item_name":"camera","unit_cost":"200","qty":"1","amount":"200","description":"demo camera"},{"item_name":"tv","unit_cost":"400","qty":"1","amount":"400","description":"demo tv"}]',
        '150',
        '123',
        '2020-02-26'
    )
setSecretKey sql ==========>  update invoice_master set invoice_number = 'RK20200259'
                        where id = 59
requested_plain_url ==>    /Invoice/getInvoice
required check ------------------------->  false
getDocument sql ===>  select 
                        c.*
                    from invoice_master as c 
                    where 
                        c.id= 59
                    limit 1
