socket server started on port 4000
Listening HTTP on port 3000
Delete  SocketId:PkvRgdriDjGuQRfFAAAA
requested_plain_url ==>    /User/wddUpq.jpeg
multimedia[(multimedia.length - 1)]jpeg
required check ------------------------->  false
requested_plain_url ==>    /Invoice/createInvoice
required check ------------------------->  false
insertArray
user
createInvoice sql ---------------> insert into invoice_master(
        biller_name,
        address_1,
        address_2,
        items,
        tax,
        gst_number,
        created_date
    ) values (
        'class-1',
        '413,anmol complex,360001',
        '413,anmol complex,360001',
        '[{"item_name":"camera-mobile","description":"demo camera-mobile","unit_cost":"150000","qty":"1","amount":"150000"}]',
        '12',
        '123',
        '2020-02-26'
    )
setSecretKey sql ==========>  update invoice_master set invoice_number = 'RK20200235'
                        where id = 35
requested_plain_url ==>    /Invoice/getInvoice
required check ------------------------->  false
getDocument sql ===>  select 
                        c.*
                    from invoice_master as c 
                    where 
                        c.id= 35
                    limit 1
rows[0]
Delete  SocketId:oBW27effMm9NL-PoAAAB
requested_plain_url ==>    /User/wddUpq.jpeg
multimedia[(multimedia.length - 1)]jpeg
required check ------------------------->  false
Delete  SocketId:GLJxoyT5hqfIU5kBAAAC
requested_plain_url ==>    /User/wddUpq.jpeg
multimedia[(multimedia.length - 1)]jpeg
required check ------------------------->  false
