socket server started on port 4000
Listening HTTP on port 3000
requested_plain_url ==>    /Employee/registerEmployee
required check ------------------------->  false
checkDuplicateEmployee 
select count(id) as count from employee_master where personal_email in('mehul@gmail.com') OR contact_number in('7897897890')
insertEmployee sql 
 insert into employee_master(
                    name,
                    personal_email,
                    official_email,
                    password,
                    current_address,
                    permanent_address,
                    contact_number,
                    emergency_number,
                    add_image,
                    department,
                    reporting_to
                ) values(
                    'mehul',
                    'mehul@gmail.com',
                    'mehul123@gmail.com',
                    '123456',
                    'Rajkot',
                    'Rajkot',
                    '7897897890',
                    '8989898989',
                    NULL,
                    6,
                    '2'
                )
users sql 
 
userres
registerUsers sql --------------->  insert into users_master(
                                                            email_id
                                                            ) values (
                                                             'mehul@gmail.com'
                                                            )
enterd in create login
createLogin sql ---------------> insert into user_master(
                    email_id,
                    password,
                    user_role_id,
                    secret_key
                ) values (
                    'mehul@gmail.com',
                    '$2a$05$OLRSg3gV0Sl76eZ5TBfuPeB6CQvQp5ylsSUzVQW5gwEavUPxklN4O',
                    '6',
                    'bnVsbF9tZWh1bEBnbWFpbC5jb20='
                )
row1
requested_plain_url ==>    /User/getAuthTokens
required check ------------------------->  false
getAuthTokens login  sql ---------------------> 
	  select 
        um.*, 
        ur.id as user_role_id, 
        ur.name as user_role,
        um.status 
    from user_master as um  
    left join user_role as ur on ur.id = um.user_role_id 
    where BINARY um.username ='mehul@gmail.com' or BINARY um.email_id ='mehul@gmail.com'
a[c] ------> (
salt ----------------------------------> b.join('')bI2b6UmZZ7XodLYx(z6DXFZJTBKVxRuN
a[c] ------> )
salt ----------------------------------> b.join('')KgRTpOCbmWUInXAX)B3hMxZ6VC0zTQ3q
_updateTokenDetails sql ============> 	
 update user_master set  
                    access_token = "bI2b6UmZZ7XodLYx(z6DXFZJTBKVxRuN",
                    refresh_token = "KgRTpOCbmWUInXAX)B3hMxZ6VC0zTQ3q",
                    expire_time = "2020-02-13 14:12:37"
                    where id = 35
redis_obj stored
{ id: 35,
  secret_key: 'bnVsbF9tZWh1bEBnbWFpbC5jb20=',
  username: '',
  user_email: 'mehul@gmail.com',
  access_token: 'bI2b6UmZZ7XodLYx(z6DXFZJTBKVxRuN',
  refresh_token: 'KgRTpOCbmWUInXAX)B3hMxZ6VC0zTQ3q',
  expire_time: '2020-02-13 14:12:37',
  server_time: '2020-02-13 12:12:37',
  updated_at: '2020-02-13 12:12:37',
  user_group: undefined,
  user_group_id: undefined }
expire in =>  7140  seconds
expire in =>  7140  seconds
requested_plain_url ==>    /Application/getAdvertiserAppHitCount
required check ------------------------->  false
getAdvertiserAppHitCount sql 
  select 
                        am.id,
                        am.name,
                        am.icon,
                        am.banner,
                        am.package,
                        (select count(id) from application_hit_count where request_id = am.id) as total_count,
                        (select count(id) from application_hit_count where request_id = am.id and cast(create_date as date) = '2020-02-13') as today_count
                    from application_master as am
                    where am.user_id = '35' 
                    group by am.id
                    order by am.name asc
requested_plain_url ==>    /User/currentUser
required check ------------------------->  false
currentUser sql ------------->  select 
                    um.*,
                    2 as type,
                    null as parent_id,
                    ur.id as user_role_id,
                    ur.name as user_role
                from user_master as um 
                left join user_role as ur on ur.id = um.user_role_id
                where um.id = 35
requested_plain_url ==>    /UserRole/getUserRoleToRight
required check ------------------------->  false
requested_plain_url ==>    /UserRole/registerUserRoleToRight
required check ------------------------->  false
						 
 new_right_updated brodcasted 
requested_plain_url ==>    /UserRole/getUserRoleToRight
required check ------------------------->  false
requested_plain_url ==>    /UserRole/getUserRoleToRight
required check ------------------------->  false
requested_plain_url ==>    /UserRole/registerUserRoleToRight
required check ------------------------->  false
						 
 new_right_updated brodcasted 
requested_plain_url ==>    /UserRole/getUserRoleToRight
required check ------------------------->  false
requested_plain_url ==>    /UserRole/getUserRoleToRight
required check ------------------------->  false
Delete  SocketId:THj4dMcMwpeOZBNMAAAA
Delete  SocketId:HeITWXNJ0fnOf6xvAAAB
requested_plain_url ==>    /User/sKHhyg.jpeg
multimedia[(multimedia.length - 1)]jpeg
required check ------------------------->  false
requested_plain_url ==>    /UserRole/getUserRole
required check ------------------------->  false
getUserRole sql ===> select ur.* from user_role as ur where ur.name = 'Company'
requested_plain_url ==>    /UserRole/getUserRight
required check ------------------------->  false
requested_plain_url ==>    /Application/getAdvertiserAppHitCount
required check ------------------------->  false
getAdvertiserAppHitCount sql 
  select 
                        am.id,
                        am.name,
                        am.icon,
                        am.banner,
                        am.package,
                        (select count(id) from application_hit_count where request_id = am.id) as total_count,
                        (select count(id) from application_hit_count where request_id = am.id and cast(create_date as date) = '2020-02-13') as today_count
                    from application_master as am
                    where am.user_id = '35' 
                    group by am.id
                    order by am.name asc
