socket server started on port 4000
Listening HTTP on port 3000
requested_plain_url ==>    /Employee/registerEmployee
required check ------------------------->  false
checkDuplicateEmployee 
select count(id) as count from employee_master where personal_email in('vivek@gmail.com') OR contact_number in('8989895656')
insertEmployee sql 
 insert into employee_master(
                    name,
                    personal_email,
                    official_email,
                    password,
                    current_address,
                    permanent_address,
                    contact_number,
                    emergency_number,
                    add_image,
                    department,
                    reporting_to
                ) values(
                    'vivek',
                    'vivek@gmail.com',
                    'vivek123@gmail.com',
                    '123456',
                    'Rajkot',
                    'Rajkot',
                    '8989895656',
                    '8989898989',
                    NULL,
                    3,
                    '6'
                )
users sql 
 
userres
registerUsers sql --------------->  insert into users_master(
                                                            email_id
                                                            ) values (
                                                             'vivek@gmail.com'
                                                            )
enterd in create login
createLogin sql ---------------> insert into user_master(
                    email_id,
                    password,
                    user_role_id,
                    secret_key
                ) values (
                    'vivek@gmail.com',
                    '$2a$05$14dTZNtwKv8pTFCuWHdI5.3XzAS9l2pGL6wFfiCU0EG8LrB/B/nHO',
                    '3',
                    'bnVsbF92aXZla0BnbWFpbC5jb20='
                )
row1
