socket server started on port 4000
Listening HTTP on port 3000
Delete  SocketId:4jelWm9Cgb_7rw5JAAAB
requested_plain_url ==>    /User/sKHhyg.jpeg
multimedia[(multimedia.length - 1)]jpeg
required check ------------------------->  false
requested_plain_url ==>    /Application/getAdvertiserAppHitCount
required check ------------------------->  false
getAdvertiserAppHitCount sql 
  select 
                        am.id,
                        am.name,
                        am.icon,
                        am.banner,
                        am.package,
                        (select count(id) from application_hit_count where request_id = am.id) as total_count,
                        (select count(id) from application_hit_count where request_id = am.id and cast(create_date as date) = '2020-02-13') as today_count
                    from application_master as am
                    where am.user_id = '2' 
                    group by am.id
                    order by am.name asc
requested_plain_url ==>    /Employee/registerEmployee
required check ------------------------->  false
checkDuplicateEmployee 
select count(id) as count from employee_master where personal_email in('ruchit@gmail.com') OR contact_number in('1234567891')
insertEmployee sql 
 insert into employee_master(
                    name,
                    personal_email,
                    official_email,
                    password,
                    current_address,
                    permanent_address,
                    contact_number,
                    emergency_number,
                    add_image,
                    department,
                    reporting_to
                ) values(
                    'ruchit',
                    'ruchit@gmail.com',
                    'ruchit123@gmail.com',
                    '123456',
                    'Rajkot',
                    'Rajkot',
                    '1234567891',
                    '8989898989',
                    NULL,
                    6,
                    '2'
                )
users sql 
 
userres
registerUsers sql --------------->  insert into users_master(
                                                            email_id
                                                            ) values (
                                                             'ruchit@gmail.com'
                                                            )
enterd in create login
createLogin sql ---------------> insert into user_master(
                    email_id,
                    password,
                    first_name,
                    mobile_no,
                    user_role_id,
                    secret_key
                ) values (
                    'ruchit@gmail.com',
                    '$2a$05$CS1dK9b4UgSlRhRuM2acCuq0NrEDGKuxDTtAJ5cx2rkaLPUGL4ori',
                    'ruchit',
                    '1234567891',
                    '6',
                    'bnVsbF9ydWNoaXRAZ21haWwuY29t'
                )
row1
Delete  SocketId:sBSrnR-BACoo9J_1AAAA
requested_plain_url ==>    /User/getAuthTokens
required check ------------------------->  false
getAuthTokens login  sql ---------------------> 
	  select 
        um.*, 
        ur.id as user_role_id, 
        ur.name as user_role,
        um.status 
    from user_master as um  
    left join user_role as ur on ur.id = um.user_role_id 
    where BINARY um.username ='ruchit@gmail.com' or BINARY um.email_id ='ruchit@gmail.com'
a[c] ------> (
salt ----------------------------------> b.join('')Ji9t3fecaC8sAWBp(PIOjKM53nKLCXtl
a[c] ------> *
salt ----------------------------------> b.join('')5i9P1KM8kO3e3l3S*VIrBTX5ZUFXOkEi
_updateTokenDetails sql ============> 	
 update user_master set  
                    access_token = "Ji9t3fecaC8sAWBp(PIOjKM53nKLCXtl",
                    refresh_token = "5i9P1KM8kO3e3l3S*VIrBTX5ZUFXOkEi",
                    expire_time = "2020-02-13 16:47:17"
                    where id = 38
redis_obj stored
{ id: 38,
  secret_key: 'bnVsbF9ydWNoaXRAZ21haWwuY29t',
  username: '',
  user_email: 'ruchit@gmail.com',
  access_token: 'Ji9t3fecaC8sAWBp(PIOjKM53nKLCXtl',
  refresh_token: '5i9P1KM8kO3e3l3S*VIrBTX5ZUFXOkEi',
  expire_time: '2020-02-13 16:47:17',
  server_time: '2020-02-13 14:47:17',
  updated_at: '2020-02-13 14:47:17',
  user_group: undefined,
  user_group_id: undefined }
expire in =>  7140  seconds
expire in =>  7140  seconds
requested_plain_url ==>    /Application/getAdvertiserAppHitCount
required check ------------------------->  false
getAdvertiserAppHitCount sql 
  select 
                        am.id,
                        am.name,
                        am.icon,
                        am.banner,
                        am.package,
                        (select count(id) from application_hit_count where request_id = am.id) as total_count,
                        (select count(id) from application_hit_count where request_id = am.id and cast(create_date as date) = '2020-02-13') as today_count
                    from application_master as am
                    where am.user_id = '38' 
                    group by am.id
                    order by am.name asc
requested_plain_url ==>    /User/currentUser
required check ------------------------->  false
currentUser sql ------------->  select 
                    um.*,
                    2 as type,
                    null as parent_id,
                    ur.id as user_role_id,
                    ur.name as user_role
                from user_master as um 
                left join user_role as ur on ur.id = um.user_role_id
                where um.id = 38
requested_plain_url ==>    /UserRole/getUserRoleToRight
required check ------------------------->  false
requested_plain_url ==>    /User/currentUser
required check ------------------------->  false
currentUser sql ------------->  select 
                    um.*,
                    2 as type,
                    null as parent_id,
                    ur.id as user_role_id,
                    ur.name as user_role
                from user_master as um 
                left join user_role as ur on ur.id = um.user_role_id
                where um.id = 38
requested_plain_url ==>    /User/uploadUserImage
required check ------------------------->  false
requested_plain_url ==>    /User/O9zpT3.jpeg
multimedia[(multimedia.length - 1)]jpeg
required check ------------------------->  false
requested_plain_url ==>    /Application/getAdvertiserAppHitCount
required check ------------------------->  false
getAdvertiserAppHitCount sql 
  select 
                        am.id,
                        am.name,
                        am.icon,
                        am.banner,
                        am.package,
                        (select count(id) from application_hit_count where request_id = am.id) as total_count,
                        (select count(id) from application_hit_count where request_id = am.id and cast(create_date as date) = '2020-02-13') as today_count
                    from application_master as am
                    where am.user_id = '38' 
                    group by am.id
                    order by am.name asc
requested_plain_url ==>    /User/currentUser
required check ------------------------->  false
currentUser sql ------------->  select 
                    um.*,
                    2 as type,
                    null as parent_id,
                    ur.id as user_role_id,
                    ur.name as user_role
                from user_master as um 
                left join user_role as ur on ur.id = um.user_role_id
                where um.id = 38
requested_plain_url ==>    /User/updateUserDetailsById
required check ------------------------->  false
hasString --------------------> 38_null_null_6
user.secret_key --------------------> MzhfbnVsbF9udWxsXzY=
updateUserDetailsById without PW sql =====>  update user_master set  
                                                    modify_by= 38,
                                                    secret_key = 'MzhfbnVsbF9udWxsXzY=',
                                                    first_name= 'ruchit',
                                                    last_name= 'patel',
                                                    email_id= 'ruchit@gmail.com',
                                                    mobile_no= 1234567891
                                                    where id = 38
requested_plain_url ==>    /Application/getAdvertiserAppHitCount
required check ------------------------->  false
getAdvertiserAppHitCount sql 
  select 
                        am.id,
                        am.name,
                        am.icon,
                        am.banner,
                        am.package,
                        (select count(id) from application_hit_count where request_id = am.id) as total_count,
                        (select count(id) from application_hit_count where request_id = am.id and cast(create_date as date) = '2020-02-13') as today_count
                    from application_master as am
                    where am.user_id = '38' 
                    group by am.id
                    order by am.name asc
requested_plain_url ==>    /Employee/countEmployee
required check ------------------------->  false
requested_plain_url ==>    /Employee/employeeByPg
required check ------------------------->  false
requested_plain_url ==>    /Application/getAdvertiserAppHitCount
required check ------------------------->  false
getAdvertiserAppHitCount sql 
  select 
                        am.id,
                        am.name,
                        am.icon,
                        am.banner,
                        am.package,
                        (select count(id) from application_hit_count where request_id = am.id) as total_count,
                        (select count(id) from application_hit_count where request_id = am.id and cast(create_date as date) = '2020-02-13') as today_count
                    from application_master as am
                    where am.user_id = '38' 
                    group by am.id
                    order by am.name asc
requested_plain_url ==>    /User/currentUser
required check ------------------------->  false
currentUser sql ------------->  select 
                    um.*,
                    2 as type,
                    null as parent_id,
                    ur.id as user_role_id,
                    ur.name as user_role
                from user_master as um 
                left join user_role as ur on ur.id = um.user_role_id
                where um.id = 38
