socket server started on port 4000
Listening HTTP on port 3000
requested_plain_url ==>    /User/wddUpq.jpeg
multimedia[(multimedia.length - 1)]jpeg
required check ------------------------->  false
Delete  SocketId:TrWONvlEPqQGrcjsAAAA
requested_plain_url ==>    /User/wddUpq.jpeg
multimedia[(multimedia.length - 1)]jpeg
required check ------------------------->  false
requested_plain_url ==>    /Document/createDocumentImage
required check ------------------------->  false
requested_plain_url ==>    /Document/hRVHbu.jpg
multimedia[(multimedia.length - 1)]jpg
required check ------------------------->  false
requested_plain_url ==>    /Application/getAdvertiserAppHitCount
required check ------------------------->  false
getAdvertiserAppHitCount sql 
  select 
                        am.id,
                        am.name,
                        am.icon,
                        am.banner,
                        am.package,
                        (select count(id) from application_hit_count where request_id = am.id) as total_count,
                        (select count(id) from application_hit_count where request_id = am.id and cast(create_date as date) = '2020-02-20') as today_count
                    from application_master as am
                    where am.user_id = '38' 
                    group by am.id
                    order by am.name asc
requested_plain_url ==>    /Employee/employeeByPg
required check ------------------------->  false
Delete  SocketId:0lxIqhOIKJtL4iPJAAAB
requested_plain_url ==>    /User/wddUpq.jpeg
multimedia[(multimedia.length - 1)]jpeg
required check ------------------------->  false
requested_plain_url ==>    /Employee/employeeByPg
required check ------------------------->  false
requested_plain_url ==>    /Employee/employeeByPg
required check ------------------------->  false
requested_plain_url ==>    /Application/getAdvertiserAppHitCount
required check ------------------------->  false
getAdvertiserAppHitCount sql 
  select 
                        am.id,
                        am.name,
                        am.icon,
                        am.banner,
                        am.package,
                        (select count(id) from application_hit_count where request_id = am.id) as total_count,
                        (select count(id) from application_hit_count where request_id = am.id and cast(create_date as date) = '2020-02-20') as today_count
                    from application_master as am
                    where am.user_id = '38' 
                    group by am.id
                    order by am.name asc
requested_plain_url ==>    /Employee/employeeByPg
required check ------------------------->  false
Delete  SocketId:EaGovhcgDOWpoRbDAAAC
requested_plain_url ==>    /User/wddUpq.jpeg
multimedia[(multimedia.length - 1)]jpeg
required check ------------------------->  false
requested_plain_url ==>    /Document/createDocumentImage
required check ------------------------->  false
requested_plain_url ==>    /Document/rBvpqN.jpg
multimedia[(multimedia.length - 1)]jpg
required check ------------------------->  false
requested_plain_url ==>    /Application/getAdvertiserAppHitCount
required check ------------------------->  false
getAdvertiserAppHitCount sql 
  select 
                        am.id,
                        am.name,
                        am.icon,
                        am.banner,
                        am.package,
                        (select count(id) from application_hit_count where request_id = am.id) as total_count,
                        (select count(id) from application_hit_count where request_id = am.id and cast(create_date as date) = '2020-02-20') as today_count
                    from application_master as am
                    where am.user_id = '38' 
                    group by am.id
                    order by am.name asc
