socket server started on port 4000
Listening HTTP on port 3000
Delete  SocketId:FjlDEWqEzFD2ooo1AAAA
requested_plain_url ==>    /User/wddUpq.jpeg
multimedia[(multimedia.length - 1)]jpeg
required check ------------------------->  false
requested_plain_url ==>    /Document/createDocumentImage
required check ------------------------->  false
requested_plain_url ==>    /Document/yDZGy5.jpeg
multimedia[(multimedia.length - 1)]jpeg
required check ------------------------->  false
Delete  SocketId:UqRWm5RKhOq4c0hgAAAB
requested_plain_url ==>    /User/wddUpq.jpeg
multimedia[(multimedia.length - 1)]jpeg
required check ------------------------->  false
requested_plain_url ==>    /Document/createDocumentImage
required check ------------------------->  false
requested_plain_url ==>    /Document/KhMQB9.jpeg
multimedia[(multimedia.length - 1)]jpeg
required check ------------------------->  false
Delete  SocketId:V1fC_ZjQsb5qQQLyAAAC
requested_plain_url ==>    /User/wddUpq.jpeg
multimedia[(multimedia.length - 1)]jpeg
required check ------------------------->  false
Delete  SocketId:Ys7auamDuzp1_-I_AAAD
requested_plain_url ==>    /User/wddUpq.jpeg
multimedia[(multimedia.length - 1)]jpeg
required check ------------------------->  false
Delete  SocketId:9apVlEPqjN5NSQUBAAAE
requested_plain_url ==>    /User/wddUpq.jpeg
multimedia[(multimedia.length - 1)]jpeg
required check ------------------------->  false
Delete  SocketId:aNgbpP7EkJAUvNgqAAAF
requested_plain_url ==>    /User/wddUpq.jpeg
multimedia[(multimedia.length - 1)]jpeg
required check ------------------------->  false
Delete  SocketId:Keq3ReAM1ocyFMgLAAAG
requested_plain_url ==>    /User/wddUpq.jpeg
multimedia[(multimedia.length - 1)]jpeg
required check ------------------------->  false
Delete  SocketId:j1TUYWx0QoWoA8RHAAAH
requested_plain_url ==>    /User/wddUpq.jpeg
multimedia[(multimedia.length - 1)]jpeg
required check ------------------------->  false
Delete  SocketId:4UwCdoKTHU8sknPeAAAI
requested_plain_url ==>    /User/wddUpq.jpeg
multimedia[(multimedia.length - 1)]jpeg
required check ------------------------->  false
Delete  SocketId:7eYGGtP7WdtSq2oKAAAJ
requested_plain_url ==>    /User/wddUpq.jpeg
multimedia[(multimedia.length - 1)]jpeg
required check ------------------------->  false
requested_plain_url ==>    /Document/createDocumentImage
required check ------------------------->  false
requested_plain_url ==>    /Document/qWkkEg.jpeg
multimedia[(multimedia.length - 1)]jpeg
required check ------------------------->  false
Delete  SocketId:kZARcZ3h_iW-NwkYAAAK
requested_plain_url ==>    /User/wddUpq.jpeg
multimedia[(multimedia.length - 1)]jpeg
required check ------------------------->  false
requested_plain_url ==>    /null
required check ------------------------->  false
Delete  SocketId:yB354-9hYgusaNfrAAAL
requested_plain_url ==>    /User/wddUpq.jpeg
multimedia[(multimedia.length - 1)]jpeg
required check ------------------------->  false
requested_plain_url ==>    /null
required check ------------------------->  false
Delete  SocketId:i7fddNYW0wjWOHXBAAAM
requested_plain_url ==>    /User/wddUpq.jpeg
multimedia[(multimedia.length - 1)]jpeg
required check ------------------------->  false
requested_plain_url ==>    /null
required check ------------------------->  false
requested_plain_url ==>    /Document/createDocumentImage
required check ------------------------->  false
requested_plain_url ==>    /Document/FHd8WT.jpeg
multimedia[(multimedia.length - 1)]jpeg
required check ------------------------->  false
