socket server started on port 4000
Listening HTTP on port 3000
Delete  SocketId:xfZDB_z5fn2B7aLvAAAA
requested_plain_url ==>    /User/wddUpq.jpeg
multimedia[(multimedia.length - 1)]jpeg
required check ------------------------->  false
requested_plain_url ==>    /Invoice/createInvoice
required check ------------------------->  false
body
createInvoice sql ---------------> insert into invoice_master(
        biller_name,
        address_1,
        address_2,
        items,
        tax,
        gst_number,
        created_date
    ) values (
        'rkweb',
        '413,anmol complex',
        '413,anmol complex',
        '[object Object]',
        '12',
        '123',
        '2020-02-25'
    )
setSecretKey sql ==========>  update invoice_master set invoice_number = 'RK20200219'
                        where id = 19
