socket server started on port 4000
Listening HTTP on port 3000
requested_plain_url ==>    /Employee/registerEmployee
required check ------------------------->  false
checkDuplicateEmployee 
select count(id) as count from employee_master where personal_email in('raj123@gmail.com') OR contact_number in('9726275280')
requested_plain_url ==>    /Employee/registerEmployee
required check ------------------------->  false
checkDuplicateEmployee 
select count(id) as count from employee_master where personal_email in('raj@gmail.com') OR contact_number in('7575758585')
insertEmployee sql 
 insert into employee_master(
                    name,
                    personal_email,
                    official_email,
                    password,
                    current_address,
                    permanent_address,
                    contact_number,
                    emergency_number,
                    add_image,
                    department,
                    reporting_to
                ) values(
                    'raj',
                    'raj@gmail.com',
                    'raj@gmail.com',
                    '123456',
                    'Rajkot',
                    'Rajkot',
                    '7575758585',
                    '8989898989',
                    NULL,
                    3,
                    '6'
                )
requested_plain_url ==>    /Employee/registerEmployee
required check ------------------------->  false
checkDuplicateEmployee 
select count(id) as count from employee_master where personal_email in('viraj@gmail.com') OR contact_number in('7575758586')
insertEmployee sql 
 insert into employee_master(
                    name,
                    personal_email,
                    official_email,
                    password,
                    current_address,
                    permanent_address,
                    contact_number,
                    emergency_number,
                    add_image,
                    department,
                    reporting_to
                ) values(
                    'viraj',
                    'viraj@gmail.com',
                    'raj@gmail.com',
                    '123456',
                    'Rajkot',
                    'Rajkot',
                    '7575758586',
                    '8989898989',
                    NULL,
                    3,
                    '6'
                )
requested_plain_url ==>    /Employee/getEmployee
required check ------------------------->  false
getEmployee sql ===>  select 
                        c.*
                    from employee_master as c 
                    where 
                        c.id= 1
                    limit 1
requested_plain_url ==>    /Employee/updateEmployee
required check ------------------------->  false
updateEmployee sql 

update employee_master set 
                        name = 'dixit',
                        personal_email = "dixit20051998@gmail.com",
                        official_email = "dixit@rkwebtechnology.com",
                        password = "123456",
                        current_address = "Rajkot",
                        permanent_address = "Rajkot",
                        emergency_number = "7016231822",
                        personal_email = "dixit20051998@gmail.com",
                        add_image = NULL,
                        department = "2",
                        reporting_to = "2"
                    where id =1
requested_plain_url ==>    /Employee/deleteEmployee
required check ------------------------->  false
requested_plain_url ==>    /Employee/countEmployee
required check ------------------------->  false
requested_plain_url ==>    /Employee/employeeByPg
required check ------------------------->  false
requested_plain_url ==>    /Employee/searchEmployeeData
required check ------------------------->  false
requested_plain_url ==>    /Employee/uploadEmployeeIcon
required check ------------------------->  false
requested_plain_url ==>    /Employee/removeEmployeeIcon
required check ------------------------->  false
{ [Error: ENOENT: no such file or directory, unlink '/var/www/html/hrm/server/Images/Employee/FUnRb6.jpg']
  errno: -2,
  code: 'ENOENT',
  syscall: 'unlink',
  path: '/var/www/html/hrm/server/Images/Employee/FUnRb6.jpg' }
