socket server started on port 4000
Listening HTTP on port 3000
Delete  SocketId:5VEFijWlp_RNrt0vAAAA
requested_plain_url ==>    /User/currentUser
required check ------------------------->  false
currentUser sql ------------->  select 
                    um.*,
                    if(um.user_group = 'admin_staff', sm.id , null) as type_id,
                    2 as type,
                    null as parent_id,
                    ur.id as user_role_id,
                    ur.name as user_role
                from user_master as um 
                left join staff_master as sm on sm.id = um.user_group_id 
                left join user_role as ur on ur.id = um.user_role_id
                where um.id = 2 and um.status = 1 group by um.id
requested_plain_url ==>    /User/uploadUserImage
required check ------------------------->  false
requested_plain_url ==>    /User/n5ik6P.jpeg
multimedia[(multimedia.length - 1)]jpeg
required check ------------------------->  false
requested_plain_url ==>    /User/removeUserImage
required check ------------------------->  false
requested_plain_url ==>    /User/removeUserImage
required check ------------------------->  false
Delete  SocketId:4hM4jsBE80BDsSt5AAAB
requested_plain_url ==>    /User/currentUser
required check ------------------------->  false
currentUser sql ------------->  select 
                    um.*,
                    if(um.user_group = 'admin_staff', sm.id , null) as type_id,
                    2 as type,
                    null as parent_id,
                    ur.id as user_role_id,
                    ur.name as user_role
                from user_master as um 
                left join staff_master as sm on sm.id = um.user_group_id 
                left join user_role as ur on ur.id = um.user_role_id
                where um.id = 2 and um.status = 1 group by um.id
requested_plain_url ==>    /User/n5ik6P.jpeg
multimedia[(multimedia.length - 1)]jpeg
required check ------------------------->  false
requested_plain_url ==>    /User/removeUserImage
required check ------------------------->  false
null
Delete  SocketId:wnfLzMvbLTJSPP63AAAC
requested_plain_url ==>    /User/n5ik6P.jpeg
multimedia[(multimedia.length - 1)]jpeg
required check ------------------------->  false
requested_plain_url ==>    /User/currentUser
required check ------------------------->  false
currentUser sql ------------->  select 
                    um.*,
                    if(um.user_group = 'admin_staff', sm.id , null) as type_id,
                    2 as type,
                    null as parent_id,
                    ur.id as user_role_id,
                    ur.name as user_role
                from user_master as um 
                left join staff_master as sm on sm.id = um.user_group_id 
                left join user_role as ur on ur.id = um.user_role_id
                where um.id = 2 and um.status = 1 group by um.id
Delete  SocketId:8s0BnALMdBQ3h_zyAAAD
requested_plain_url ==>    /User/currentUser
required check ------------------------->  false
currentUser sql ------------->  select 
                    um.*,
                    if(um.user_group = 'admin_staff', sm.id , null) as type_id,
                    2 as type,
                    null as parent_id,
                    ur.id as user_role_id,
                    ur.name as user_role
                from user_master as um 
                left join staff_master as sm on sm.id = um.user_group_id 
                left join user_role as ur on ur.id = um.user_role_id
                where um.id = 2 and um.status = 1 group by um.id
requested_plain_url ==>    /User/uploadUserImage
required check ------------------------->  false
requested_plain_url ==>    /User/sKHhyg.jpeg
multimedia[(multimedia.length - 1)]jpeg
required check ------------------------->  false
requested_plain_url ==>    /Application/getAdvertiserAppHitCount
required check ------------------------->  false
getAdvertiserAppHitCount sql 
  select 
                        am.id,
                        am.name,
                        am.icon,
                        am.banner,
                        am.package,
                        (select count(id) from application_hit_count where request_id = am.id) as total_count,
                        (select count(id) from application_hit_count where request_id = am.id and cast(create_date as date) = '2020-02-11') as today_count
                    from application_master as am
                    where am.user_id = '2' 
                    group by am.id
                    order by am.name asc
requested_plain_url ==>    /Employee/countEmployee
required check ------------------------->  false
requested_plain_url ==>    /Employee/employeeByPg
required check ------------------------->  false
Delete  SocketId:si2-NX24aWb-4bvEAAAE
requested_plain_url ==>    /Employee/countEmployee
required check ------------------------->  false
requested_plain_url ==>    /Employee/employeeByPg
required check ------------------------->  false
Delete  SocketId:JUgYfDl6iWKJdKmrAAAF
requested_plain_url ==>    /Employee/countEmployee
required check ------------------------->  false
requested_plain_url ==>    /Employee/employeeByPg
required check ------------------------->  false
Delete  SocketId:P4auhA2P09KrzYoqAAAG
requested_plain_url ==>    /Employee/countEmployee
required check ------------------------->  false
requested_plain_url ==>    /Employee/employeeByPg
required check ------------------------->  false
Delete  SocketId:S5TTkSy7FVT1agpXAAAH
requested_plain_url ==>    /Employee/countEmployee
required check ------------------------->  false
requested_plain_url ==>    /Employee/employeeByPg
required check ------------------------->  false
Delete  SocketId:NdQId0C0L8vgamxoAAAI
requested_plain_url ==>    /Employee/countEmployee
required check ------------------------->  false
requested_plain_url ==>    /Employee/employeeByPg
required check ------------------------->  false
Delete  SocketId:cFvNDmCtCf5u2CMtAAAJ
requested_plain_url ==>    /Employee/countEmployee
required check ------------------------->  false
requested_plain_url ==>    /Employee/employeeByPg
required check ------------------------->  false
Delete  SocketId:nS9XBwF4r3U-EjwyAAAK
requested_plain_url ==>    /Employee/countEmployee
required check ------------------------->  false
requested_plain_url ==>    /Employee/employeeByPg
required check ------------------------->  false
Delete  SocketId:GKekn_-d5SFzWNgsAAAL
requested_plain_url ==>    /Employee/countEmployee
required check ------------------------->  false
requested_plain_url ==>    /Employee/employeeByPg
required check ------------------------->  false
requested_plain_url ==>    /Employee/employeeByPg
required check ------------------------->  false
requested_plain_url ==>    /Employee/employeeByPg
required check ------------------------->  false
Delete  SocketId:gk0qBdOuP9KA7U8MAAAM
requested_plain_url ==>    /Employee/countEmployee
required check ------------------------->  false
requested_plain_url ==>    /Employee/employeeByPg
required check ------------------------->  false
requested_plain_url ==>    /Employee/deleteEmployee
required check ------------------------->  false
requested_plain_url ==>    /Employee/employeeByPg
required check ------------------------->  false
requested_plain_url ==>    /Employee/employeeByPg
required check ------------------------->  false
requested_plain_url ==>    /Employee/employeeByPg
required check ------------------------->  false
Delete  SocketId:3N-JSK3fGQCqQonMAAAN
requested_plain_url ==>    /Employee/countEmployee
required check ------------------------->  false
requested_plain_url ==>    /Employee/employeeByPg
required check ------------------------->  false
Delete  SocketId:WnqjAHN73MRtjDM9AAAO
requested_plain_url ==>    /Employee/countEmployee
required check ------------------------->  false
requested_plain_url ==>    /Employee/employeeByPg
required check ------------------------->  false
requested_plain_url ==>    /Employee/searchEmployeeData
required check ------------------------->  false
requested_plain_url ==>    /Employee/searchEmployeeData
required check ------------------------->  false
requested_plain_url ==>    /Employee/searchEmployeeData
required check ------------------------->  false
Delete  SocketId:Le2E37sdpZGd48ZFAAAP
requested_plain_url ==>    /Employee/countEmployee
required check ------------------------->  false
requested_plain_url ==>    /Employee/employeeByPg
required check ------------------------->  false
Delete  SocketId:UZKvkbveHpbDG3KgAAAQ
requested_plain_url ==>    /Employee/countEmployee
required check ------------------------->  false
requested_plain_url ==>    /Employee/employeeByPg
required check ------------------------->  false
Delete  SocketId:tKtNi9U3wweJ1ISPAAAR
requested_plain_url ==>    /Employee/countEmployee
required check ------------------------->  false
requested_plain_url ==>    /Employee/employeeByPg
required check ------------------------->  false
Delete  SocketId:tDE_WkYwsJVFpleFAAAS
requested_plain_url ==>    /Employee/countEmployee
required check ------------------------->  false
requested_plain_url ==>    /Employee/employeeByPg
required check ------------------------->  false
Delete  SocketId:yrleAs9ZxqRJcoMBAAAT
requested_plain_url ==>    /Employee/countEmployee
required check ------------------------->  false
requested_plain_url ==>    /Employee/employeeByPg
required check ------------------------->  false
Delete  SocketId:3AUQo1-E3ss6L78xAAAU
requested_plain_url ==>    /Employee/countEmployee
required check ------------------------->  false
requested_plain_url ==>    /Employee/employeeByPg
required check ------------------------->  false
Delete  SocketId:hrhz9NRaH_KP77saAAAV
requested_plain_url ==>    /Employee/countEmployee
required check ------------------------->  false
requested_plain_url ==>    /Employee/employeeByPg
required check ------------------------->  false
Delete  SocketId:bhxEQs-zBhCVxn9GAAAW
requested_plain_url ==>    /Employee/countEmployee
required check ------------------------->  false
requested_plain_url ==>    /Employee/employeeByPg
required check ------------------------->  false
Delete  SocketId:WzBN83szPeHM8xHeAAAX
requested_plain_url ==>    /Employee/countEmployee
required check ------------------------->  false
requested_plain_url ==>    /Employee/employeeByPg
required check ------------------------->  false
Delete  SocketId:X558o4TfsXvMNUf2AAAY
requested_plain_url ==>    /Employee/countEmployee
required check ------------------------->  false
requested_plain_url ==>    /Employee/employeeByPg
required check ------------------------->  false
Delete  SocketId:0Lx-NdqBlAqp9pBMAAAZ
requested_plain_url ==>    /Employee/countEmployee
required check ------------------------->  false
requested_plain_url ==>    /Employee/employeeByPg
required check ------------------------->  false
Delete  SocketId:_xoNPnKJL_GTAhGZAAAa
requested_plain_url ==>    /Employee/countEmployee
required check ------------------------->  false
requested_plain_url ==>    /Employee/employeeByPg
required check ------------------------->  false
Delete  SocketId:R-XeAXuiKN17Ryz9AAAb
requested_plain_url ==>    /Employee/countEmployee
required check ------------------------->  false
requested_plain_url ==>    /Employee/employeeByPg
required check ------------------------->  false
Delete  SocketId:6ggjivVxR11NwJpKAAAc
requested_plain_url ==>    /Employee/countEmployee
required check ------------------------->  false
requested_plain_url ==>    /Employee/employeeByPg
required check ------------------------->  false
Delete  SocketId:KupgXnmRLCagrUkVAAAd
requested_plain_url ==>    /Employee/countEmployee
required check ------------------------->  false
requested_plain_url ==>    /Employee/employeeByPg
required check ------------------------->  false
Delete  SocketId:_dHq1wLxjCiX6LqCAAAe
requested_plain_url ==>    /Employee/countEmployee
required check ------------------------->  false
requested_plain_url ==>    /Employee/employeeByPg
required check ------------------------->  false
Delete  SocketId:r9JV6CQiIraFgQ6KAAAf
requested_plain_url ==>    /Employee/countEmployee
required check ------------------------->  false
requested_plain_url ==>    /Employee/employeeByPg
required check ------------------------->  false
Delete  SocketId:x_pRhFvLJ-LAXk4bAAAg
requested_plain_url ==>    /Employee/countEmployee
required check ------------------------->  false
requested_plain_url ==>    /Employee/employeeByPg
required check ------------------------->  false
Delete  SocketId:EIRIJk97hNi9B9uTAAAh
requested_plain_url ==>    /Employee/countEmployee
required check ------------------------->  false
requested_plain_url ==>    /Employee/employeeByPg
required check ------------------------->  false
Delete  SocketId:wLjQSn_vlIU4KPO6AAAi
requested_plain_url ==>    /Employee/countEmployee
required check ------------------------->  false
requested_plain_url ==>    /Employee/employeeByPg
required check ------------------------->  false
Delete  SocketId:8l8aSqMazRNRVeHaAAAj
requested_plain_url ==>    /Employee/countEmployee
required check ------------------------->  false
requested_plain_url ==>    /Employee/employeeByPg
required check ------------------------->  false
Delete  SocketId:P5Ti1ADc8WTI4Rl4AAAk
requested_plain_url ==>    /Employee/countEmployee
required check ------------------------->  false
requested_plain_url ==>    /Employee/employeeByPg
required check ------------------------->  false
Delete  SocketId:_n2CtyNUc6Kzefr0AAAl
requested_plain_url ==>    /Employee/countEmployee
required check ------------------------->  false
requested_plain_url ==>    /Employee/employeeByPg
required check ------------------------->  false
requested_plain_url ==>    /Employee/getViewEmployeeDetailsById
required check ------------------------->  false
getApplication sql ===>  select 
                        c.*
                    from employee_master as c 
                    where 
                        c.id= 6
                    limit 1
Delete  SocketId:lABhaVEAQzEEQc-yAAAm
requested_plain_url ==>    /Employee/getViewEmployeeDetailsById
required check ------------------------->  false
getApplication sql ===>  select 
                        c.*
                    from employee_master as c 
                    where 
                        c.id= 6
                    limit 1
Delete  SocketId:dqXpbvDJshFPJnQbAAAn
requested_plain_url ==>    /Employee/getViewEmployeeDetailsById
required check ------------------------->  false
getApplication sql ===>  select 
                        c.*
                    from employee_master as c 
                    where 
                        c.id= 6
                    limit 1
Delete  SocketId:Co1J3MeTWESI965DAAAo
requested_plain_url ==>    /Employee/getViewEmployeeDetailsById
required check ------------------------->  false
getApplication sql ===>  select 
                        c.*
                    from employee_master as c 
                    where 
                        c.id= 6
                    limit 1
Delete  SocketId:SAlk_MAfyX9dUSXLAAAp
requested_plain_url ==>    /Employee/getViewEmployeeDetailsById
required check ------------------------->  false
getApplication sql ===>  select 
                        c.*
                    from employee_master as c 
                    where 
                        c.id= 6
                    limit 1
Delete  SocketId:dfzU_sDRETHnSPO-AAAq
requested_plain_url ==>    /Employee/getViewEmployeeDetailsById
required check ------------------------->  false
getApplication sql ===>  select 
                        c.*
                    from employee_master as c 
                    where 
                        c.id= 6
                    limit 1
Delete  SocketId:ATdXE1omB93N3Y1cAAAr
requested_plain_url ==>    /Employee/getViewEmployeeDetailsById
required check ------------------------->  false
getApplication sql ===>  select 
                        c.*
                    from employee_master as c 
                    where 
                        c.id= 6
                    limit 1
Delete  SocketId:3vMrOd0PsQGjI8ftAAAs
requested_plain_url ==>    /Employee/getViewEmployeeDetailsById
required check ------------------------->  false
getApplication sql ===>  select 
                        c.*
                    from employee_master as c 
                    where 
                        c.id= 6
                    limit 1
Delete  SocketId:D7VR5tXMSOlP3rEWAAAt
requested_plain_url ==>    /Employee/getViewEmployeeDetailsById
required check ------------------------->  false
getApplication sql ===>  select 
                        c.*
                    from employee_master as c 
                    where 
                        c.id= 6
                    limit 1
Delete  SocketId:Rh5p8SRGQJIVas_8AAAu
requested_plain_url ==>    /Employee/getViewEmployeeDetailsById
required check ------------------------->  false
getApplication sql ===>  select 
                        c.*
                    from employee_master as c 
                    where 
                        c.id= 6
                    limit 1
Delete  SocketId:LVtFCop2yNef5wahAAAv
requested_plain_url ==>    /Employee/getViewEmployeeDetailsById
required check ------------------------->  false
getApplication sql ===>  select 
                        c.*
                    from employee_master as c 
                    where 
                        c.id= 6
                    limit 1
Delete  SocketId:RfK28X8-AKMmOAnRAAAw
requested_plain_url ==>    /Employee/getViewEmployeeDetailsById
required check ------------------------->  false
getApplication sql ===>  select 
                        c.*
                    from employee_master as c 
                    where 
                        c.id= 6
                    limit 1
Delete  SocketId:_7wbZvNoh3GC6mTuAAAx
requested_plain_url ==>    /Employee/getViewEmployeeDetailsById
required check ------------------------->  false
getApplication sql ===>  select 
                        c.*
                    from employee_master as c 
                    where 
                        c.id= 6
                    limit 1
Delete  SocketId:bKuL5KuBiDBwepaMAAAy
requested_plain_url ==>    /Employee/getViewEmployeeDetailsById
required check ------------------------->  false
getApplication sql ===>  select 
                        c.*
                    from employee_master as c 
                    where 
                        c.id= 6
                    limit 1
Delete  SocketId:rMKNeJL5UtYZfkmgAAAz
requested_plain_url ==>    /Employee/getViewEmployeeDetailsById
required check ------------------------->  false
getApplication sql ===>  select 
                        c.*
                    from employee_master as c 
                    where 
                        c.id= 6
                    limit 1
Delete  SocketId:wA4vBcRNiqXNEoFXAAA0
requested_plain_url ==>    /Employee/getViewEmployeeDetailsById
required check ------------------------->  false
getApplication sql ===>  select 
                        c.*
                    from employee_master as c 
                    where 
                        c.id= 6
                    limit 1
requested_plain_url ==>    /Employee/countEmployee
required check ------------------------->  false
requested_plain_url ==>    /Employee/employeeByPg
required check ------------------------->  false
requested_plain_url ==>    /Employee/getViewEmployeeDetailsById
required check ------------------------->  false
getApplication sql ===>  select 
                        c.*
                    from employee_master as c 
                    where 
                        c.id= 3
                    limit 1
requested_plain_url ==>    /Employee/countEmployee
required check ------------------------->  false
requested_plain_url ==>    /Employee/employeeByPg
required check ------------------------->  false
requested_plain_url ==>    /Employee/getViewEmployeeDetailsById
required check ------------------------->  false
getApplication sql ===>  select 
                        c.*
                    from employee_master as c 
                    where 
                        c.id= 3
                    limit 1
Delete  SocketId:oW5VGv2olpY1Xb-2AAA1
requested_plain_url ==>    /Employee/getViewEmployeeDetailsById
required check ------------------------->  false
getApplication sql ===>  select 
                        c.*
                    from employee_master as c 
                    where 
                        c.id= 3
                    limit 1
Delete  SocketId:skk6of-s1OCxfwyMAAA2
requested_plain_url ==>    /Employee/getViewEmployeeDetailsById
required check ------------------------->  false
getApplication sql ===>  select 
                        c.*
                    from employee_master as c 
                    where 
                        c.id= 3
                    limit 1
Delete  SocketId:rTICfszcgSQg-yteAAA3
requested_plain_url ==>    /Employee/getViewEmployeeDetailsById
required check ------------------------->  false
getApplication sql ===>  select 
                        c.*
                    from employee_master as c 
                    where 
                        c.id= 3
                    limit 1
Delete  SocketId:1mt8_JZ2Fc8cNolmAAA4
requested_plain_url ==>    /Employee/getViewEmployeeDetailsById
required check ------------------------->  false
getApplication sql ===>  select 
                        c.*
                    from employee_master as c 
                    where 
                        c.id= 3
                    limit 1
Delete  SocketId:c8I8f6e3emb9hGsJAAA5
requested_plain_url ==>    /Employee/getViewEmployeeDetailsById
required check ------------------------->  false
getApplication sql ===>  select 
                        c.*
                    from employee_master as c 
                    where 
                        c.id= 3
                    limit 1
Delete  SocketId:83VdS-f68fGKP9u0AAA6
requested_plain_url ==>    /Employee/getViewEmployeeDetailsById
required check ------------------------->  false
getApplication sql ===>  select 
                        c.*
                    from employee_master as c 
                    where 
                        c.id= 3
                    limit 1
Delete  SocketId:nKG_SMHKbU8HgmzvAAA7
requested_plain_url ==>    /Employee/getViewEmployeeDetailsById
required check ------------------------->  false
getApplication sql ===>  select 
                        c.*
                    from employee_master as c 
                    where 
                        c.id= 3
                    limit 1
Delete  SocketId:85itTb0XScq75TRpAAA8
requested_plain_url ==>    /Employee/getViewEmployeeDetailsById
required check ------------------------->  false
getApplication sql ===>  select 
                        c.*
                    from employee_master as c 
                    where 
                        c.id= 3
                    limit 1
Delete  SocketId:yTyEk1B_3axGqpm9AAA9
requested_plain_url ==>    /Employee/getViewEmployeeDetailsById
required check ------------------------->  false
getApplication sql ===>  select 
                        c.*
                    from employee_master as c 
                    where 
                        c.id= 3
                    limit 1
Delete  SocketId:d4vcBkeMl_y2nT3OAAA-
requested_plain_url ==>    /Employee/getViewEmployeeDetailsById
required check ------------------------->  false
getApplication sql ===>  select 
                        c.*
                    from employee_master as c 
                    where 
                        c.id= 3
                    limit 1
Delete  SocketId:UDPGOjDCIU3rsu2zAAA_
requested_plain_url ==>    /Employee/getViewEmployeeDetailsById
required check ------------------------->  false
getApplication sql ===>  select 
                        c.*
                    from employee_master as c 
                    where 
                        c.id= 3
                    limit 1
Delete  SocketId:4chlWyup8xJXlq3HAABA
requested_plain_url ==>    /Employee/getViewEmployeeDetailsById
required check ------------------------->  false
getApplication sql ===>  select 
                        c.*
                    from employee_master as c 
                    where 
                        c.id= 3
                    limit 1
Delete  SocketId:yBvtoeYBWgxDke8GAABB
requested_plain_url ==>    /Employee/getViewEmployeeDetailsById
required check ------------------------->  false
getApplication sql ===>  select 
                        c.*
                    from employee_master as c 
                    where 
                        c.id= 3
                    limit 1
requested_plain_url ==>    /Employee/countEmployee
required check ------------------------->  false
requested_plain_url ==>    /Employee/employeeByPg
required check ------------------------->  false
requested_plain_url ==>    /Employee/getViewEmployeeDetailsById
required check ------------------------->  false
getApplication sql ===>  select 
                        c.*
                    from employee_master as c 
                    where 
                        c.id= 6
                    limit 1
requested_plain_url ==>    /Employee/countEmployee
required check ------------------------->  false
requested_plain_url ==>    /Employee/employeeByPg
required check ------------------------->  false
requested_plain_url ==>    /Employee/getViewEmployeeDetailsById
required check ------------------------->  false
getApplication sql ===>  select 
                        c.*
                    from employee_master as c 
                    where 
                        c.id= 1
                    limit 1
requested_plain_url ==>    /Employee/countEmployee
required check ------------------------->  false
requested_plain_url ==>    /Employee/employeeByPg
required check ------------------------->  false
Delete  SocketId:_dIn5W5xr_vQMYbXAABC
requested_plain_url ==>    /Employee/countEmployee
required check ------------------------->  false
requested_plain_url ==>    /Employee/employeeByPg
required check ------------------------->  false
Delete  SocketId:ZWsJYuGkIkNKg-qhAABD
requested_plain_url ==>    /Employee/countEmployee
required check ------------------------->  false
requested_plain_url ==>    /Employee/employeeByPg
required check ------------------------->  false
Delete  SocketId:1gbu8lsSsX9Ow3XlAABE
requested_plain_url ==>    /Employee/countEmployee
required check ------------------------->  false
requested_plain_url ==>    /Employee/employeeByPg
required check ------------------------->  false
Delete  SocketId:X8Y1Ui0BdPJsK0WnAABF
requested_plain_url ==>    /Employee/countEmployee
required check ------------------------->  false
requested_plain_url ==>    /Employee/employeeByPg
required check ------------------------->  false
Delete  SocketId:sH9Ny_b_lewyZj89AABG
requested_plain_url ==>    /Employee/countEmployee
required check ------------------------->  false
requested_plain_url ==>    /Employee/employeeByPg
required check ------------------------->  false
Delete  SocketId:0Iyide7hDWSaraB4AABH
requested_plain_url ==>    /Employee/countEmployee
required check ------------------------->  false
requested_plain_url ==>    /Employee/employeeByPg
required check ------------------------->  false
Delete  SocketId:P-Dexs2Yl7QmDDr4AABI
requested_plain_url ==>    /Employee/countEmployee
required check ------------------------->  false
requested_plain_url ==>    /Employee/employeeByPg
required check ------------------------->  false
Delete  SocketId:0qZ3lndfQvndnLtRAABJ
requested_plain_url ==>    /Employee/countEmployee
required check ------------------------->  false
requested_plain_url ==>    /Employee/employeeByPg
required check ------------------------->  false
Delete  SocketId:comIcPK9AVuUR3UwAABK
requested_plain_url ==>    /Employee/countEmployee
required check ------------------------->  false
requested_plain_url ==>    /Employee/employeeByPg
required check ------------------------->  false
Delete  SocketId:j1YOPtzG2vzFPxHhAABL
requested_plain_url ==>    /Employee/countEmployee
required check ------------------------->  false
requested_plain_url ==>    /Employee/employeeByPg
required check ------------------------->  false
Delete  SocketId:hL-xgXUTXEGuqlLFAABM
requested_plain_url ==>    /Employee/countEmployee
required check ------------------------->  false
requested_plain_url ==>    /Employee/employeeByPg
required check ------------------------->  false
requested_plain_url ==>    /Employee/countEmployee
required check ------------------------->  false
requested_plain_url ==>    /Employee/employeeByPg
required check ------------------------->  false
Delete  SocketId:odRN0ecx6tF8WB7WAABN
requested_plain_url ==>    /Employee/countEmployee
required check ------------------------->  false
requested_plain_url ==>    /Employee/employeeByPg
required check ------------------------->  false
Delete  SocketId:2s0QlzX0VFmjbZeKAABO
requested_plain_url ==>    /Application/getAdvertiserAppHitCount
required check ------------------------->  false
getAdvertiserAppHitCount sql 
  select 
                        am.id,
                        am.name,
                        am.icon,
                        am.banner,
                        am.package,
                        (select count(id) from application_hit_count where request_id = am.id) as total_count,
                        (select count(id) from application_hit_count where request_id = am.id and cast(create_date as date) = '2020-02-11') as today_count
                    from application_master as am
                    where am.user_id = '2' 
                    group by am.id
                    order by am.name asc
requested_plain_url ==>    /Employee/countEmployee
required check ------------------------->  false
requested_plain_url ==>    /Employee/employeeByPg
required check ------------------------->  false
Delete  SocketId:zKztvoGbHDzS0u6RAABP
requested_plain_url ==>    /Employee/countEmployee
required check ------------------------->  false
requested_plain_url ==>    /Employee/employeeByPg
required check ------------------------->  false
Delete  SocketId:JrfkfoA-jUpKyn2hAABQ
requested_plain_url ==>    /Employee/countEmployee
required check ------------------------->  false
requested_plain_url ==>    /Employee/employeeByPg
required check ------------------------->  false
Delete  SocketId:ZoeqI9MWKrKWtJUyAABR
requested_plain_url ==>    /Employee/countEmployee
required check ------------------------->  false
requested_plain_url ==>    /Employee/employeeByPg
required check ------------------------->  false
requested_plain_url ==>    /Application/getAdvertiserAppHitCount
required check ------------------------->  false
getAdvertiserAppHitCount sql 
  select 
                        am.id,
                        am.name,
                        am.icon,
                        am.banner,
                        am.package,
                        (select count(id) from application_hit_count where request_id = am.id) as total_count,
                        (select count(id) from application_hit_count where request_id = am.id and cast(create_date as date) = '2020-02-11') as today_count
                    from application_master as am
                    where am.user_id = '2' 
                    group by am.id
                    order by am.name asc
Delete  SocketId:z78NMBCNaC5P7KfjAABS
requested_plain_url ==>    /Application/getAdvertiserAppHitCount
required check ------------------------->  false
getAdvertiserAppHitCount sql 
  select 
                        am.id,
                        am.name,
                        am.icon,
                        am.banner,
                        am.package,
                        (select count(id) from application_hit_count where request_id = am.id) as total_count,
                        (select count(id) from application_hit_count where request_id = am.id and cast(create_date as date) = '2020-02-11') as today_count
                    from application_master as am
                    where am.user_id = '2' 
                    group by am.id
                    order by am.name asc
Delete  SocketId:rgUOMmHGYNi1qe3fAABT
requested_plain_url ==>    /Application/getAdvertiserAppHitCount
required check ------------------------->  false
getAdvertiserAppHitCount sql 
  select 
                        am.id,
                        am.name,
                        am.icon,
                        am.banner,
                        am.package,
                        (select count(id) from application_hit_count where request_id = am.id) as total_count,
                        (select count(id) from application_hit_count where request_id = am.id and cast(create_date as date) = '2020-02-11') as today_count
                    from application_master as am
                    where am.user_id = '2' 
                    group by am.id
                    order by am.name asc
Delete  SocketId:SXEAK8bueeTQL3sAAABU
requested_plain_url ==>    /Application/getAdvertiserAppHitCount
required check ------------------------->  false
getAdvertiserAppHitCount sql 
  select 
                        am.id,
                        am.name,
                        am.icon,
                        am.banner,
                        am.package,
                        (select count(id) from application_hit_count where request_id = am.id) as total_count,
                        (select count(id) from application_hit_count where request_id = am.id and cast(create_date as date) = '2020-02-11') as today_count
                    from application_master as am
                    where am.user_id = '2' 
                    group by am.id
                    order by am.name asc
Delete  SocketId:l79gVdd5X_J1UApLAABV
requested_plain_url ==>    /User/getAuthTokens
required check ------------------------->  false
getAuthTokens login  sql ---------------------> 
	  select 
                            um.*, 
                            ur.id as user_role_id, 
                            ur.name as user_role,
                            um.status 
                        from user_master as um  
                        left join user_role as ur on ur.id = um.user_role_id 
                        where BINARY um.username ='adNetwork' or BINARY um.email_id ='adNetwork' 
                        and BINARY um.user_group = 'admin' group by um.id limit 1
expire in =>  2183  seconds
expire in =>  2183  seconds
requested_plain_url ==>    /Application/getAdvertiserAppHitCount
required check ------------------------->  false
getAdvertiserAppHitCount sql 
  select 
                        am.id,
                        am.name,
                        am.icon,
                        am.banner,
                        am.package,
                        (select count(id) from application_hit_count where request_id = am.id) as total_count,
                        (select count(id) from application_hit_count where request_id = am.id and cast(create_date as date) = '2020-02-11') as today_count
                    from application_master as am
                    where am.user_id = '2' 
                    group by am.id
                    order by am.name asc
requested_plain_url ==>    /User/currentUser
required check ------------------------->  false
currentUser sql ------------->  select 
                    um.*,
                    if(um.user_group = 'admin_staff', sm.id , null) as type_id,
                    2 as type,
                    null as parent_id,
                    ur.id as user_role_id,
                    ur.name as user_role
                from user_master as um 
                left join staff_master as sm on sm.id = um.user_group_id 
                left join user_role as ur on ur.id = um.user_role_id
                where um.id = 2 and um.status = 1 group by um.id
requested_plain_url ==>    /User/sKHhyg.jpeg
multimedia[(multimedia.length - 1)]jpeg
required check ------------------------->  false
requested_plain_url ==>    /UserRole/getUserRoleToRight
required check ------------------------->  false
requested_plain_url ==>    /Application/getAdvertiserAppHitCount
required check ------------------------->  false
getAdvertiserAppHitCount sql 
  select 
                        am.id,
                        am.name,
                        am.icon,
                        am.banner,
                        am.package,
                        (select count(id) from application_hit_count where request_id = am.id) as total_count,
                        (select count(id) from application_hit_count where request_id = am.id and cast(create_date as date) = '2020-02-11') as today_count
                    from application_master as am
                    where am.user_id = '2' 
                    group by am.id
                    order by am.name asc
Delete  SocketId:40HdxFwhjfRxDdwBAABW
requested_plain_url ==>    /User/sKHhyg.jpeg
multimedia[(multimedia.length - 1)]jpeg
required check ------------------------->  false
requested_plain_url ==>    /Application/getAdvertiserAppHitCount
required check ------------------------->  false
getAdvertiserAppHitCount sql 
  select 
                        am.id,
                        am.name,
                        am.icon,
                        am.banner,
                        am.package,
                        (select count(id) from application_hit_count where request_id = am.id) as total_count,
                        (select count(id) from application_hit_count where request_id = am.id and cast(create_date as date) = '2020-02-11') as today_count
                    from application_master as am
                    where am.user_id = '2' 
                    group by am.id
                    order by am.name asc
Delete  SocketId:Ydrw64T8bncDIvCOAABX
