socket server started on port 4000
Listening HTTP on port 3000
Delete  SocketId:oKFwlDLgbF1UD514AAAA
requested_plain_url ==>    /User/sKHhyg.jpeg
multimedia[(multimedia.length - 1)]jpeg
required check ------------------------->  false
requested_plain_url ==>    /UserRole/getUserRole
required check ------------------------->  false
getUserRole sql ===> select ur.* from user_role as ur where ur.name = 'Company'
requested_plain_url ==>    /UserRole/getUserRight
required check ------------------------->  false
Delete  SocketId:532xV0L9akOPj6RJAAAC
requested_plain_url ==>    /User/sKHhyg.jpeg
multimedia[(multimedia.length - 1)]jpeg
required check ------------------------->  false
requested_plain_url ==>    /UserRole/getUserRole
required check ------------------------->  false
getUserRole sql ===> select ur.* from user_role as ur where ur.name = 'Company'
requested_plain_url ==>    /UserRole/getUserRight
required check ------------------------->  false
Delete  SocketId:Nt1oBy4Q_mXjLof0AAAD
Delete  SocketId:9OwuagNap8H5NY_YAAAB
requested_plain_url ==>    /User/sKHhyg.jpeg
multimedia[(multimedia.length - 1)]jpeg
required check ------------------------->  false
requested_plain_url ==>    /Application/getAdvertiserAppHitCount
required check ------------------------->  false
getAdvertiserAppHitCount sql 
  select 
                        am.id,
                        am.name,
                        am.icon,
                        am.banner,
                        am.package,
                        (select count(id) from application_hit_count where request_id = am.id) as total_count,
                        (select count(id) from application_hit_count where request_id = am.id and cast(create_date as date) = '2020-02-13') as today_count
                    from application_master as am
                    where am.user_id = '2' 
                    group by am.id
                    order by am.name asc
requested_plain_url ==>    /User/getAuthTokens
required check ------------------------->  false
getAuthTokens login  sql ---------------------> 
	  select 
        um.*, 
        ur.id as user_role_id, 
        ur.name as user_role,
        um.status 
    from user_master as um  
    left join user_role as ur on ur.id = um.user_role_id 
    where BINARY um.username ='mehul@gmail.com' or BINARY um.email_id ='mehul@gmail.com'
redis_obj stored
{ id: 35,
  secret_key: 'bnVsbF9tZWh1bEBnbWFpbC5jb20=',
  username: '',
  user_email: 'mehul@gmail.com',
  access_token: 'bI2b6UmZZ7XodLYx(z6DXFZJTBKVxRuN',
  refresh_token: 'KgRTpOCbmWUInXAX)B3hMxZ6VC0zTQ3q',
  expire_time: '2020-02-13 14:12:37',
  server_time: '2020-02-13 12:34:11',
  updated_at: '2020-02-13 12:34:11',
  user_group: undefined,
  user_group_id: undefined }
expire in =>  5846  seconds
expire in =>  5846  seconds
requested_plain_url ==>    /Application/getAdvertiserAppHitCount
required check ------------------------->  false
getAdvertiserAppHitCount sql 
  select 
                        am.id,
                        am.name,
                        am.icon,
                        am.banner,
                        am.package,
                        (select count(id) from application_hit_count where request_id = am.id) as total_count,
                        (select count(id) from application_hit_count where request_id = am.id and cast(create_date as date) = '2020-02-13') as today_count
                    from application_master as am
                    where am.user_id = '35' 
                    group by am.id
                    order by am.name asc
requested_plain_url ==>    /User/currentUser
required check ------------------------->  false
currentUser sql ------------->  select 
                    um.*,
                    2 as type,
                    null as parent_id,
                    ur.id as user_role_id,
                    ur.name as user_role
                from user_master as um 
                left join user_role as ur on ur.id = um.user_role_id
                where um.id = 35
requested_plain_url ==>    /UserRole/getUserRoleToRight
required check ------------------------->  false
Delete  SocketId:o5-opkiRdxWaf_tXAAAE
