socket server started on port 4000
Listening HTTP on port 3000
Delete  SocketId:wpfUZoZ_t5eDWJU7AAAA
requested_plain_url ==>    /User/wddUpq.jpeg
multimedia[(multimedia.length - 1)]jpeg
required check ------------------------->  false
requested_plain_url ==>    /Invoice/createInvoice
required check ------------------------->  false
createInvoice sql ---------------> insert into invoice_master(
        biller_name,
        address_1,
        address_2,
        items,
        tax,
        gst_number,
        created_date
    ) values (
        'class-1',
        '413,anmol complex,360001',
        '413,anmol complex,360001',
        '[{"item_name":"camera","unit_cost":"1500","qty":"1","amount":"1500","description":"demo camera"},{"item_name":"camera","unit_cost":"150000","qty":"1","amount":"150000","description":"demo camera-mobile"}]',
        '150',
        '123456',
        '2020-02-26'
    )
setSecretKey sql ==========>  update invoice_master set invoice_number = 'RK20200256'
                        where id = 56
requested_plain_url ==>    /Invoice/getInvoice
required check ------------------------->  false
getDocument sql ===>  select 
                        c.*
                    from invoice_master as c 
                    where 
                        c.id= 56
                    limit 1
Delete  SocketId:IR77liVYdQn9U4wGAAAB
requested_plain_url ==>    /User/wddUpq.jpeg
multimedia[(multimedia.length - 1)]jpeg
required check ------------------------->  false
Delete  SocketId:qpUS8biWEzEc0OEUAAAC
requested_plain_url ==>    /User/wddUpq.jpeg
multimedia[(multimedia.length - 1)]jpeg
required check ------------------------->  false
Delete  SocketId:v6O1QdXY9VbTNxXTAAAD
requested_plain_url ==>    /User/wddUpq.jpeg
multimedia[(multimedia.length - 1)]jpeg
required check ------------------------->  false
Delete  SocketId:BszJ8kFtxySBruefAAAE
requested_plain_url ==>    /User/wddUpq.jpeg
multimedia[(multimedia.length - 1)]jpeg
required check ------------------------->  false
