socket server started on port 4000
Listening HTTP on port 3000
requested_plain_url ==>    /User/getAuthTokens
required check ------------------------->  false
getAuthTokens login  sql ---------------------> 
	  select 
                            um.*, 
                            ur.id as user_role_id, 
                            ur.name as user_role,
                            um.status 
                        from user_master as um  
                        left join user_role as ur on ur.id = um.user_role_id 
                        where BINARY um.username ='adNetwork' or BINARY um.email_id ='adNetwork' 
                        and BINARY um.user_group = 'admin' group by um.id limit 1
a[c] ------> *
salt ----------------------------------> b.join('')pKJC8l0WX5HSjhdH*1a9tCs2OZ55t5CB
_updateTokenDetails sql ============> 	
 update user_master set  
                    access_token = "pKJC8l0WX5HSjhdH*1a9tCs2OZ55t5CB",
                    refresh_token = "wIWyBkiXCWm8Xt0h{Pk7hb83HOmimuws",
                    expire_time = "2020-02-11 17:17:11"
                    where id = 2
expire in =>  7140  seconds
expire in =>  7140  seconds
requested_plain_url ==>    /Application/getAdvertiserAppHitCount
required check ------------------------->  false
getAdvertiserAppHitCount sql 
  select 
                        am.id,
                        am.name,
                        am.icon,
                        am.banner,
                        am.package,
                        (select count(id) from application_hit_count where request_id = am.id) as total_count,
                        (select count(id) from application_hit_count where request_id = am.id and cast(create_date as date) = '2020-02-11') as today_count
                    from application_master as am
                    where am.user_id = '2' 
                    group by am.id
                    order by am.name asc
requested_plain_url ==>    /User/currentUser
required check ------------------------->  false
currentUser sql ------------->  select 
                    um.*,
                    if(um.user_group = 'admin_staff', sm.id , null) as type_id,
                    2 as type,
                    null as parent_id,
                    ur.id as user_role_id,
                    ur.name as user_role
                from user_master as um 
                left join staff_master as sm on sm.id = um.user_group_id 
                left join user_role as ur on ur.id = um.user_role_id
                where um.id = 2 and um.status = 1 group by um.id
requested_plain_url ==>    /User/sKHhyg.jpeg
multimedia[(multimedia.length - 1)]jpeg
required check ------------------------->  false
requested_plain_url ==>    /UserRole/getUserRoleToRight
required check ------------------------->  false
Delete  SocketId:R33-JaDXOvUs2gPdAAAA
requested_plain_url ==>    /User/sKHhyg.jpeg
multimedia[(multimedia.length - 1)]jpeg
required check ------------------------->  false
Delete  SocketId:bgoHFGCJSy68_GdOAAAB
requested_plain_url ==>    /User/sKHhyg.jpeg
multimedia[(multimedia.length - 1)]jpeg
required check ------------------------->  false
Delete  SocketId:NRAaxQxpDhN5hs9bAAAC
requested_plain_url ==>    /User/sKHhyg.jpeg
multimedia[(multimedia.length - 1)]jpeg
required check ------------------------->  false
Delete  SocketId:BMBYBQCF0F6qu23aAAAD
requested_plain_url ==>    /User/sKHhyg.jpeg
multimedia[(multimedia.length - 1)]jpeg
required check ------------------------->  false
Delete  SocketId:-GIY9e2E3DcR2jKYAAAE
requested_plain_url ==>    /User/sKHhyg.jpeg
multimedia[(multimedia.length - 1)]jpeg
required check ------------------------->  false
Delete  SocketId:jBKoVJPB5QF2ptKDAAAF
requested_plain_url ==>    /User/sKHhyg.jpeg
multimedia[(multimedia.length - 1)]jpeg
required check ------------------------->  false
Delete  SocketId:7vKWb6dgX_2kgpnqAAAG
requested_plain_url ==>    /User/sKHhyg.jpeg
multimedia[(multimedia.length - 1)]jpeg
required check ------------------------->  false
requested_plain_url ==>    /UserRole/countUserRole
required check ------------------------->  false
requested_plain_url ==>    /UserRole/getUserRoleDetailsPg
required check ------------------------->  false
Delete  SocketId:GG-VOZC8ojcl7rejAAAH
requested_plain_url ==>    /User/sKHhyg.jpeg
multimedia[(multimedia.length - 1)]jpeg
required check ------------------------->  false
requested_plain_url ==>    /UserRole/countUserRole
required check ------------------------->  false
requested_plain_url ==>    /UserRole/getUserRoleDetailsPg
required check ------------------------->  false
Delete  SocketId:liOt6m2jYko5pPfzAAAI
requested_plain_url ==>    /UserRole/countUserRole
required check ------------------------->  false
requested_plain_url ==>    /User/sKHhyg.jpeg
multimedia[(multimedia.length - 1)]jpeg
required check ------------------------->  false
requested_plain_url ==>    /UserRole/getUserRoleDetailsPg
required check ------------------------->  false
Delete  SocketId:L2tBOAaSQUcLnwreAAAJ
requested_plain_url ==>    /User/sKHhyg.jpeg
multimedia[(multimedia.length - 1)]jpeg
required check ------------------------->  false
requested_plain_url ==>    /UserRole/countUserRole
required check ------------------------->  false
requested_plain_url ==>    /UserRole/getUserRoleDetailsPg
required check ------------------------->  false
Delete  SocketId:3kebuvIEi9BqL0LpAAAK
requested_plain_url ==>    /User/sKHhyg.jpeg
multimedia[(multimedia.length - 1)]jpeg
required check ------------------------->  false
requested_plain_url ==>    /UserRole/countUserRole
required check ------------------------->  false
requested_plain_url ==>    /UserRole/getUserRoleDetailsPg
required check ------------------------->  false
Delete  SocketId:D6DoH2JVJkvsAyxcAAAL
requested_plain_url ==>    /User/sKHhyg.jpeg
multimedia[(multimedia.length - 1)]jpeg
required check ------------------------->  false
requested_plain_url ==>    /UserRole/countUserRole
required check ------------------------->  false
requested_plain_url ==>    /UserRole/getUserRoleDetailsPg
required check ------------------------->  false
Delete  SocketId:wLFKi7ghlrofNf70AAAM
requested_plain_url ==>    /User/sKHhyg.jpeg
multimedia[(multimedia.length - 1)]jpeg
required check ------------------------->  false
requested_plain_url ==>    /UserRole/countUserRole
required check ------------------------->  false
requested_plain_url ==>    /UserRole/getUserRoleDetailsPg
required check ------------------------->  false
Delete  SocketId:hKcz_cWWV2fpTcvhAAAN
requested_plain_url ==>    /User/sKHhyg.jpeg
multimedia[(multimedia.length - 1)]jpeg
required check ------------------------->  false
requested_plain_url ==>    /UserRole/countUserRole
required check ------------------------->  false
requested_plain_url ==>    /UserRole/getUserRoleDetailsPg
required check ------------------------->  false
Delete  SocketId:KEYFthLMS6O7zcF2AAAO
requested_plain_url ==>    /User/sKHhyg.jpeg
multimedia[(multimedia.length - 1)]jpeg
required check ------------------------->  false
requested_plain_url ==>    /UserRole/countUserRole
required check ------------------------->  false
requested_plain_url ==>    /UserRole/getUserRoleDetailsPg
required check ------------------------->  false
Delete  SocketId:4XxASlQCTRdDxU11AAAP
requested_plain_url ==>    /User/sKHhyg.jpeg
multimedia[(multimedia.length - 1)]jpeg
required check ------------------------->  false
requested_plain_url ==>    /UserRole/countUserRole
required check ------------------------->  false
requested_plain_url ==>    /UserRole/getUserRoleDetailsPg
required check ------------------------->  false
Delete  SocketId:sgbx1SyRqECTSjMcAAAQ
requested_plain_url ==>    /User/sKHhyg.jpeg
multimedia[(multimedia.length - 1)]jpeg
required check ------------------------->  false
requested_plain_url ==>    /UserRole/countUserRole
required check ------------------------->  false
requested_plain_url ==>    /UserRole/getUserRoleDetailsPg
required check ------------------------->  false
requested_plain_url ==>    /Application/getAdvertiserAppHitCount
required check ------------------------->  false
getAdvertiserAppHitCount sql 
  select 
                        am.id,
                        am.name,
                        am.icon,
                        am.banner,
                        am.package,
                        (select count(id) from application_hit_count where request_id = am.id) as total_count,
                        (select count(id) from application_hit_count where request_id = am.id and cast(create_date as date) = '2020-02-11') as today_count
                    from application_master as am
                    where am.user_id = '2' 
                    group by am.id
                    order by am.name asc
requested_plain_url ==>    /Employee/countEmployee
required check ------------------------->  false
requested_plain_url ==>    /Employee/employeeByPg
required check ------------------------->  false
Delete  SocketId:8vJpNIZ4pvWzpDSjAAAR
requested_plain_url ==>    /User/sKHhyg.jpeg
multimedia[(multimedia.length - 1)]jpeg
required check ------------------------->  false
requested_plain_url ==>    /Employee/countEmployee
required check ------------------------->  false
requested_plain_url ==>    /Employee/employeeByPg
required check ------------------------->  false
Delete  SocketId:ccMl-NOwWrrB_zf5AAAS
requested_plain_url ==>    /User/sKHhyg.jpeg
multimedia[(multimedia.length - 1)]jpeg
required check ------------------------->  false
requested_plain_url ==>    /Employee/countEmployee
required check ------------------------->  false
requested_plain_url ==>    /Employee/employeeByPg
required check ------------------------->  false
requested_plain_url ==>    /Employee/getViewEmployeeDetailsById
required check ------------------------->  false
getApplication sql ===>  select 
                        c.*
                    from employee_master as c 
                    where 
                        c.id= 6
                    limit 1
Delete  SocketId:pQUt1yAvpibM_j1UAAAT
requested_plain_url ==>    /User/sKHhyg.jpeg
multimedia[(multimedia.length - 1)]jpeg
required check ------------------------->  false
Delete  SocketId:n-nOT993zCHu44wTAAAU
requested_plain_url ==>    /User/sKHhyg.jpeg
multimedia[(multimedia.length - 1)]jpeg
required check ------------------------->  false
requested_plain_url ==>    /Employee/getViewEmployeeDetailsById
required check ------------------------->  false
getApplication sql ===>  select 
                        c.*
                    from employee_master as c 
                    where 
                        c.id= 6
                    limit 1
Delete  SocketId:HXTMcW49-5RkV7HgAAAV
requested_plain_url ==>    /User/sKHhyg.jpeg
multimedia[(multimedia.length - 1)]jpeg
required check ------------------------->  false
requested_plain_url ==>    /Employee/getViewEmployeeDetailsById
required check ------------------------->  false
getApplication sql ===>  select 
                        c.*
                    from employee_master as c 
                    where 
                        c.id= 6
                    limit 1
requested_plain_url ==>    /Employee/countEmployee
required check ------------------------->  false
requested_plain_url ==>    /Employee/employeeByPg
required check ------------------------->  false
requested_plain_url ==>    /UserRole/countUserRole
required check ------------------------->  false
requested_plain_url ==>    /UserRole/getUserRoleDetailsPg
required check ------------------------->  false
requested_plain_url ==>    /UserRole/countUserRight
required check ------------------------->  false
countUserRight sql  

select count(id) as count from user_right
requested_plain_url ==>    /UserRole/getUserRightDetailsPg
required check ------------------------->  false
getUserRightDetailsPg sql  

 select 
                        id,
                        display_name,
                        group_display_name,
                        group_name,
                        modify_date,
                        name,
                        status
                    from user_right 
                    order by name  limit 0 , 5
requested_plain_url ==>    /UserRole/getUserRole
required check ------------------------->  false
getUserRole sql ===> select ur.* from user_role as ur 
requested_plain_url ==>    /UserRole/getUserRight
required check ------------------------->  false
requested_plain_url ==>    /Employee/countEmployee
required check ------------------------->  false
requested_plain_url ==>    /Employee/employeeByPg
required check ------------------------->  false
requested_plain_url ==>    /Application/getAdvertiserAppHitCount
required check ------------------------->  false
getAdvertiserAppHitCount sql 
  select 
                        am.id,
                        am.name,
                        am.icon,
                        am.banner,
                        am.package,
                        (select count(id) from application_hit_count where request_id = am.id) as total_count,
                        (select count(id) from application_hit_count where request_id = am.id and cast(create_date as date) = '2020-02-11') as today_count
                    from application_master as am
                    where am.user_id = '2' 
                    group by am.id
                    order by am.name asc
Delete  SocketId:Ay12vAPtq1QBkfUhAAAW
