socket server started on port 4000
Listening HTTP on port 3000
requested_plain_url ==>    /User/getAuthTokens
required check ------------------------->  false
getAuthTokens login  sql ---------------------> 
	  select 
        um.*, 
        ur.id as user_role_id, 
        ur.name as user_role,
        um.status 
    from user_master as um  
    left join user_role as ur on ur.id = um.user_role_id 
    where BINARY um.username ='ruchit@gmail.com' or BINARY um.email_id ='ruchit@gmail.com'
a[c] ------> *
salt ----------------------------------> b.join('')SjloNF4ZIKXFlvzm*1oT8ydeTkGAC8VY
_updateTokenDetails sql ============> 	
 update user_master set  
                    access_token = "SjloNF4ZIKXFlvzm*1oT8ydeTkGAC8VY",
                    refresh_token = "5i9P1KM8kO3e3l3S*VIrBTX5ZUFXOkEi",
                    expire_time = "2020-02-22 11:27:51"
                    where id = 38
redis_obj stored
{ id: 38,
  secret_key: 'MzhfbnVsbF9udWxsXzY=',
  username: '',
  user_email: 'ruchit@gmail.com',
  access_token: 'SjloNF4ZIKXFlvzm*1oT8ydeTkGAC8VY',
  refresh_token: '5i9P1KM8kO3e3l3S*VIrBTX5ZUFXOkEi',
  expire_time: '2020-02-22 11:27:51',
  server_time: '2020-02-22 09:27:51',
  updated_at: '2020-02-22 09:27:51',
  user_group: undefined,
  user_group_id: undefined }
expire in =>  7140  seconds
expire in =>  7140  seconds
requested_plain_url ==>    /Application/getAdvertiserAppHitCount
required check ------------------------->  false
getAdvertiserAppHitCount sql 
  select 
                        am.id,
                        am.name,
                        am.icon,
                        am.banner,
                        am.package,
                        (select count(id) from application_hit_count where request_id = am.id) as total_count,
                        (select count(id) from application_hit_count where request_id = am.id and cast(create_date as date) = '2020-02-22') as today_count
                    from application_master as am
                    where am.user_id = '38' 
                    group by am.id
                    order by am.name asc
requested_plain_url ==>    /User/currentUser
required check ------------------------->  false
currentUser sql ------------->  select 
                    um.*,
                    2 as type,
                    null as parent_id,
                    ur.id as user_role_id,
                    ur.name as user_role
                from user_master as um 
                left join user_role as ur on ur.id = um.user_role_id
                where um.id = 38
requested_plain_url ==>    /User/wddUpq.jpeg
multimedia[(multimedia.length - 1)]jpeg
required check ------------------------->  false
requested_plain_url ==>    /UserRole/getUserRoleToRight
required check ------------------------->  false
requested_plain_url ==>    /Employee/employeeByPg
required check ------------------------->  false
requested_plain_url ==>    /null
required check ------------------------->  false
requested_plain_url ==>    /Employee/getViewEmployeeDetailsById
required check ------------------------->  false
getApplication sql ===>  select 
                        c.*
                    from employee_master as c 
                    where 
                        c.id= 3
                    limit 1
requested_plain_url ==>    /Document/getDocumentById
required check ------------------------->  false
getDocument sql ===>  select 
                        c.*
                    from document_master as c 
                    where 
                        c.employee_id= 3
                    limit 1
requested_plain_url ==>    /Employee/QslTNM.jpg
multimedia[(multimedia.length - 1)]jpg
required check ------------------------->  false
requested_plain_url ==>    /Document/noGUZs.jpg
multimedia[(multimedia.length - 1)]jpg
required check ------------------------->  false
requested_plain_url ==>    /Document/CHJ5Ba.jpeg
multimedia[(multimedia.length - 1)]jpeg
required check ------------------------->  false
requested_plain_url ==>    /Document/wnnLiO.jpeg
multimedia[(multimedia.length - 1)]jpeg
required check ------------------------->  false
requested_plain_url ==>    /Document/6NmoiN.jpeg
multimedia[(multimedia.length - 1)]jpeg
required check ------------------------->  false
requested_plain_url ==>    /Document/13NAMS.jpg
multimedia[(multimedia.length - 1)]jpg
required check ------------------------->  false
requested_plain_url ==>    /Document/v4PPi9.jpg
multimedia[(multimedia.length - 1)]jpg
required check ------------------------->  false
requested_plain_url ==>    /Document/beRGRU.png
multimedia[(multimedia.length - 1)]png
required check ------------------------->  false
requested_plain_url ==>    /Document/UDsFjB.jpg
multimedia[(multimedia.length - 1)]jpg
required check ------------------------->  false
requested_plain_url ==>    /Employee/employeeByPg
required check ------------------------->  false
Delete  SocketId:WZbFqhqp24l4y95pAAAA
requested_plain_url ==>    /User/wddUpq.jpeg
multimedia[(multimedia.length - 1)]jpeg
required check ------------------------->  false
requested_plain_url ==>    /Employee/employeeByPg
required check ------------------------->  false
Delete  SocketId:nNZ6FVnJfViHeTyjAAAB
requested_plain_url ==>    /User/wddUpq.jpeg
multimedia[(multimedia.length - 1)]jpeg
required check ------------------------->  false
requested_plain_url ==>    /Employee/employeeByPg
required check ------------------------->  false
requested_plain_url ==>    /null
required check ------------------------->  false
requested_plain_url ==>    /Employee/getViewEmployeeDetailsById
required check ------------------------->  false
getApplication sql ===>  select 
                        c.*
                    from employee_master as c 
                    where 
                        c.id= 3
                    limit 1
requested_plain_url ==>    /Document/getDocumentById
required check ------------------------->  false
getDocument sql ===>  select 
                        c.*
                    from document_master as c 
                    where 
                        c.employee_id= 3
                    limit 1
requested_plain_url ==>    /Employee/QslTNM.jpg
multimedia[(multimedia.length - 1)]jpg
required check ------------------------->  false
requested_plain_url ==>    /Document/CHJ5Ba.jpeg
multimedia[(multimedia.length - 1)]jpeg
required check ------------------------->  false
requested_plain_url ==>    /Document/6NmoiN.jpeg
multimedia[(multimedia.length - 1)]jpeg
required check ------------------------->  false
requested_plain_url ==>    /Document/noGUZs.jpg
multimedia[(multimedia.length - 1)]jpg
required check ------------------------->  false
requested_plain_url ==>    /Document/wnnLiO.jpeg
multimedia[(multimedia.length - 1)]jpeg
required check ------------------------->  false
requested_plain_url ==>    /Document/13NAMS.jpg
multimedia[(multimedia.length - 1)]jpg
required check ------------------------->  false
requested_plain_url ==>    /Document/v4PPi9.jpg
multimedia[(multimedia.length - 1)]jpg
required check ------------------------->  false
requested_plain_url ==>    /Document/UDsFjB.jpg
multimedia[(multimedia.length - 1)]jpg
required check ------------------------->  false
requested_plain_url ==>    /Document/beRGRU.png
multimedia[(multimedia.length - 1)]png
required check ------------------------->  false
requested_plain_url ==>    /Employee/employeeByPg
required check ------------------------->  false
requested_plain_url ==>    /Application/getAdvertiserAppHitCount
required check ------------------------->  false
getAdvertiserAppHitCount sql 
  select 
                        am.id,
                        am.name,
                        am.icon,
                        am.banner,
                        am.package,
                        (select count(id) from application_hit_count where request_id = am.id) as total_count,
                        (select count(id) from application_hit_count where request_id = am.id and cast(create_date as date) = '2020-02-22') as today_count
                    from application_master as am
                    where am.user_id = '38' 
                    group by am.id
                    order by am.name asc
Delete  SocketId:Bv3ZAJkLlTCMwsX8AAAC
requested_plain_url ==>    /User/wddUpq.jpeg
multimedia[(multimedia.length - 1)]jpeg
required check ------------------------->  false
requested_plain_url ==>    /Application/getAdvertiserAppHitCount
required check ------------------------->  false
getAdvertiserAppHitCount sql 
  select 
                        am.id,
                        am.name,
                        am.icon,
                        am.banner,
                        am.package,
                        (select count(id) from application_hit_count where request_id = am.id) as total_count,
                        (select count(id) from application_hit_count where request_id = am.id and cast(create_date as date) = '2020-02-22') as today_count
                    from application_master as am
                    where am.user_id = '38' 
                    group by am.id
                    order by am.name asc
requested_plain_url ==>    /Employee/employeeByPg
required check ------------------------->  false
requested_plain_url ==>    /Employee/employeeByPg
required check ------------------------->  false
requested_plain_url ==>    /Application/getAdvertiserAppHitCount
required check ------------------------->  false
getAdvertiserAppHitCount sql 
  select 
                        am.id,
                        am.name,
                        am.icon,
                        am.banner,
                        am.package,
                        (select count(id) from application_hit_count where request_id = am.id) as total_count,
                        (select count(id) from application_hit_count where request_id = am.id and cast(create_date as date) = '2020-02-22') as today_count
                    from application_master as am
                    where am.user_id = '38' 
                    group by am.id
                    order by am.name asc
Delete  SocketId:MU0PxTIiMzaSeKaSAAAD
requested_plain_url ==>    /User/wddUpq.jpeg
multimedia[(multimedia.length - 1)]jpeg
required check ------------------------->  false
requested_plain_url ==>    /Application/getAdvertiserAppHitCount
required check ------------------------->  false
getAdvertiserAppHitCount sql 
  select 
                        am.id,
                        am.name,
                        am.icon,
                        am.banner,
                        am.package,
                        (select count(id) from application_hit_count where request_id = am.id) as total_count,
                        (select count(id) from application_hit_count where request_id = am.id and cast(create_date as date) = '2020-02-22') as today_count
                    from application_master as am
                    where am.user_id = '38' 
                    group by am.id
                    order by am.name asc
requested_plain_url ==>    /Employee/employeeByPg
required check ------------------------->  false
requested_plain_url ==>    /null
required check ------------------------->  false
requested_plain_url ==>    /Employee/getViewEmployeeDetailsById
required check ------------------------->  false
getApplication sql ===>  select 
                        c.*
                    from employee_master as c 
                    where 
                        c.id= 3
                    limit 1
requested_plain_url ==>    /Document/getDocumentById
required check ------------------------->  false
getDocument sql ===>  select 
                        c.*
                    from document_master as c 
                    where 
                        c.employee_id= 3
                    limit 1
requested_plain_url ==>    /Employee/QslTNM.jpg
multimedia[(multimedia.length - 1)]jpg
required check ------------------------->  false
requested_plain_url ==>    /Document/CHJ5Ba.jpeg
multimedia[(multimedia.length - 1)]jpeg
required check ------------------------->  false
requested_plain_url ==>    /Document/6NmoiN.jpeg
multimedia[(multimedia.length - 1)]jpeg
required check ------------------------->  false
requested_plain_url ==>    /Document/noGUZs.jpg
multimedia[(multimedia.length - 1)]jpg
required check ------------------------->  false
requested_plain_url ==>    /Document/wnnLiO.jpeg
multimedia[(multimedia.length - 1)]jpeg
required check ------------------------->  false
requested_plain_url ==>    /Document/13NAMS.jpg
multimedia[(multimedia.length - 1)]jpg
required check ------------------------->  false
requested_plain_url ==>    /Document/v4PPi9.jpg
multimedia[(multimedia.length - 1)]jpg
required check ------------------------->  false
requested_plain_url ==>    /Document/UDsFjB.jpg
multimedia[(multimedia.length - 1)]jpg
required check ------------------------->  false
requested_plain_url ==>    /Document/beRGRU.png
multimedia[(multimedia.length - 1)]png
required check ------------------------->  false
requested_plain_url ==>    /Employee/employeeByPg
required check ------------------------->  false
Delete  SocketId:S2YsCeWI4gijK9NeAAAE
requested_plain_url ==>    /User/wddUpq.jpeg
multimedia[(multimedia.length - 1)]jpeg
required check ------------------------->  false
requested_plain_url ==>    /Employee/employeeByPg
required check ------------------------->  false
requested_plain_url ==>    /Application/getAdvertiserAppHitCount
required check ------------------------->  false
getAdvertiserAppHitCount sql 
  select 
                        am.id,
                        am.name,
                        am.icon,
                        am.banner,
                        am.package,
                        (select count(id) from application_hit_count where request_id = am.id) as total_count,
                        (select count(id) from application_hit_count where request_id = am.id and cast(create_date as date) = '2020-02-22') as today_count
                    from application_master as am
                    where am.user_id = '38' 
                    group by am.id
                    order by am.name asc
Delete  SocketId:1UF7zYUOYr9FQdn9AAAF
requested_plain_url ==>    /User/wddUpq.jpeg
multimedia[(multimedia.length - 1)]jpeg
required check ------------------------->  false
requested_plain_url ==>    /Application/getAdvertiserAppHitCount
required check ------------------------->  false
getAdvertiserAppHitCount sql 
  select 
                        am.id,
                        am.name,
                        am.icon,
                        am.banner,
                        am.package,
                        (select count(id) from application_hit_count where request_id = am.id) as total_count,
                        (select count(id) from application_hit_count where request_id = am.id and cast(create_date as date) = '2020-02-22') as today_count
                    from application_master as am
                    where am.user_id = '38' 
                    group by am.id
                    order by am.name asc
requested_plain_url ==>    /Employee/employeeByPg
required check ------------------------->  false
requested_plain_url ==>    /Application/getAdvertiserAppHitCount
required check ------------------------->  false
getAdvertiserAppHitCount sql 
  select 
                        am.id,
                        am.name,
                        am.icon,
                        am.banner,
                        am.package,
                        (select count(id) from application_hit_count where request_id = am.id) as total_count,
                        (select count(id) from application_hit_count where request_id = am.id and cast(create_date as date) = '2020-02-22') as today_count
                    from application_master as am
                    where am.user_id = '38' 
                    group by am.id
                    order by am.name asc
requested_plain_url ==>    /Employee/employeeByPg
required check ------------------------->  false
Delete  SocketId:CqzwDoXLorNIoLo1AAAG
requested_plain_url ==>    /User/wddUpq.jpeg
multimedia[(multimedia.length - 1)]jpeg
required check ------------------------->  false
requested_plain_url ==>    /Employee/employeeByPg
required check ------------------------->  false
requested_plain_url ==>    /Application/getAdvertiserAppHitCount
required check ------------------------->  false
getAdvertiserAppHitCount sql 
  select 
                        am.id,
                        am.name,
                        am.icon,
                        am.banner,
                        am.package,
                        (select count(id) from application_hit_count where request_id = am.id) as total_count,
                        (select count(id) from application_hit_count where request_id = am.id and cast(create_date as date) = '2020-02-22') as today_count
                    from application_master as am
                    where am.user_id = '38' 
                    group by am.id
                    order by am.name asc
Delete  SocketId:9SYZ6F7dhf88HAV2AAAH
requested_plain_url ==>    /User/wddUpq.jpeg
multimedia[(multimedia.length - 1)]jpeg
required check ------------------------->  false
requested_plain_url ==>    /Application/getAdvertiserAppHitCount
required check ------------------------->  false
getAdvertiserAppHitCount sql 
  select 
                        am.id,
                        am.name,
                        am.icon,
                        am.banner,
                        am.package,
                        (select count(id) from application_hit_count where request_id = am.id) as total_count,
                        (select count(id) from application_hit_count where request_id = am.id and cast(create_date as date) = '2020-02-22') as today_count
                    from application_master as am
                    where am.user_id = '38' 
                    group by am.id
                    order by am.name asc
requested_plain_url ==>    /Employee/employeeByPg
required check ------------------------->  false
requested_plain_url ==>    /Application/getAdvertiserAppHitCount
required check ------------------------->  false
getAdvertiserAppHitCount sql 
  select 
                        am.id,
                        am.name,
                        am.icon,
                        am.banner,
                        am.package,
                        (select count(id) from application_hit_count where request_id = am.id) as total_count,
                        (select count(id) from application_hit_count where request_id = am.id and cast(create_date as date) = '2020-02-22') as today_count
                    from application_master as am
                    where am.user_id = '38' 
                    group by am.id
                    order by am.name asc
requested_plain_url ==>    /Employee/employeeByPg
required check ------------------------->  false
requested_plain_url ==>    /Application/getAdvertiserAppHitCount
required check ------------------------->  false
getAdvertiserAppHitCount sql 
  select 
                        am.id,
                        am.name,
                        am.icon,
                        am.banner,
                        am.package,
                        (select count(id) from application_hit_count where request_id = am.id) as total_count,
                        (select count(id) from application_hit_count where request_id = am.id and cast(create_date as date) = '2020-02-22') as today_count
                    from application_master as am
                    where am.user_id = '38' 
                    group by am.id
                    order by am.name asc
requested_plain_url ==>    /Employee/employeeByPg
required check ------------------------->  false
requested_plain_url ==>    /null
required check ------------------------->  false
requested_plain_url ==>    /Employee/getViewEmployeeDetailsById
required check ------------------------->  false
getApplication sql ===>  select 
                        c.*
                    from employee_master as c 
                    where 
                        c.id= 3
                    limit 1
requested_plain_url ==>    /Document/getDocumentById
required check ------------------------->  false
getDocument sql ===>  select 
                        c.*
                    from document_master as c 
                    where 
                        c.employee_id= 3
                    limit 1
requested_plain_url ==>    /Employee/QslTNM.jpg
multimedia[(multimedia.length - 1)]jpg
required check ------------------------->  false
requested_plain_url ==>    /Document/CHJ5Ba.jpeg
multimedia[(multimedia.length - 1)]jpeg
required check ------------------------->  false
requested_plain_url ==>    /Document/6NmoiN.jpeg
multimedia[(multimedia.length - 1)]jpeg
required check ------------------------->  false
requested_plain_url ==>    /Document/noGUZs.jpg
multimedia[(multimedia.length - 1)]jpg
required check ------------------------->  false
requested_plain_url ==>    /Document/wnnLiO.jpeg
multimedia[(multimedia.length - 1)]jpeg
required check ------------------------->  false
requested_plain_url ==>    /Document/13NAMS.jpg
multimedia[(multimedia.length - 1)]jpg
required check ------------------------->  false
requested_plain_url ==>    /Document/v4PPi9.jpg
multimedia[(multimedia.length - 1)]jpg
required check ------------------------->  false
requested_plain_url ==>    /Document/UDsFjB.jpg
multimedia[(multimedia.length - 1)]jpg
required check ------------------------->  false
requested_plain_url ==>    /Document/beRGRU.png
multimedia[(multimedia.length - 1)]png
required check ------------------------->  false
requested_plain_url ==>    /Employee/employeeByPg
required check ------------------------->  false
Delete  SocketId:qjQIFO5BQ5MiLBhIAAAI
requested_plain_url ==>    /User/wddUpq.jpeg
multimedia[(multimedia.length - 1)]jpeg
required check ------------------------->  false
requested_plain_url ==>    /Employee/employeeByPg
required check ------------------------->  false
Delete  SocketId:ba_JBZPFuPuYZ18gAAAJ
requested_plain_url ==>    /User/wddUpq.jpeg
multimedia[(multimedia.length - 1)]jpeg
required check ------------------------->  false
requested_plain_url ==>    /Employee/employeeByPg
required check ------------------------->  false
Delete  SocketId:zCndqgw02qnvTo9bAAAK
requested_plain_url ==>    /User/wddUpq.jpeg
multimedia[(multimedia.length - 1)]jpeg
required check ------------------------->  false
requested_plain_url ==>    /Employee/employeeByPg
required check ------------------------->  false
requested_plain_url ==>    /null
required check ------------------------->  false
requested_plain_url ==>    /Employee/getViewEmployeeDetailsById
required check ------------------------->  false
getApplication sql ===>  select 
                        c.*
                    from employee_master as c 
                    where 
                        c.id= 3
                    limit 1
requested_plain_url ==>    /Document/getDocumentById
required check ------------------------->  false
getDocument sql ===>  select 
                        c.*
                    from document_master as c 
                    where 
                        c.employee_id= 3
                    limit 1
requested_plain_url ==>    /Employee/QslTNM.jpg
multimedia[(multimedia.length - 1)]jpg
required check ------------------------->  false
requested_plain_url ==>    /Document/CHJ5Ba.jpeg
multimedia[(multimedia.length - 1)]jpeg
required check ------------------------->  false
requested_plain_url ==>    /Document/6NmoiN.jpeg
multimedia[(multimedia.length - 1)]jpeg
required check ------------------------->  false
requested_plain_url ==>    /Document/noGUZs.jpg
multimedia[(multimedia.length - 1)]jpg
required check ------------------------->  false
requested_plain_url ==>    /Document/wnnLiO.jpeg
multimedia[(multimedia.length - 1)]jpeg
required check ------------------------->  false
requested_plain_url ==>    /Document/13NAMS.jpg
multimedia[(multimedia.length - 1)]jpg
required check ------------------------->  false
requested_plain_url ==>    /Document/v4PPi9.jpg
multimedia[(multimedia.length - 1)]jpg
required check ------------------------->  false
requested_plain_url ==>    /Document/UDsFjB.jpg
multimedia[(multimedia.length - 1)]jpg
required check ------------------------->  false
requested_plain_url ==>    /Document/beRGRU.png
multimedia[(multimedia.length - 1)]png
required check ------------------------->  false
requested_plain_url ==>    /Employee/employeeByPg
required check ------------------------->  false
requested_plain_url ==>    /Application/getAdvertiserAppHitCount
required check ------------------------->  false
getAdvertiserAppHitCount sql 
  select 
                        am.id,
                        am.name,
                        am.icon,
                        am.banner,
                        am.package,
                        (select count(id) from application_hit_count where request_id = am.id) as total_count,
                        (select count(id) from application_hit_count where request_id = am.id and cast(create_date as date) = '2020-02-22') as today_count
                    from application_master as am
                    where am.user_id = '38' 
                    group by am.id
                    order by am.name asc
Delete  SocketId:YWDjkxieR0y53cZFAAAL
requested_plain_url ==>    /User/wddUpq.jpeg
multimedia[(multimedia.length - 1)]jpeg
required check ------------------------->  false
requested_plain_url ==>    /Application/getAdvertiserAppHitCount
required check ------------------------->  false
getAdvertiserAppHitCount sql 
  select 
                        am.id,
                        am.name,
                        am.icon,
                        am.banner,
                        am.package,
                        (select count(id) from application_hit_count where request_id = am.id) as total_count,
                        (select count(id) from application_hit_count where request_id = am.id and cast(create_date as date) = '2020-02-22') as today_count
                    from application_master as am
                    where am.user_id = '38' 
                    group by am.id
                    order by am.name asc
requested_plain_url ==>    /Employee/employeeByPg
required check ------------------------->  false
Delete  SocketId:kh8DUIuBbH8HpdO7AAAM
requested_plain_url ==>    /User/wddUpq.jpeg
multimedia[(multimedia.length - 1)]jpeg
required check ------------------------->  false
requested_plain_url ==>    /Employee/employeeByPg
required check ------------------------->  false
Delete  SocketId:y31X99XF_8Gk70laAAAN
requested_plain_url ==>    /User/wddUpq.jpeg
multimedia[(multimedia.length - 1)]jpeg
required check ------------------------->  false
requested_plain_url ==>    /Employee/employeeByPg
required check ------------------------->  false
Delete  SocketId:TQsCXuog9Hq6vXntAAAO
requested_plain_url ==>    /User/wddUpq.jpeg
multimedia[(multimedia.length - 1)]jpeg
required check ------------------------->  false
requested_plain_url ==>    /Employee/employeeByPg
required check ------------------------->  false
Delete  SocketId:MXBnyu7eOpLStJOHAAAP
requested_plain_url ==>    /User/wddUpq.jpeg
multimedia[(multimedia.length - 1)]jpeg
required check ------------------------->  false
requested_plain_url ==>    /Employee/employeeByPg
required check ------------------------->  false
Delete  SocketId:d7uiPD5iBQAcqcd3AAAQ
requested_plain_url ==>    /User/wddUpq.jpeg
multimedia[(multimedia.length - 1)]jpeg
required check ------------------------->  false
requested_plain_url ==>    /Application/getAdvertiserAppHitCount
required check ------------------------->  false
getAdvertiserAppHitCount sql 
  select 
                        am.id,
                        am.name,
                        am.icon,
                        am.banner,
                        am.package,
                        (select count(id) from application_hit_count where request_id = am.id) as total_count,
                        (select count(id) from application_hit_count where request_id = am.id and cast(create_date as date) = '2020-02-22') as today_count
                    from application_master as am
                    where am.user_id = '38' 
                    group by am.id
                    order by am.name asc
Delete  SocketId:KrSm3J3DgfxtLbAtAAAR
requested_plain_url ==>    /User/wddUpq.jpeg
multimedia[(multimedia.length - 1)]jpeg
required check ------------------------->  false
requested_plain_url ==>    /Application/getAdvertiserAppHitCount
required check ------------------------->  false
getAdvertiserAppHitCount sql 
  select 
                        am.id,
                        am.name,
                        am.icon,
                        am.banner,
                        am.package,
                        (select count(id) from application_hit_count where request_id = am.id) as total_count,
                        (select count(id) from application_hit_count where request_id = am.id and cast(create_date as date) = '2020-02-22') as today_count
                    from application_master as am
                    where am.user_id = '38' 
                    group by am.id
                    order by am.name asc
requested_plain_url ==>    /Employee/employeeByPg
required check ------------------------->  false
requested_plain_url ==>    /null
required check ------------------------->  false
requested_plain_url ==>    /Employee/getViewEmployeeDetailsById
required check ------------------------->  false
getApplication sql ===>  select 
                        c.*
                    from employee_master as c 
                    where 
                        c.id= 3
                    limit 1
requested_plain_url ==>    /Document/getDocumentById
required check ------------------------->  false
getDocument sql ===>  select 
                        c.*
                    from document_master as c 
                    where 
                        c.employee_id= 3
                    limit 1
requested_plain_url ==>    /Employee/QslTNM.jpg
multimedia[(multimedia.length - 1)]jpg
required check ------------------------->  false
requested_plain_url ==>    /Document/CHJ5Ba.jpeg
multimedia[(multimedia.length - 1)]jpeg
required check ------------------------->  false
requested_plain_url ==>    /Document/noGUZs.jpg
multimedia[(multimedia.length - 1)]jpg
required check ------------------------->  false
requested_plain_url ==>    /Document/6NmoiN.jpeg
multimedia[(multimedia.length - 1)]jpeg
required check ------------------------->  false
requested_plain_url ==>    /Document/wnnLiO.jpeg
multimedia[(multimedia.length - 1)]jpeg
required check ------------------------->  false
requested_plain_url ==>    /Document/13NAMS.jpg
multimedia[(multimedia.length - 1)]jpg
required check ------------------------->  false
requested_plain_url ==>    /Document/v4PPi9.jpg
multimedia[(multimedia.length - 1)]jpg
required check ------------------------->  false
requested_plain_url ==>    /Document/UDsFjB.jpg
multimedia[(multimedia.length - 1)]jpg
required check ------------------------->  false
requested_plain_url ==>    /Document/beRGRU.png
multimedia[(multimedia.length - 1)]png
required check ------------------------->  false
requested_plain_url ==>    /Employee/employeeByPg
required check ------------------------->  false
requested_plain_url ==>    /Application/getAdvertiserAppHitCount
required check ------------------------->  false
getAdvertiserAppHitCount sql 
  select 
                        am.id,
                        am.name,
                        am.icon,
                        am.banner,
                        am.package,
                        (select count(id) from application_hit_count where request_id = am.id) as total_count,
                        (select count(id) from application_hit_count where request_id = am.id and cast(create_date as date) = '2020-02-22') as today_count
                    from application_master as am
                    where am.user_id = '38' 
                    group by am.id
                    order by am.name asc
Delete  SocketId:VH76KWmBaE7Wj_FEAAAS
requested_plain_url ==>    /User/wddUpq.jpeg
multimedia[(multimedia.length - 1)]jpeg
required check ------------------------->  false
requested_plain_url ==>    /Application/getAdvertiserAppHitCount
required check ------------------------->  false
getAdvertiserAppHitCount sql 
  select 
                        am.id,
                        am.name,
                        am.icon,
                        am.banner,
                        am.package,
                        (select count(id) from application_hit_count where request_id = am.id) as total_count,
                        (select count(id) from application_hit_count where request_id = am.id and cast(create_date as date) = '2020-02-22') as today_count
                    from application_master as am
                    where am.user_id = '38' 
                    group by am.id
                    order by am.name asc
requested_plain_url ==>    /Employee/employeeByPg
required check ------------------------->  false
requested_plain_url ==>    /null
required check ------------------------->  false
requested_plain_url ==>    /Employee/getViewEmployeeDetailsById
required check ------------------------->  false
getApplication sql ===>  select 
                        c.*
                    from employee_master as c 
                    where 
                        c.id= 3
                    limit 1
requested_plain_url ==>    /Document/getDocumentById
required check ------------------------->  false
getDocument sql ===>  select 
                        c.*
                    from document_master as c 
                    where 
                        c.employee_id= 3
                    limit 1
requested_plain_url ==>    /Employee/QslTNM.jpg
multimedia[(multimedia.length - 1)]jpg
required check ------------------------->  false
requested_plain_url ==>    /Document/CHJ5Ba.jpeg
multimedia[(multimedia.length - 1)]jpeg
required check ------------------------->  false
requested_plain_url ==>    /Document/6NmoiN.jpeg
multimedia[(multimedia.length - 1)]jpeg
required check ------------------------->  false
requested_plain_url ==>    /Document/noGUZs.jpg
multimedia[(multimedia.length - 1)]jpg
required check ------------------------->  false
requested_plain_url ==>    /Document/wnnLiO.jpeg
multimedia[(multimedia.length - 1)]jpeg
required check ------------------------->  false
requested_plain_url ==>    /Document/13NAMS.jpg
multimedia[(multimedia.length - 1)]jpg
required check ------------------------->  false
requested_plain_url ==>    /Document/v4PPi9.jpg
multimedia[(multimedia.length - 1)]jpg
required check ------------------------->  false
requested_plain_url ==>    /Document/UDsFjB.jpg
multimedia[(multimedia.length - 1)]jpg
required check ------------------------->  false
requested_plain_url ==>    /Document/beRGRU.png
multimedia[(multimedia.length - 1)]png
required check ------------------------->  false
requested_plain_url ==>    /Employee/employeeByPg
required check ------------------------->  false
requested_plain_url ==>    /Application/getAdvertiserAppHitCount
required check ------------------------->  false
getAdvertiserAppHitCount sql 
  select 
                        am.id,
                        am.name,
                        am.icon,
                        am.banner,
                        am.package,
                        (select count(id) from application_hit_count where request_id = am.id) as total_count,
                        (select count(id) from application_hit_count where request_id = am.id and cast(create_date as date) = '2020-02-22') as today_count
                    from application_master as am
                    where am.user_id = '38' 
                    group by am.id
                    order by am.name asc
Delete  SocketId:_gLm_OTqy0mmI2MZAAAT
requested_plain_url ==>    /User/wddUpq.jpeg
multimedia[(multimedia.length - 1)]jpeg
required check ------------------------->  false
requested_plain_url ==>    /Application/getAdvertiserAppHitCount
required check ------------------------->  false
getAdvertiserAppHitCount sql 
  select 
                        am.id,
                        am.name,
                        am.icon,
                        am.banner,
                        am.package,
                        (select count(id) from application_hit_count where request_id = am.id) as total_count,
                        (select count(id) from application_hit_count where request_id = am.id and cast(create_date as date) = '2020-02-22') as today_count
                    from application_master as am
                    where am.user_id = '38' 
                    group by am.id
                    order by am.name asc
requested_plain_url ==>    /Employee/employeeByPg
required check ------------------------->  false
requested_plain_url ==>    /null
required check ------------------------->  false
requested_plain_url ==>    /Employee/getViewEmployeeDetailsById
required check ------------------------->  false
getApplication sql ===>  select 
                        c.*
                    from employee_master as c 
                    where 
                        c.id= 3
                    limit 1
requested_plain_url ==>    /Document/getDocumentById
required check ------------------------->  false
getDocument sql ===>  select 
                        c.*
                    from document_master as c 
                    where 
                        c.employee_id= 3
                    limit 1
requested_plain_url ==>    /Employee/QslTNM.jpg
multimedia[(multimedia.length - 1)]jpg
required check ------------------------->  false
requested_plain_url ==>    /Document/CHJ5Ba.jpeg
multimedia[(multimedia.length - 1)]jpeg
required check ------------------------->  false
requested_plain_url ==>    /Document/6NmoiN.jpeg
multimedia[(multimedia.length - 1)]jpeg
required check ------------------------->  false
requested_plain_url ==>    /Document/noGUZs.jpg
multimedia[(multimedia.length - 1)]jpg
required check ------------------------->  false
requested_plain_url ==>    /Document/wnnLiO.jpeg
multimedia[(multimedia.length - 1)]jpeg
required check ------------------------->  false
requested_plain_url ==>    /Document/13NAMS.jpg
multimedia[(multimedia.length - 1)]jpg
required check ------------------------->  false
requested_plain_url ==>    /Document/UDsFjB.jpg
multimedia[(multimedia.length - 1)]jpg
required check ------------------------->  false
requested_plain_url ==>    /Document/v4PPi9.jpg
multimedia[(multimedia.length - 1)]jpg
required check ------------------------->  false
requested_plain_url ==>    /Document/beRGRU.png
multimedia[(multimedia.length - 1)]png
required check ------------------------->  false
requested_plain_url ==>    /Employee/employeeByPg
required check ------------------------->  false
requested_plain_url ==>    /Application/getAdvertiserAppHitCount
required check ------------------------->  false
getAdvertiserAppHitCount sql 
  select 
                        am.id,
                        am.name,
                        am.icon,
                        am.banner,
                        am.package,
                        (select count(id) from application_hit_count where request_id = am.id) as total_count,
                        (select count(id) from application_hit_count where request_id = am.id and cast(create_date as date) = '2020-02-22') as today_count
                    from application_master as am
                    where am.user_id = '38' 
                    group by am.id
                    order by am.name asc
Delete  SocketId:-vilUs8Cwb1lfwuVAAAU
requested_plain_url ==>    /User/wddUpq.jpeg
multimedia[(multimedia.length - 1)]jpeg
required check ------------------------->  false
requested_plain_url ==>    /Application/getAdvertiserAppHitCount
required check ------------------------->  false
getAdvertiserAppHitCount sql 
  select 
                        am.id,
                        am.name,
                        am.icon,
                        am.banner,
                        am.package,
                        (select count(id) from application_hit_count where request_id = am.id) as total_count,
                        (select count(id) from application_hit_count where request_id = am.id and cast(create_date as date) = '2020-02-22') as today_count
                    from application_master as am
                    where am.user_id = '38' 
                    group by am.id
                    order by am.name asc
requested_plain_url ==>    /Employee/employeeByPg
required check ------------------------->  false
requested_plain_url ==>    /null
required check ------------------------->  false
requested_plain_url ==>    /Employee/getViewEmployeeDetailsById
required check ------------------------->  false
getApplication sql ===>  select 
                        c.*
                    from employee_master as c 
                    where 
                        c.id= 3
                    limit 1
requested_plain_url ==>    /Document/getDocumentById
required check ------------------------->  false
getDocument sql ===>  select 
                        c.*
                    from document_master as c 
                    where 
                        c.employee_id= 3
                    limit 1
requested_plain_url ==>    /Employee/QslTNM.jpg
multimedia[(multimedia.length - 1)]jpg
required check ------------------------->  false
requested_plain_url ==>    /Document/CHJ5Ba.jpeg
multimedia[(multimedia.length - 1)]jpeg
required check ------------------------->  false
requested_plain_url ==>    /Document/6NmoiN.jpeg
multimedia[(multimedia.length - 1)]jpeg
required check ------------------------->  false
requested_plain_url ==>    /Document/noGUZs.jpg
multimedia[(multimedia.length - 1)]jpg
required check ------------------------->  false
requested_plain_url ==>    /Document/wnnLiO.jpeg
multimedia[(multimedia.length - 1)]jpeg
required check ------------------------->  false
requested_plain_url ==>    /Document/13NAMS.jpg
multimedia[(multimedia.length - 1)]jpg
required check ------------------------->  false
requested_plain_url ==>    /Document/v4PPi9.jpg
multimedia[(multimedia.length - 1)]jpg
required check ------------------------->  false
requested_plain_url ==>    /Document/UDsFjB.jpg
multimedia[(multimedia.length - 1)]jpg
required check ------------------------->  false
requested_plain_url ==>    /Document/beRGRU.png
multimedia[(multimedia.length - 1)]png
required check ------------------------->  false
Delete  SocketId:D6XvX5e0r5E-eY_oAAAV
requested_plain_url ==>    /User/wddUpq.jpeg
multimedia[(multimedia.length - 1)]jpeg
required check ------------------------->  false
requested_plain_url ==>    /Application/getAdvertiserAppHitCount
required check ------------------------->  false
getAdvertiserAppHitCount sql 
  select 
                        am.id,
                        am.name,
                        am.icon,
                        am.banner,
                        am.package,
                        (select count(id) from application_hit_count where request_id = am.id) as total_count,
                        (select count(id) from application_hit_count where request_id = am.id and cast(create_date as date) = '2020-02-22') as today_count
                    from application_master as am
                    where am.user_id = '38' 
                    group by am.id
                    order by am.name asc
Delete  SocketId:X9ggA4jUk63e8fwbAAAW
requested_plain_url ==>    /User/wddUpq.jpeg
multimedia[(multimedia.length - 1)]jpeg
required check ------------------------->  false
requested_plain_url ==>    /Application/getAdvertiserAppHitCount
required check ------------------------->  false
getAdvertiserAppHitCount sql 
  select 
                        am.id,
                        am.name,
                        am.icon,
                        am.banner,
                        am.package,
                        (select count(id) from application_hit_count where request_id = am.id) as total_count,
                        (select count(id) from application_hit_count where request_id = am.id and cast(create_date as date) = '2020-02-22') as today_count
                    from application_master as am
                    where am.user_id = '38' 
                    group by am.id
                    order by am.name asc
requested_plain_url ==>    /Employee/employeeByPg
required check ------------------------->  false
requested_plain_url ==>    /null
required check ------------------------->  false
requested_plain_url ==>    /Employee/getViewEmployeeDetailsById
required check ------------------------->  false
getApplication sql ===>  select 
                        c.*
                    from employee_master as c 
                    where 
                        c.id= 3
                    limit 1
requested_plain_url ==>    /Document/getDocumentById
required check ------------------------->  false
getDocument sql ===>  select 
                        c.*
                    from document_master as c 
                    where 
                        c.employee_id= 3
                    limit 1
requested_plain_url ==>    /Employee/QslTNM.jpg
multimedia[(multimedia.length - 1)]jpg
required check ------------------------->  false
requested_plain_url ==>    /Document/CHJ5Ba.jpeg
multimedia[(multimedia.length - 1)]jpeg
required check ------------------------->  false
requested_plain_url ==>    /Document/6NmoiN.jpeg
multimedia[(multimedia.length - 1)]jpeg
required check ------------------------->  false
requested_plain_url ==>    /Document/noGUZs.jpg
multimedia[(multimedia.length - 1)]jpg
required check ------------------------->  false
requested_plain_url ==>    /Document/wnnLiO.jpeg
multimedia[(multimedia.length - 1)]jpeg
required check ------------------------->  false
requested_plain_url ==>    /Document/13NAMS.jpg
multimedia[(multimedia.length - 1)]jpg
required check ------------------------->  false
requested_plain_url ==>    /Document/v4PPi9.jpg
multimedia[(multimedia.length - 1)]jpg
required check ------------------------->  false
requested_plain_url ==>    /Document/UDsFjB.jpg
multimedia[(multimedia.length - 1)]jpg
required check ------------------------->  false
requested_plain_url ==>    /Document/beRGRU.png
multimedia[(multimedia.length - 1)]png
required check ------------------------->  false
requested_plain_url ==>    /Employee/employeeByPg
required check ------------------------->  false
requested_plain_url ==>    /Employee/getViewEmployeeDetailsById
required check ------------------------->  false
getApplication sql ===>  select 
                        c.*
                    from employee_master as c 
                    where 
                        c.id= 3
                    limit 1
requested_plain_url ==>    /Employee/employeeByPg
required check ------------------------->  false
Delete  SocketId:9NYeJA1Ou1oO96CRAAAX
requested_plain_url ==>    /User/wddUpq.jpeg
multimedia[(multimedia.length - 1)]jpeg
required check ------------------------->  false
requested_plain_url ==>    /Employee/employeeByPg
required check ------------------------->  false
requested_plain_url ==>    /null
required check ------------------------->  false
requested_plain_url ==>    /Employee/getViewEmployeeDetailsById
required check ------------------------->  false
getApplication sql ===>  select 
                        c.*
                    from employee_master as c 
                    where 
                        c.id= 3
                    limit 1
requested_plain_url ==>    /Document/getDocumentById
required check ------------------------->  false
getDocument sql ===>  select 
                        c.*
                    from document_master as c 
                    where 
                        c.employee_id= 3
                    limit 1
requested_plain_url ==>    /Employee/QslTNM.jpg
multimedia[(multimedia.length - 1)]jpg
required check ------------------------->  false
requested_plain_url ==>    /Document/CHJ5Ba.jpeg
multimedia[(multimedia.length - 1)]jpeg
required check ------------------------->  false
requested_plain_url ==>    /Document/6NmoiN.jpeg
multimedia[(multimedia.length - 1)]jpeg
required check ------------------------->  false
requested_plain_url ==>    /Document/noGUZs.jpg
multimedia[(multimedia.length - 1)]jpg
required check ------------------------->  false
requested_plain_url ==>    /Document/wnnLiO.jpeg
multimedia[(multimedia.length - 1)]jpeg
required check ------------------------->  false
requested_plain_url ==>    /Document/13NAMS.jpg
multimedia[(multimedia.length - 1)]jpg
required check ------------------------->  false
requested_plain_url ==>    /Document/v4PPi9.jpg
multimedia[(multimedia.length - 1)]jpg
required check ------------------------->  false
requested_plain_url ==>    /Document/UDsFjB.jpg
multimedia[(multimedia.length - 1)]jpg
required check ------------------------->  false
requested_plain_url ==>    /Document/beRGRU.png
multimedia[(multimedia.length - 1)]png
required check ------------------------->  false
requested_plain_url ==>    /Employee/employeeByPg
required check ------------------------->  false
requested_plain_url ==>    /Application/getAdvertiserAppHitCount
required check ------------------------->  false
getAdvertiserAppHitCount sql 
  select 
                        am.id,
                        am.name,
                        am.icon,
                        am.banner,
                        am.package,
                        (select count(id) from application_hit_count where request_id = am.id) as total_count,
                        (select count(id) from application_hit_count where request_id = am.id and cast(create_date as date) = '2020-02-22') as today_count
                    from application_master as am
                    where am.user_id = '38' 
                    group by am.id
                    order by am.name asc
Delete  SocketId:f-CHUa6EnTEXFuNnAAAY
requested_plain_url ==>    /User/wddUpq.jpeg
multimedia[(multimedia.length - 1)]jpeg
required check ------------------------->  false
requested_plain_url ==>    /Application/getAdvertiserAppHitCount
required check ------------------------->  false
getAdvertiserAppHitCount sql 
  select 
                        am.id,
                        am.name,
                        am.icon,
                        am.banner,
                        am.package,
                        (select count(id) from application_hit_count where request_id = am.id) as total_count,
                        (select count(id) from application_hit_count where request_id = am.id and cast(create_date as date) = '2020-02-22') as today_count
                    from application_master as am
                    where am.user_id = '38' 
                    group by am.id
                    order by am.name asc
requested_plain_url ==>    /Employee/employeeByPg
required check ------------------------->  false
requested_plain_url ==>    /null
required check ------------------------->  false
requested_plain_url ==>    /Employee/getViewEmployeeDetailsById
required check ------------------------->  false
getApplication sql ===>  select 
                        c.*
                    from employee_master as c 
                    where 
                        c.id= 3
                    limit 1
requested_plain_url ==>    /Document/getDocumentById
required check ------------------------->  false
getDocument sql ===>  select 
                        c.*
                    from document_master as c 
                    where 
                        c.employee_id= 3
                    limit 1
requested_plain_url ==>    /Employee/QslTNM.jpg
multimedia[(multimedia.length - 1)]jpg
required check ------------------------->  false
requested_plain_url ==>    /Document/CHJ5Ba.jpeg
multimedia[(multimedia.length - 1)]jpeg
required check ------------------------->  false
requested_plain_url ==>    /Document/6NmoiN.jpeg
multimedia[(multimedia.length - 1)]jpeg
required check ------------------------->  false
requested_plain_url ==>    /Document/noGUZs.jpg
multimedia[(multimedia.length - 1)]jpg
required check ------------------------->  false
requested_plain_url ==>    /Document/wnnLiO.jpeg
multimedia[(multimedia.length - 1)]jpeg
required check ------------------------->  false
requested_plain_url ==>    /Document/13NAMS.jpg
multimedia[(multimedia.length - 1)]jpg
required check ------------------------->  false
requested_plain_url ==>    /Document/v4PPi9.jpg
multimedia[(multimedia.length - 1)]jpg
required check ------------------------->  false
requested_plain_url ==>    /Document/UDsFjB.jpg
multimedia[(multimedia.length - 1)]jpg
required check ------------------------->  false
requested_plain_url ==>    /Document/beRGRU.png
multimedia[(multimedia.length - 1)]png
required check ------------------------->  false
requested_plain_url ==>    /Employee/employeeByPg
required check ------------------------->  false
requested_plain_url ==>    /null
required check ------------------------->  false
requested_plain_url ==>    /Employee/getViewEmployeeDetailsById
required check ------------------------->  false
getApplication sql ===>  select 
                        c.*
                    from employee_master as c 
                    where 
                        c.id= 3
                    limit 1
requested_plain_url ==>    /Document/getDocumentById
required check ------------------------->  false
getDocument sql ===>  select 
                        c.*
                    from document_master as c 
                    where 
                        c.employee_id= 3
                    limit 1
requested_plain_url ==>    /Employee/employeeByPg
required check ------------------------->  false
requested_plain_url ==>    /Application/getAdvertiserAppHitCount
required check ------------------------->  false
getAdvertiserAppHitCount sql 
  select 
                        am.id,
                        am.name,
                        am.icon,
                        am.banner,
                        am.package,
                        (select count(id) from application_hit_count where request_id = am.id) as total_count,
                        (select count(id) from application_hit_count where request_id = am.id and cast(create_date as date) = '2020-02-22') as today_count
                    from application_master as am
                    where am.user_id = '38' 
                    group by am.id
                    order by am.name asc
Delete  SocketId:ei70xDoNceXFmuBwAAAZ
requested_plain_url ==>    /Application/getAdvertiserAppHitCount
required check ------------------------->  false
getAdvertiserAppHitCount sql 
  select 
                        am.id,
                        am.name,
                        am.icon,
                        am.banner,
                        am.package,
                        (select count(id) from application_hit_count where request_id = am.id) as total_count,
                        (select count(id) from application_hit_count where request_id = am.id and cast(create_date as date) = '2020-02-22') as today_count
                    from application_master as am
                    where am.user_id = '38' 
                    group by am.id
                    order by am.name asc
requested_plain_url ==>    /User/wddUpq.jpeg
multimedia[(multimedia.length - 1)]jpeg
required check ------------------------->  false
requested_plain_url ==>    /Employee/employeeByPg
required check ------------------------->  false
requested_plain_url ==>    /Employee/employeeByPg
required check ------------------------->  false
requested_plain_url ==>    /Employee/getEmployee
required check ------------------------->  false
getEmployee sql ===>  select 
                        c.*
                    from employee_master as c 
                    where 
                        c.id= 35
                    limit 1
requested_plain_url ==>    /Employee/yjYXXK.jpeg
multimedia[(multimedia.length - 1)]jpeg
required check ------------------------->  false
Delete  SocketId:k0Yr4gBV-Xm0ORjZAAAa
requested_plain_url ==>    /User/wddUpq.jpeg
multimedia[(multimedia.length - 1)]jpeg
required check ------------------------->  false
requested_plain_url ==>    /Employee/getEmployee
required check ------------------------->  false
getEmployee sql ===>  select 
                        c.*
                    from employee_master as c 
                    where 
                        c.id= 35
                    limit 1
requested_plain_url ==>    /Employee/yjYXXK.jpeg
multimedia[(multimedia.length - 1)]jpeg
required check ------------------------->  false
Delete  SocketId:DYGSJCmH_TVcvfNkAAAb
requested_plain_url ==>    /User/wddUpq.jpeg
multimedia[(multimedia.length - 1)]jpeg
required check ------------------------->  false
requested_plain_url ==>    /Employee/getEmployee
required check ------------------------->  false
getEmployee sql ===>  select 
                        c.*
                    from employee_master as c 
                    where 
                        c.id= 35
                    limit 1
requested_plain_url ==>    /Employee/yjYXXK.jpeg
multimedia[(multimedia.length - 1)]jpeg
required check ------------------------->  false
Delete  SocketId:9qzF9IoTDoddmL_JAAAc
requested_plain_url ==>    /User/wddUpq.jpeg
multimedia[(multimedia.length - 1)]jpeg
required check ------------------------->  false
requested_plain_url ==>    /Employee/getEmployee
required check ------------------------->  false
getEmployee sql ===>  select 
                        c.*
                    from employee_master as c 
                    where 
                        c.id= 35
                    limit 1
requested_plain_url ==>    /Employee/yjYXXK.jpeg
multimedia[(multimedia.length - 1)]jpeg
required check ------------------------->  false
Delete  SocketId:Ay2z4UX5d6knFGNuAAAd
requested_plain_url ==>    /User/wddUpq.jpeg
multimedia[(multimedia.length - 1)]jpeg
required check ------------------------->  false
requested_plain_url ==>    /Employee/getEmployee
required check ------------------------->  false
getEmployee sql ===>  select 
                        c.*
                    from employee_master as c 
                    where 
                        c.id= 35
                    limit 1
requested_plain_url ==>    /Employee/yjYXXK.jpeg
multimedia[(multimedia.length - 1)]jpeg
required check ------------------------->  false
Delete  SocketId:DwBZ6XWxaMSaYIPIAAAe
requested_plain_url ==>    /User/wddUpq.jpeg
multimedia[(multimedia.length - 1)]jpeg
required check ------------------------->  false
requested_plain_url ==>    /Employee/getEmployee
required check ------------------------->  false
getEmployee sql ===>  select 
                        c.*
                    from employee_master as c 
                    where 
                        c.id= 35
                    limit 1
requested_plain_url ==>    /Employee/yjYXXK.jpeg
multimedia[(multimedia.length - 1)]jpeg
required check ------------------------->  false
Delete  SocketId:g60ceJf7oealpoGDAAAf
requested_plain_url ==>    /User/wddUpq.jpeg
multimedia[(multimedia.length - 1)]jpeg
required check ------------------------->  false
requested_plain_url ==>    /Employee/getEmployee
required check ------------------------->  false
getEmployee sql ===>  select 
                        c.*
                    from employee_master as c 
                    where 
                        c.id= 35
                    limit 1
requested_plain_url ==>    /Employee/yjYXXK.jpeg
multimedia[(multimedia.length - 1)]jpeg
required check ------------------------->  false
Delete  SocketId:7anfGj06bKtq9z0hAAAg
requested_plain_url ==>    /User/wddUpq.jpeg
multimedia[(multimedia.length - 1)]jpeg
required check ------------------------->  false
requested_plain_url ==>    /Employee/getEmployee
required check ------------------------->  false
getEmployee sql ===>  select 
                        c.*
                    from employee_master as c 
                    where 
                        c.id= 35
                    limit 1
requested_plain_url ==>    /Employee/yjYXXK.jpeg
multimedia[(multimedia.length - 1)]jpeg
required check ------------------------->  false
